[0.102s] DEBUG:colcon:Command line arguments: ['/usr/bin/colcon', 'build']
[0.102s] DEBUG:colcon:Parsed command line arguments: Namespace(log_base=None, log_level=None, verb_name='build', build_base='build', install_base='install', merge_install=False, symlink_install=False, test_result_base=None, continue_on_error=False, executor='parallel', parallel_workers=16, event_handlers=None, ignore_user_meta=False, metas=['./colcon.meta'], base_paths=['.'], packages_ignore=None, packages_ignore_regex=None, paths=None, packages_up_to=None, packages_up_to_regex=None, packages_above=None, packages_above_and_dependencies=None, packages_above_depth=None, packages_select_by_dep=None, packages_skip_by_dep=None, packages_skip_up_to=None, packages_select_build_failed=False, packages_skip_build_finished=False, packages_select_test_failures=False, packages_skip_test_passed=False, packages_select=None, packages_skip=None, packages_select_regex=None, packages_skip_regex=None, packages_start=None, packages_end=None, allow_overriding=[], cmake_args=None, cmake_target=None, cmake_target_skip_unavailable=False, cmake_clean_cache=False, cmake_clean_first=False, cmake_force_configure=False, ament_cmake_args=None, catkin_cmake_args=None, catkin_skip_building_tests=False, verb_parser=<colcon_defaults.argument_parser.defaults.DefaultArgumentsDecorator object at 0x73eb6b2d6800>, verb_extension=<colcon_core.verb.build.BuildVerb object at 0x73eb6b41c250>, main=<bound method BuildVerb.main of <colcon_core.verb.build.BuildVerb object at 0x73eb6b41c250>>)
[0.271s] Level 1:colcon.colcon_core.package_discovery:discover_packages(colcon_meta) check parameters
[0.271s] Level 1:colcon.colcon_core.package_discovery:discover_packages(recursive) check parameters
[0.271s] Level 1:colcon.colcon_core.package_discovery:discover_packages(ignore) check parameters
[0.271s] Level 1:colcon.colcon_core.package_discovery:discover_packages(path) check parameters
[0.271s] Level 1:colcon.colcon_core.package_discovery:discover_packages(colcon_meta) discover
[0.271s] Level 1:colcon.colcon_core.package_discovery:discover_packages(recursive) discover
[0.271s] INFO:colcon.colcon_core.package_discovery:Crawling recursively for packages in '/home/thien123/ROS2WS/HWI'
[0.271s] Level 1:colcon.colcon_core.package_identification:_identify(.) by extensions ['ignore', 'ignore_ament_install']
[0.271s] Level 1:colcon.colcon_core.package_identification:_identify(.) by extension 'ignore'
[0.271s] Level 1:colcon.colcon_core.package_identification:_identify(.) by extension 'ignore_ament_install'
[0.272s] Level 1:colcon.colcon_core.package_identification:_identify(.) by extensions ['colcon_pkg']
[0.272s] Level 1:colcon.colcon_core.package_identification:_identify(.) by extension 'colcon_pkg'
[0.272s] Level 1:colcon.colcon_core.package_identification:_identify(.) by extensions ['colcon_meta']
[0.272s] Level 1:colcon.colcon_core.package_identification:_identify(.) by extension 'colcon_meta'
[0.272s] Level 1:colcon.colcon_core.package_identification:_identify(.) by extensions ['ros']
[0.272s] Level 1:colcon.colcon_core.package_identification:_identify(.) by extension 'ros'
[0.282s] Level 1:colcon.colcon_core.package_identification:_identify(.) by extensions ['cmake', 'python']
[0.282s] Level 1:colcon.colcon_core.package_identification:_identify(.) by extension 'cmake'
[0.282s] Level 1:colcon.colcon_core.package_identification:_identify(.) by extension 'python'
[0.282s] Level 1:colcon.colcon_core.package_identification:_identify(.) by extensions ['python_setup_py']
[0.282s] Level 1:colcon.colcon_core.package_identification:_identify(.) by extension 'python_setup_py'
[0.282s] Level 1:colcon.colcon_core.package_identification:_identify(build) by extensions ['ignore', 'ignore_ament_install']
[0.282s] Level 1:colcon.colcon_core.package_identification:_identify(build) by extension 'ignore'
[0.282s] Level 1:colcon.colcon_core.package_identification:_identify(build) ignored
[0.283s] Level 1:colcon.colcon_core.package_identification:_identify(install) by extensions ['ignore', 'ignore_ament_install']
[0.283s] Level 1:colcon.colcon_core.package_identification:_identify(install) by extension 'ignore'
[0.283s] Level 1:colcon.colcon_core.package_identification:_identify(install) ignored
[0.283s] Level 1:colcon.colcon_core.package_identification:_identify(log) by extensions ['ignore', 'ignore_ament_install']
[0.283s] Level 1:colcon.colcon_core.package_identification:_identify(log) by extension 'ignore'
[0.283s] Level 1:colcon.colcon_core.package_identification:_identify(log) ignored
[0.283s] Level 1:colcon.colcon_core.package_identification:_identify(src) by extensions ['ignore', 'ignore_ament_install']
[0.283s] Level 1:colcon.colcon_core.package_identification:_identify(src) by extension 'ignore'
[0.283s] Level 1:colcon.colcon_core.package_identification:_identify(src) by extension 'ignore_ament_install'
[0.283s] Level 1:colcon.colcon_core.package_identification:_identify(src) by extensions ['colcon_pkg']
[0.283s] Level 1:colcon.colcon_core.package_identification:_identify(src) by extension 'colcon_pkg'
[0.283s] Level 1:colcon.colcon_core.package_identification:_identify(src) by extensions ['colcon_meta']
[0.283s] Level 1:colcon.colcon_core.package_identification:_identify(src) by extension 'colcon_meta'
[0.283s] Level 1:colcon.colcon_core.package_identification:_identify(src) by extensions ['ros']
[0.283s] Level 1:colcon.colcon_core.package_identification:_identify(src) by extension 'ros'
[0.283s] Level 1:colcon.colcon_core.package_identification:_identify(src) by extensions ['cmake', 'python']
[0.283s] Level 1:colcon.colcon_core.package_identification:_identify(src) by extension 'cmake'
[0.284s] Level 1:colcon.colcon_core.package_identification:_identify(src) by extension 'python'
[0.284s] Level 1:colcon.colcon_core.package_identification:_identify(src) by extensions ['python_setup_py']
[0.284s] Level 1:colcon.colcon_core.package_identification:_identify(src) by extension 'python_setup_py'
[0.284s] Level 1:colcon.colcon_core.package_identification:_identify(src/bkr_robot_interface) by extensions ['ignore', 'ignore_ament_install']
[0.284s] Level 1:colcon.colcon_core.package_identification:_identify(src/bkr_robot_interface) by extension 'ignore'
[0.284s] Level 1:colcon.colcon_core.package_identification:_identify(src/bkr_robot_interface) by extension 'ignore_ament_install'
[0.284s] Level 1:colcon.colcon_core.package_identification:_identify(src/bkr_robot_interface) by extensions ['colcon_pkg']
[0.284s] Level 1:colcon.colcon_core.package_identification:_identify(src/bkr_robot_interface) by extension 'colcon_pkg'
[0.284s] Level 1:colcon.colcon_core.package_identification:_identify(src/bkr_robot_interface) by extensions ['colcon_meta']
[0.284s] Level 1:colcon.colcon_core.package_identification:_identify(src/bkr_robot_interface) by extension 'colcon_meta'
[0.284s] Level 1:colcon.colcon_core.package_identification:_identify(src/bkr_robot_interface) by extensions ['ros']
[0.284s] Level 1:colcon.colcon_core.package_identification:_identify(src/bkr_robot_interface) by extension 'ros'
[0.286s] DEBUG:colcon.colcon_core.package_identification:Package 'src/bkr_robot_interface' with type 'ros.ament_cmake' and name 'bkr_robot_interface'
[0.286s] Level 1:colcon.colcon_core.package_identification:_identify(src/bkrobotics_hardware_interface) by extensions ['ignore', 'ignore_ament_install']
[0.286s] Level 1:colcon.colcon_core.package_identification:_identify(src/bkrobotics_hardware_interface) by extension 'ignore'
[0.286s] Level 1:colcon.colcon_core.package_identification:_identify(src/bkrobotics_hardware_interface) by extension 'ignore_ament_install'
[0.286s] Level 1:colcon.colcon_core.package_identification:_identify(src/bkrobotics_hardware_interface) by extensions ['colcon_pkg']
[0.286s] Level 1:colcon.colcon_core.package_identification:_identify(src/bkrobotics_hardware_interface) by extension 'colcon_pkg'
[0.287s] Level 1:colcon.colcon_core.package_identification:_identify(src/bkrobotics_hardware_interface) by extensions ['colcon_meta']
[0.287s] Level 1:colcon.colcon_core.package_identification:_identify(src/bkrobotics_hardware_interface) by extension 'colcon_meta'
[0.287s] Level 1:colcon.colcon_core.package_identification:_identify(src/bkrobotics_hardware_interface) by extensions ['ros']
[0.287s] Level 1:colcon.colcon_core.package_identification:_identify(src/bkrobotics_hardware_interface) by extension 'ros'
[0.288s] DEBUG:colcon.colcon_core.package_identification:Package 'src/bkrobotics_hardware_interface' with type 'ros.ament_cmake' and name 'bkrobotics_hardware_interface'
[0.288s] Level 1:colcon.colcon_core.package_identification:_identify(src/my_diff_drive_controller) by extensions ['ignore', 'ignore_ament_install']
[0.288s] Level 1:colcon.colcon_core.package_identification:_identify(src/my_diff_drive_controller) by extension 'ignore'
[0.288s] Level 1:colcon.colcon_core.package_identification:_identify(src/my_diff_drive_controller) by extension 'ignore_ament_install'
[0.288s] Level 1:colcon.colcon_core.package_identification:_identify(src/my_diff_drive_controller) by extensions ['colcon_pkg']
[0.288s] Level 1:colcon.colcon_core.package_identification:_identify(src/my_diff_drive_controller) by extension 'colcon_pkg'
[0.288s] Level 1:colcon.colcon_core.package_identification:_identify(src/my_diff_drive_controller) by extensions ['colcon_meta']
[0.288s] Level 1:colcon.colcon_core.package_identification:_identify(src/my_diff_drive_controller) by extension 'colcon_meta'
[0.288s] Level 1:colcon.colcon_core.package_identification:_identify(src/my_diff_drive_controller) by extensions ['ros']
[0.288s] Level 1:colcon.colcon_core.package_identification:_identify(src/my_diff_drive_controller) by extension 'ros'
[0.288s] Level 1:colcon.colcon_core.package_identification:_identify(src/my_diff_drive_controller) by extensions ['cmake', 'python']
[0.288s] Level 1:colcon.colcon_core.package_identification:_identify(src/my_diff_drive_controller) by extension 'cmake'
[0.288s] Level 1:colcon.colcon_core.package_identification:_identify(src/my_diff_drive_controller) by extension 'python'
[0.288s] Level 1:colcon.colcon_core.package_identification:_identify(src/my_diff_drive_controller) by extensions ['python_setup_py']
[0.288s] Level 1:colcon.colcon_core.package_identification:_identify(src/my_diff_drive_controller) by extension 'python_setup_py'
[0.289s] Level 1:colcon.colcon_core.package_identification:_identify(src/my_diff_drive_controller/config) by extensions ['ignore', 'ignore_ament_install']
[0.289s] Level 1:colcon.colcon_core.package_identification:_identify(src/my_diff_drive_controller/config) by extension 'ignore'
[0.289s] Level 1:colcon.colcon_core.package_identification:_identify(src/my_diff_drive_controller/config) by extension 'ignore_ament_install'
[0.289s] Level 1:colcon.colcon_core.package_identification:_identify(src/my_diff_drive_controller/config) by extensions ['colcon_pkg']
[0.289s] Level 1:colcon.colcon_core.package_identification:_identify(src/my_diff_drive_controller/config) by extension 'colcon_pkg'
[0.289s] Level 1:colcon.colcon_core.package_identification:_identify(src/my_diff_drive_controller/config) by extensions ['colcon_meta']
[0.289s] Level 1:colcon.colcon_core.package_identification:_identify(src/my_diff_drive_controller/config) by extension 'colcon_meta'
[0.289s] Level 1:colcon.colcon_core.package_identification:_identify(src/my_diff_drive_controller/config) by extensions ['ros']
[0.289s] Level 1:colcon.colcon_core.package_identification:_identify(src/my_diff_drive_controller/config) by extension 'ros'
[0.289s] Level 1:colcon.colcon_core.package_identification:_identify(src/my_diff_drive_controller/config) by extensions ['cmake', 'python']
[0.289s] Level 1:colcon.colcon_core.package_identification:_identify(src/my_diff_drive_controller/config) by extension 'cmake'
[0.289s] Level 1:colcon.colcon_core.package_identification:_identify(src/my_diff_drive_controller/config) by extension 'python'
[0.289s] Level 1:colcon.colcon_core.package_identification:_identify(src/my_diff_drive_controller/config) by extensions ['python_setup_py']
[0.289s] Level 1:colcon.colcon_core.package_identification:_identify(src/my_diff_drive_controller/config) by extension 'python_setup_py'
[0.289s] Level 1:colcon.colcon_core.package_discovery:discover_packages(recursive) using defaults
[0.289s] Level 1:colcon.colcon_core.package_discovery:discover_packages(ignore) discover
[0.289s] Level 1:colcon.colcon_core.package_discovery:discover_packages(ignore) using defaults
[0.289s] Level 1:colcon.colcon_core.package_discovery:discover_packages(path) discover
[0.289s] Level 1:colcon.colcon_core.package_discovery:discover_packages(path) using defaults
[0.314s] Level 1:colcon.colcon_core.package_discovery:discover_packages(prefix_path) check parameters
[0.314s] Level 1:colcon.colcon_core.package_discovery:discover_packages(prefix_path) discover
[0.316s] DEBUG:colcon.colcon_installed_package_information.package_discovery:Found 2 installed packages in /home/thien123/ROS2WS/HWI/install
[0.317s] DEBUG:colcon.colcon_installed_package_information.package_discovery:Found 4 installed packages in /home/thien123/ROS2WS/naiscorp_ws/install
[0.318s] DEBUG:colcon.colcon_installed_package_information.package_discovery:Found 230 installed packages in /opt/ros/humble
[0.319s] Level 1:colcon.colcon_core.package_discovery:discover_packages(prefix_path) using defaults
[0.345s] Level 5:colcon.colcon_core.verb:set package 'bkr_robot_interface' build argument 'cmake_args' from command line to 'None'
[0.345s] Level 5:colcon.colcon_core.verb:set package 'bkr_robot_interface' build argument 'cmake_target' from command line to 'None'
[0.345s] Level 5:colcon.colcon_core.verb:set package 'bkr_robot_interface' build argument 'cmake_target_skip_unavailable' from command line to 'False'
[0.345s] Level 5:colcon.colcon_core.verb:set package 'bkr_robot_interface' build argument 'cmake_clean_cache' from command line to 'False'
[0.345s] Level 5:colcon.colcon_core.verb:set package 'bkr_robot_interface' build argument 'cmake_clean_first' from command line to 'False'
[0.345s] Level 5:colcon.colcon_core.verb:set package 'bkr_robot_interface' build argument 'cmake_force_configure' from command line to 'False'
[0.345s] Level 5:colcon.colcon_core.verb:set package 'bkr_robot_interface' build argument 'ament_cmake_args' from command line to 'None'
[0.345s] Level 5:colcon.colcon_core.verb:set package 'bkr_robot_interface' build argument 'catkin_cmake_args' from command line to 'None'
[0.345s] Level 5:colcon.colcon_core.verb:set package 'bkr_robot_interface' build argument 'catkin_skip_building_tests' from command line to 'False'
[0.345s] DEBUG:colcon.colcon_core.verb:Building package 'bkr_robot_interface' with the following arguments: {'ament_cmake_args': None, 'build_base': '/home/thien123/ROS2WS/HWI/build/bkr_robot_interface', 'catkin_cmake_args': None, 'catkin_skip_building_tests': False, 'cmake_args': None, 'cmake_clean_cache': False, 'cmake_clean_first': False, 'cmake_force_configure': False, 'cmake_target': None, 'cmake_target_skip_unavailable': False, 'install_base': '/home/thien123/ROS2WS/HWI/install/bkr_robot_interface', 'merge_install': False, 'path': '/home/thien123/ROS2WS/HWI/src/bkr_robot_interface', 'symlink_install': False, 'test_result_base': None}
[0.346s] Level 5:colcon.colcon_core.verb:set package 'bkrobotics_hardware_interface' build argument 'cmake_args' from command line to 'None'
[0.346s] Level 5:colcon.colcon_core.verb:set package 'bkrobotics_hardware_interface' build argument 'cmake_target' from command line to 'None'
[0.346s] Level 5:colcon.colcon_core.verb:set package 'bkrobotics_hardware_interface' build argument 'cmake_target_skip_unavailable' from command line to 'False'
[0.346s] Level 5:colcon.colcon_core.verb:set package 'bkrobotics_hardware_interface' build argument 'cmake_clean_cache' from command line to 'False'
[0.346s] Level 5:colcon.colcon_core.verb:set package 'bkrobotics_hardware_interface' build argument 'cmake_clean_first' from command line to 'False'
[0.346s] Level 5:colcon.colcon_core.verb:set package 'bkrobotics_hardware_interface' build argument 'cmake_force_configure' from command line to 'False'
[0.346s] Level 5:colcon.colcon_core.verb:set package 'bkrobotics_hardware_interface' build argument 'ament_cmake_args' from command line to 'None'
[0.346s] Level 5:colcon.colcon_core.verb:set package 'bkrobotics_hardware_interface' build argument 'catkin_cmake_args' from command line to 'None'
[0.346s] Level 5:colcon.colcon_core.verb:set package 'bkrobotics_hardware_interface' build argument 'catkin_skip_building_tests' from command line to 'False'
[0.346s] DEBUG:colcon.colcon_core.verb:Building package 'bkrobotics_hardware_interface' with the following arguments: {'ament_cmake_args': None, 'build_base': '/home/thien123/ROS2WS/HWI/build/bkrobotics_hardware_interface', 'catkin_cmake_args': None, 'catkin_skip_building_tests': False, 'cmake_args': None, 'cmake_clean_cache': False, 'cmake_clean_first': False, 'cmake_force_configure': False, 'cmake_target': None, 'cmake_target_skip_unavailable': False, 'install_base': '/home/thien123/ROS2WS/HWI/install/bkrobotics_hardware_interface', 'merge_install': False, 'path': '/home/thien123/ROS2WS/HWI/src/bkrobotics_hardware_interface', 'symlink_install': False, 'test_result_base': None}
[0.346s] INFO:colcon.colcon_core.executor:Executing jobs using 'parallel' executor
[0.347s] DEBUG:colcon.colcon_parallel_executor.executor.parallel:run_until_complete
[0.347s] INFO:colcon.colcon_ros.task.ament_cmake.build:Building ROS package in '/home/thien123/ROS2WS/HWI/src/bkr_robot_interface' with build type 'ament_cmake'
[0.347s] INFO:colcon.colcon_cmake.task.cmake.build:Building CMake package in '/home/thien123/ROS2WS/HWI/src/bkr_robot_interface'
[0.349s] INFO:colcon.colcon_core.plugin_system:Skipping extension 'colcon_core.shell.bat': Not used on non-Windows systems
[0.349s] INFO:colcon.colcon_core.shell:Skip shell extension 'powershell' for command environment: Not usable outside of PowerShell
[0.349s] DEBUG:colcon.colcon_core.shell:Skip shell extension 'dsv' for command environment
[0.357s] DEBUG:colcon.colcon_core.event_handler.log_command:Invoking command in '/home/thien123/ROS2WS/HWI/build/bkr_robot_interface': CMAKE_PREFIX_PATH=${CMAKE_PREFIX_PATH}:/opt/ros/humble /usr/bin/cmake --build /home/thien123/ROS2WS/HWI/build/bkr_robot_interface -- -j16 -l16
[0.675s] DEBUG:colcon.colcon_core.event_handler.log_command:Invoked command in '/home/thien123/ROS2WS/HWI/build/bkr_robot_interface' returned '0': CMAKE_PREFIX_PATH=${CMAKE_PREFIX_PATH}:/opt/ros/humble /usr/bin/cmake --build /home/thien123/ROS2WS/HWI/build/bkr_robot_interface -- -j16 -l16
[0.683s] DEBUG:colcon.colcon_core.event_handler.log_command:Invoking command in '/home/thien123/ROS2WS/HWI/build/bkr_robot_interface': CMAKE_PREFIX_PATH=${CMAKE_PREFIX_PATH}:/opt/ros/humble /usr/bin/cmake --install /home/thien123/ROS2WS/HWI/build/bkr_robot_interface
[0.732s] Level 1:colcon.colcon_core.environment:create_environment_scripts_only(bkr_robot_interface)
[0.733s] DEBUG:colcon.colcon_core.event_handler.log_command:Invoked command in '/home/thien123/ROS2WS/HWI/build/bkr_robot_interface' returned '0': CMAKE_PREFIX_PATH=${CMAKE_PREFIX_PATH}:/opt/ros/humble /usr/bin/cmake --install /home/thien123/ROS2WS/HWI/build/bkr_robot_interface
[0.735s] Level 1:colcon.colcon_core.environment:checking '/home/thien123/ROS2WS/HWI/install/bkr_robot_interface' for CMake module files
[0.735s] Level 1:colcon.colcon_core.environment:checking '/home/thien123/ROS2WS/HWI/install/bkr_robot_interface' for CMake config files
[0.736s] Level 1:colcon.colcon_core.shell:create_environment_hook('bkr_robot_interface', 'cmake_prefix_path')
[0.736s] INFO:colcon.colcon_core.shell:Creating environment hook '/home/thien123/ROS2WS/HWI/install/bkr_robot_interface/share/bkr_robot_interface/hook/cmake_prefix_path.ps1'
[0.737s] INFO:colcon.colcon_core.shell:Creating environment descriptor '/home/thien123/ROS2WS/HWI/install/bkr_robot_interface/share/bkr_robot_interface/hook/cmake_prefix_path.dsv'
[0.737s] INFO:colcon.colcon_core.shell:Creating environment hook '/home/thien123/ROS2WS/HWI/install/bkr_robot_interface/share/bkr_robot_interface/hook/cmake_prefix_path.sh'
[0.738s] Level 1:colcon.colcon_core.environment:checking '/home/thien123/ROS2WS/HWI/install/bkr_robot_interface/lib'
[0.738s] Level 1:colcon.colcon_core.shell:create_environment_hook('bkr_robot_interface', 'ld_library_path_lib')
[0.738s] INFO:colcon.colcon_core.shell:Creating environment hook '/home/thien123/ROS2WS/HWI/install/bkr_robot_interface/share/bkr_robot_interface/hook/ld_library_path_lib.ps1'
[0.739s] INFO:colcon.colcon_core.shell:Creating environment descriptor '/home/thien123/ROS2WS/HWI/install/bkr_robot_interface/share/bkr_robot_interface/hook/ld_library_path_lib.dsv'
[0.739s] INFO:colcon.colcon_core.shell:Creating environment hook '/home/thien123/ROS2WS/HWI/install/bkr_robot_interface/share/bkr_robot_interface/hook/ld_library_path_lib.sh'
[0.739s] Level 1:colcon.colcon_core.environment:checking '/home/thien123/ROS2WS/HWI/install/bkr_robot_interface/bin'
[0.739s] Level 1:colcon.colcon_core.environment:checking '/home/thien123/ROS2WS/HWI/install/bkr_robot_interface/lib/pkgconfig/bkr_robot_interface.pc'
[0.740s] Level 1:colcon.colcon_core.environment:checking '/home/thien123/ROS2WS/HWI/install/bkr_robot_interface/lib/python3.10/site-packages'
[0.740s] Level 1:colcon.colcon_core.environment:checking '/home/thien123/ROS2WS/HWI/install/bkr_robot_interface/bin'
[0.740s] INFO:colcon.colcon_core.shell:Creating package script '/home/thien123/ROS2WS/HWI/install/bkr_robot_interface/share/bkr_robot_interface/package.ps1'
[0.741s] INFO:colcon.colcon_core.shell:Creating package descriptor '/home/thien123/ROS2WS/HWI/install/bkr_robot_interface/share/bkr_robot_interface/package.dsv'
[0.741s] INFO:colcon.colcon_core.shell:Creating package script '/home/thien123/ROS2WS/HWI/install/bkr_robot_interface/share/bkr_robot_interface/package.sh'
[0.742s] INFO:colcon.colcon_core.shell:Creating package script '/home/thien123/ROS2WS/HWI/install/bkr_robot_interface/share/bkr_robot_interface/package.bash'
[0.743s] INFO:colcon.colcon_core.shell:Creating package script '/home/thien123/ROS2WS/HWI/install/bkr_robot_interface/share/bkr_robot_interface/package.zsh'
[0.744s] Level 1:colcon.colcon_core.environment:create_file_with_runtime_dependencies(/home/thien123/ROS2WS/HWI/install/bkr_robot_interface/share/colcon-core/packages/bkr_robot_interface)
[0.744s] Level 1:colcon.colcon_core.environment:create_environment_scripts_only(bkr_robot_interface)
[0.744s] Level 1:colcon.colcon_core.environment:checking '/home/thien123/ROS2WS/HWI/install/bkr_robot_interface' for CMake module files
[0.745s] Level 1:colcon.colcon_core.environment:checking '/home/thien123/ROS2WS/HWI/install/bkr_robot_interface' for CMake config files
[0.745s] Level 1:colcon.colcon_core.shell:create_environment_hook('bkr_robot_interface', 'cmake_prefix_path')
[0.746s] INFO:colcon.colcon_core.shell:Creating environment hook '/home/thien123/ROS2WS/HWI/install/bkr_robot_interface/share/bkr_robot_interface/hook/cmake_prefix_path.ps1'
[0.746s] INFO:colcon.colcon_core.shell:Creating environment descriptor '/home/thien123/ROS2WS/HWI/install/bkr_robot_interface/share/bkr_robot_interface/hook/cmake_prefix_path.dsv'
[0.746s] INFO:colcon.colcon_core.shell:Creating environment hook '/home/thien123/ROS2WS/HWI/install/bkr_robot_interface/share/bkr_robot_interface/hook/cmake_prefix_path.sh'
[0.747s] Level 1:colcon.colcon_core.environment:checking '/home/thien123/ROS2WS/HWI/install/bkr_robot_interface/lib'
[0.747s] Level 1:colcon.colcon_core.shell:create_environment_hook('bkr_robot_interface', 'ld_library_path_lib')
[0.747s] INFO:colcon.colcon_core.shell:Creating environment hook '/home/thien123/ROS2WS/HWI/install/bkr_robot_interface/share/bkr_robot_interface/hook/ld_library_path_lib.ps1'
[0.747s] INFO:colcon.colcon_core.shell:Creating environment descriptor '/home/thien123/ROS2WS/HWI/install/bkr_robot_interface/share/bkr_robot_interface/hook/ld_library_path_lib.dsv'
[0.748s] INFO:colcon.colcon_core.shell:Creating environment hook '/home/thien123/ROS2WS/HWI/install/bkr_robot_interface/share/bkr_robot_interface/hook/ld_library_path_lib.sh'
[0.748s] Level 1:colcon.colcon_core.environment:checking '/home/thien123/ROS2WS/HWI/install/bkr_robot_interface/bin'
[0.748s] Level 1:colcon.colcon_core.environment:checking '/home/thien123/ROS2WS/HWI/install/bkr_robot_interface/lib/pkgconfig/bkr_robot_interface.pc'
[0.748s] Level 1:colcon.colcon_core.environment:checking '/home/thien123/ROS2WS/HWI/install/bkr_robot_interface/lib/python3.10/site-packages'
[0.749s] Level 1:colcon.colcon_core.environment:checking '/home/thien123/ROS2WS/HWI/install/bkr_robot_interface/bin'
[0.749s] INFO:colcon.colcon_core.shell:Creating package script '/home/thien123/ROS2WS/HWI/install/bkr_robot_interface/share/bkr_robot_interface/package.ps1'
[0.749s] INFO:colcon.colcon_core.shell:Creating package descriptor '/home/thien123/ROS2WS/HWI/install/bkr_robot_interface/share/bkr_robot_interface/package.dsv'
[0.750s] INFO:colcon.colcon_core.shell:Creating package script '/home/thien123/ROS2WS/HWI/install/bkr_robot_interface/share/bkr_robot_interface/package.sh'
[0.750s] INFO:colcon.colcon_core.shell:Creating package script '/home/thien123/ROS2WS/HWI/install/bkr_robot_interface/share/bkr_robot_interface/package.bash'
[0.751s] INFO:colcon.colcon_core.shell:Creating package script '/home/thien123/ROS2WS/HWI/install/bkr_robot_interface/share/bkr_robot_interface/package.zsh'
[0.751s] Level 1:colcon.colcon_core.environment:create_file_with_runtime_dependencies(/home/thien123/ROS2WS/HWI/install/bkr_robot_interface/share/colcon-core/packages/bkr_robot_interface)
[0.751s] INFO:colcon.colcon_ros.task.ament_cmake.build:Building ROS package in '/home/thien123/ROS2WS/HWI/src/bkrobotics_hardware_interface' with build type 'ament_cmake'
[0.752s] INFO:colcon.colcon_cmake.task.cmake.build:Building CMake package in '/home/thien123/ROS2WS/HWI/src/bkrobotics_hardware_interface'
[0.752s] INFO:colcon.colcon_core.shell:Skip shell extension 'powershell' for command environment: Not usable outside of PowerShell
[0.752s] DEBUG:colcon.colcon_core.shell:Skip shell extension 'dsv' for command environment
[0.761s] DEBUG:colcon.colcon_core.event_handler.log_command:Invoking command in '/home/thien123/ROS2WS/HWI/build/bkrobotics_hardware_interface': CMAKE_PREFIX_PATH=/home/thien123/ROS2WS/HWI/install/bkr_robot_interface:/home/thien123/ROS2WS/HWI/install/bkrobotics_hardware_interface:/home/thien123/ROS2WS/naiscorp_ws/install/bkrobotics_hardware_interface:/home/thien123/ROS2WS/naiscorp_ws/install/robot_description:/home/thien123/ROS2WS/naiscorp_ws/install/naiscorp_hardware_interface:/home/thien123/ROS2WS/naiscorp_ws/install/bkr_robot_interface:/opt/ros/humble LD_LIBRARY_PATH=/home/thien123/ROS2WS/HWI/install/bkr_robot_interface/lib:/home/thien123/ROS2WS/HWI/install/bkrobotics_hardware_interface/lib:/home/thien123/ROS2WS/naiscorp_ws/install/bkrobotics_hardware_interface/lib:/home/thien123/ROS2WS/naiscorp_ws/install/naiscorp_hardware_interface/lib:/home/thien123/ROS2WS/naiscorp_ws/install/bkr_robot_interface/lib:/usr/lib/x86_64-linux-gnu/gazebo-11/plugins:/opt/ros/humble/opt/rviz_ogre_vendor/lib:/opt/ros/humble/lib/x86_64-linux-gnu:/opt/ros/humble/lib /usr/bin/cmake --build /home/thien123/ROS2WS/HWI/build/bkrobotics_hardware_interface -- -j16 -l16
[0.822s] DEBUG:colcon.colcon_core.event_handler.log_command:Invoked command in '/home/thien123/ROS2WS/HWI/build/bkrobotics_hardware_interface' returned '0': CMAKE_PREFIX_PATH=/home/thien123/ROS2WS/HWI/install/bkr_robot_interface:/home/thien123/ROS2WS/HWI/install/bkrobotics_hardware_interface:/home/thien123/ROS2WS/naiscorp_ws/install/bkrobotics_hardware_interface:/home/thien123/ROS2WS/naiscorp_ws/install/robot_description:/home/thien123/ROS2WS/naiscorp_ws/install/naiscorp_hardware_interface:/home/thien123/ROS2WS/naiscorp_ws/install/bkr_robot_interface:/opt/ros/humble LD_LIBRARY_PATH=/home/thien123/ROS2WS/HWI/install/bkr_robot_interface/lib:/home/thien123/ROS2WS/HWI/install/bkrobotics_hardware_interface/lib:/home/thien123/ROS2WS/naiscorp_ws/install/bkrobotics_hardware_interface/lib:/home/thien123/ROS2WS/naiscorp_ws/install/naiscorp_hardware_interface/lib:/home/thien123/ROS2WS/naiscorp_ws/install/bkr_robot_interface/lib:/usr/lib/x86_64-linux-gnu/gazebo-11/plugins:/opt/ros/humble/opt/rviz_ogre_vendor/lib:/opt/ros/humble/lib/x86_64-linux-gnu:/opt/ros/humble/lib /usr/bin/cmake --build /home/thien123/ROS2WS/HWI/build/bkrobotics_hardware_interface -- -j16 -l16
[0.823s] DEBUG:colcon.colcon_core.event_handler.log_command:Invoking command in '/home/thien123/ROS2WS/HWI/build/bkrobotics_hardware_interface': CMAKE_PREFIX_PATH=/home/thien123/ROS2WS/HWI/install/bkr_robot_interface:/home/thien123/ROS2WS/HWI/install/bkrobotics_hardware_interface:/home/thien123/ROS2WS/naiscorp_ws/install/bkrobotics_hardware_interface:/home/thien123/ROS2WS/naiscorp_ws/install/robot_description:/home/thien123/ROS2WS/naiscorp_ws/install/naiscorp_hardware_interface:/home/thien123/ROS2WS/naiscorp_ws/install/bkr_robot_interface:/opt/ros/humble LD_LIBRARY_PATH=/home/thien123/ROS2WS/HWI/install/bkr_robot_interface/lib:/home/thien123/ROS2WS/HWI/install/bkrobotics_hardware_interface/lib:/home/thien123/ROS2WS/naiscorp_ws/install/bkrobotics_hardware_interface/lib:/home/thien123/ROS2WS/naiscorp_ws/install/naiscorp_hardware_interface/lib:/home/thien123/ROS2WS/naiscorp_ws/install/bkr_robot_interface/lib:/usr/lib/x86_64-linux-gnu/gazebo-11/plugins:/opt/ros/humble/opt/rviz_ogre_vendor/lib:/opt/ros/humble/lib/x86_64-linux-gnu:/opt/ros/humble/lib /usr/bin/cmake --install /home/thien123/ROS2WS/HWI/build/bkrobotics_hardware_interface
[0.832s] Level 1:colcon.colcon_core.environment:create_environment_scripts_only(bkrobotics_hardware_interface)
[0.833s] Level 1:colcon.colcon_core.environment:checking '/home/thien123/ROS2WS/HWI/install/bkrobotics_hardware_interface' for CMake module files
[0.834s] Level 1:colcon.colcon_core.environment:checking '/home/thien123/ROS2WS/HWI/install/bkrobotics_hardware_interface' for CMake config files
[0.835s] DEBUG:colcon.colcon_core.event_handler.log_command:Invoked command in '/home/thien123/ROS2WS/HWI/build/bkrobotics_hardware_interface' returned '0': CMAKE_PREFIX_PATH=/home/thien123/ROS2WS/HWI/install/bkr_robot_interface:/home/thien123/ROS2WS/HWI/install/bkrobotics_hardware_interface:/home/thien123/ROS2WS/naiscorp_ws/install/bkrobotics_hardware_interface:/home/thien123/ROS2WS/naiscorp_ws/install/robot_description:/home/thien123/ROS2WS/naiscorp_ws/install/naiscorp_hardware_interface:/home/thien123/ROS2WS/naiscorp_ws/install/bkr_robot_interface:/opt/ros/humble LD_LIBRARY_PATH=/home/thien123/ROS2WS/HWI/install/bkr_robot_interface/lib:/home/thien123/ROS2WS/HWI/install/bkrobotics_hardware_interface/lib:/home/thien123/ROS2WS/naiscorp_ws/install/bkrobotics_hardware_interface/lib:/home/thien123/ROS2WS/naiscorp_ws/install/naiscorp_hardware_interface/lib:/home/thien123/ROS2WS/naiscorp_ws/install/bkr_robot_interface/lib:/usr/lib/x86_64-linux-gnu/gazebo-11/plugins:/opt/ros/humble/opt/rviz_ogre_vendor/lib:/opt/ros/humble/lib/x86_64-linux-gnu:/opt/ros/humble/lib /usr/bin/cmake --install /home/thien123/ROS2WS/HWI/build/bkrobotics_hardware_interface
[0.835s] Level 1:colcon.colcon_core.shell:create_environment_hook('bkrobotics_hardware_interface', 'cmake_prefix_path')
[0.835s] INFO:colcon.colcon_core.shell:Creating environment hook '/home/thien123/ROS2WS/HWI/install/bkrobotics_hardware_interface/share/bkrobotics_hardware_interface/hook/cmake_prefix_path.ps1'
[0.835s] INFO:colcon.colcon_core.shell:Creating environment descriptor '/home/thien123/ROS2WS/HWI/install/bkrobotics_hardware_interface/share/bkrobotics_hardware_interface/hook/cmake_prefix_path.dsv'
[0.836s] INFO:colcon.colcon_core.shell:Creating environment hook '/home/thien123/ROS2WS/HWI/install/bkrobotics_hardware_interface/share/bkrobotics_hardware_interface/hook/cmake_prefix_path.sh'
[0.836s] Level 1:colcon.colcon_core.environment:checking '/home/thien123/ROS2WS/HWI/install/bkrobotics_hardware_interface/lib'
[0.836s] Level 1:colcon.colcon_core.shell:create_environment_hook('bkrobotics_hardware_interface', 'ld_library_path_lib')
[0.836s] INFO:colcon.colcon_core.shell:Creating environment hook '/home/thien123/ROS2WS/HWI/install/bkrobotics_hardware_interface/share/bkrobotics_hardware_interface/hook/ld_library_path_lib.ps1'
[0.837s] INFO:colcon.colcon_core.shell:Creating environment descriptor '/home/thien123/ROS2WS/HWI/install/bkrobotics_hardware_interface/share/bkrobotics_hardware_interface/hook/ld_library_path_lib.dsv'
[0.837s] INFO:colcon.colcon_core.shell:Creating environment hook '/home/thien123/ROS2WS/HWI/install/bkrobotics_hardware_interface/share/bkrobotics_hardware_interface/hook/ld_library_path_lib.sh'
[0.838s] Level 1:colcon.colcon_core.environment:checking '/home/thien123/ROS2WS/HWI/install/bkrobotics_hardware_interface/bin'
[0.838s] Level 1:colcon.colcon_core.environment:checking '/home/thien123/ROS2WS/HWI/install/bkrobotics_hardware_interface/lib/pkgconfig/bkrobotics_hardware_interface.pc'
[0.838s] Level 1:colcon.colcon_core.environment:checking '/home/thien123/ROS2WS/HWI/install/bkrobotics_hardware_interface/lib/python3.10/site-packages'
[0.838s] Level 1:colcon.colcon_core.environment:checking '/home/thien123/ROS2WS/HWI/install/bkrobotics_hardware_interface/bin'
[0.838s] INFO:colcon.colcon_core.shell:Creating package script '/home/thien123/ROS2WS/HWI/install/bkrobotics_hardware_interface/share/bkrobotics_hardware_interface/package.ps1'
[0.839s] INFO:colcon.colcon_core.shell:Creating package descriptor '/home/thien123/ROS2WS/HWI/install/bkrobotics_hardware_interface/share/bkrobotics_hardware_interface/package.dsv'
[0.839s] INFO:colcon.colcon_core.shell:Creating package script '/home/thien123/ROS2WS/HWI/install/bkrobotics_hardware_interface/share/bkrobotics_hardware_interface/package.sh'
[0.840s] INFO:colcon.colcon_core.shell:Creating package script '/home/thien123/ROS2WS/HWI/install/bkrobotics_hardware_interface/share/bkrobotics_hardware_interface/package.bash'
[0.840s] INFO:colcon.colcon_core.shell:Creating package script '/home/thien123/ROS2WS/HWI/install/bkrobotics_hardware_interface/share/bkrobotics_hardware_interface/package.zsh'
[0.840s] Level 1:colcon.colcon_core.environment:create_file_with_runtime_dependencies(/home/thien123/ROS2WS/HWI/install/bkrobotics_hardware_interface/share/colcon-core/packages/bkrobotics_hardware_interface)
[0.841s] Level 1:colcon.colcon_core.environment:create_environment_scripts_only(bkrobotics_hardware_interface)
[0.841s] Level 1:colcon.colcon_core.environment:checking '/home/thien123/ROS2WS/HWI/install/bkrobotics_hardware_interface' for CMake module files
[0.841s] Level 1:colcon.colcon_core.environment:checking '/home/thien123/ROS2WS/HWI/install/bkrobotics_hardware_interface' for CMake config files
[0.842s] Level 1:colcon.colcon_core.shell:create_environment_hook('bkrobotics_hardware_interface', 'cmake_prefix_path')
[0.842s] INFO:colcon.colcon_core.shell:Creating environment hook '/home/thien123/ROS2WS/HWI/install/bkrobotics_hardware_interface/share/bkrobotics_hardware_interface/hook/cmake_prefix_path.ps1'
[0.842s] INFO:colcon.colcon_core.shell:Creating environment descriptor '/home/thien123/ROS2WS/HWI/install/bkrobotics_hardware_interface/share/bkrobotics_hardware_interface/hook/cmake_prefix_path.dsv'
[0.842s] INFO:colcon.colcon_core.shell:Creating environment hook '/home/thien123/ROS2WS/HWI/install/bkrobotics_hardware_interface/share/bkrobotics_hardware_interface/hook/cmake_prefix_path.sh'
[0.843s] Level 1:colcon.colcon_core.environment:checking '/home/thien123/ROS2WS/HWI/install/bkrobotics_hardware_interface/lib'
[0.843s] Level 1:colcon.colcon_core.shell:create_environment_hook('bkrobotics_hardware_interface', 'ld_library_path_lib')
[0.843s] INFO:colcon.colcon_core.shell:Creating environment hook '/home/thien123/ROS2WS/HWI/install/bkrobotics_hardware_interface/share/bkrobotics_hardware_interface/hook/ld_library_path_lib.ps1'
[0.843s] INFO:colcon.colcon_core.shell:Creating environment descriptor '/home/thien123/ROS2WS/HWI/install/bkrobotics_hardware_interface/share/bkrobotics_hardware_interface/hook/ld_library_path_lib.dsv'
[0.844s] INFO:colcon.colcon_core.shell:Creating environment hook '/home/thien123/ROS2WS/HWI/install/bkrobotics_hardware_interface/share/bkrobotics_hardware_interface/hook/ld_library_path_lib.sh'
[0.844s] Level 1:colcon.colcon_core.environment:checking '/home/thien123/ROS2WS/HWI/install/bkrobotics_hardware_interface/bin'
[0.844s] Level 1:colcon.colcon_core.environment:checking '/home/thien123/ROS2WS/HWI/install/bkrobotics_hardware_interface/lib/pkgconfig/bkrobotics_hardware_interface.pc'
[0.844s] Level 1:colcon.colcon_core.environment:checking '/home/thien123/ROS2WS/HWI/install/bkrobotics_hardware_interface/lib/python3.10/site-packages'
[0.845s] Level 1:colcon.colcon_core.environment:checking '/home/thien123/ROS2WS/HWI/install/bkrobotics_hardware_interface/bin'
[0.845s] INFO:colcon.colcon_core.shell:Creating package script '/home/thien123/ROS2WS/HWI/install/bkrobotics_hardware_interface/share/bkrobotics_hardware_interface/package.ps1'
[0.845s] INFO:colcon.colcon_core.shell:Creating package descriptor '/home/thien123/ROS2WS/HWI/install/bkrobotics_hardware_interface/share/bkrobotics_hardware_interface/package.dsv'
[0.846s] INFO:colcon.colcon_core.shell:Creating package script '/home/thien123/ROS2WS/HWI/install/bkrobotics_hardware_interface/share/bkrobotics_hardware_interface/package.sh'
[0.846s] INFO:colcon.colcon_core.shell:Creating package script '/home/thien123/ROS2WS/HWI/install/bkrobotics_hardware_interface/share/bkrobotics_hardware_interface/package.bash'
[0.847s] INFO:colcon.colcon_core.shell:Creating package script '/home/thien123/ROS2WS/HWI/install/bkrobotics_hardware_interface/share/bkrobotics_hardware_interface/package.zsh'
[0.847s] Level 1:colcon.colcon_core.environment:create_file_with_runtime_dependencies(/home/thien123/ROS2WS/HWI/install/bkrobotics_hardware_interface/share/colcon-core/packages/bkrobotics_hardware_interface)
[0.848s] DEBUG:colcon.colcon_parallel_executor.executor.parallel:closing loop
[0.848s] DEBUG:colcon.colcon_parallel_executor.executor.parallel:loop closed
[0.848s] DEBUG:colcon.colcon_parallel_executor.executor.parallel:run_until_complete finished with '0'
[0.848s] DEBUG:colcon.colcon_core.event_reactor:joining thread
[0.852s] INFO:colcon.colcon_core.plugin_system:Skipping extension 'colcon_notification.desktop_notification.terminal_notifier': Not used on non-Darwin systems
[0.852s] INFO:colcon.colcon_core.plugin_system:Skipping extension 'colcon_notification.desktop_notification.win32': Not used on non-Windows systems
[0.852s] INFO:colcon.colcon_notification.desktop_notification:Sending desktop notification using 'notify2'
[0.862s] DEBUG:colcon.colcon_core.event_reactor:joined thread
[0.863s] INFO:colcon.colcon_core.shell:Creating prefix script '/home/thien123/ROS2WS/HWI/install/local_setup.ps1'
[0.864s] INFO:colcon.colcon_core.shell:Creating prefix util module '/home/thien123/ROS2WS/HWI/install/_local_setup_util_ps1.py'
[0.865s] INFO:colcon.colcon_core.shell:Creating prefix chain script '/home/thien123/ROS2WS/HWI/install/setup.ps1'
[0.866s] INFO:colcon.colcon_core.shell:Creating prefix script '/home/thien123/ROS2WS/HWI/install/local_setup.sh'
[0.867s] INFO:colcon.colcon_core.shell:Creating prefix util module '/home/thien123/ROS2WS/HWI/install/_local_setup_util_sh.py'
[0.867s] INFO:colcon.colcon_core.shell:Creating prefix chain script '/home/thien123/ROS2WS/HWI/install/setup.sh'
[0.869s] INFO:colcon.colcon_core.shell:Creating prefix script '/home/thien123/ROS2WS/HWI/install/local_setup.bash'
[0.869s] INFO:colcon.colcon_core.shell:Creating prefix chain script '/home/thien123/ROS2WS/HWI/install/setup.bash'
[0.870s] INFO:colcon.colcon_core.shell:Creating prefix script '/home/thien123/ROS2WS/HWI/install/local_setup.zsh'
[0.871s] INFO:colcon.colcon_core.shell:Creating prefix chain script '/home/thien123/ROS2WS/HWI/install/setup.zsh'
