-- The C compiler identification is GNU 11.4.0
-- The CXX compiler identification is GNU 11.4.0
-- Detecting C compiler ABI info
-- Detecting C compiler ABI info - done
-- Check for working C compiler: /usr/bin/cc - skipped
-- Detecting C compile features
-- Detecting C compile features - done
-- Detecting CXX compiler ABI info
-- Detecting CXX compiler ABI info - done
-- Check for working CXX compiler: /usr/bin/c++ - skipped
-- Detecting CXX compile features
-- Detecting CXX compile features - done
-- Found ament_cmake: 1.3.12 (/opt/ros/humble/share/ament_cmake/cmake)
-- Found Python3: /usr/bin/python3 (found version "3.10.12") found components: Interpreter 
-- Found hardware_interface: 2.52.0 (/opt/ros/humble/share/hardware_interface/cmake)
-- Found rosidl_generator_c: 3.1.7 (/opt/ros/humble/share/rosidl_generator_c/cmake)
-- Found rosidl_adapter: 3.1.7 (/opt/ros/humble/share/rosidl_adapter/cmake)
-- Found rosidl_generator_cpp: 3.1.7 (/opt/ros/humble/share/rosidl_generator_cpp/cmake)
-- Using all available rosidl_typesupport_c: rosidl_typesupport_fastrtps_c;rosidl_typesupport_introspection_c
-- Using all available rosidl_typesupport_cpp: rosidl_typesupport_fastrtps_cpp;rosidl_typesupport_introspection_cpp
-- Found rmw_implementation_cmake: 6.1.2 (/opt/ros/humble/share/rmw_implementation_cmake/cmake)
-- Found rmw_fastrtps_cpp: 6.2.9 (/opt/ros/humble/share/rmw_fastrtps_cpp/cmake)
-- Found TinyXML2 via Config file: TinyXML2_DIR-NOTFOUND
-- Found OpenSSL: /usr/lib/x86_64-linux-gnu/libcrypto.so (found version "3.0.2")  
-- Found TinyXML2 via Config file: TinyXML2_DIR-NOTFOUND
-- Found FastRTPS: /opt/ros/humble/include  
-- Found TinyXML2 via Config file: TinyXML2_DIR-NOTFOUND
-- Found TinyXML2 via Config file: TinyXML2_DIR-NOTFOUND
-- Using RMW implementation 'rmw_fastrtps_cpp' as default
-- Looking for pthread.h
-- Looking for pthread.h - found
-- Performing Test CMAKE_HAVE_LIBC_PTHREAD
-- Performing Test CMAKE_HAVE_LIBC_PTHREAD - Success
-- Found Threads: TRUE  
-- Found PkgConfig: /usr/bin/pkg-config (found version "0.29.2") 
-- Found bkr_robot_interface: 0.0.0 (/home/thien123/ROS2WS/HWI/install/bkr_robot_interface/share/bkr_robot_interface/cmake)
-- Found ament_lint_auto: 0.12.14 (/opt/ros/humble/share/ament_lint_auto/cmake)
-- Configuring done
-- Generating done
-- Build files have been written to: /home/thien123/ROS2WS/HWI/build/bkrobotics_hardware_interface
[ 75%] [32mBuilding CXX object CMakeFiles/bkrobotics_hardware_interface.dir/src/can_comm.cpp.o[0m
[ 75%] [32mBuilding CXX object CMakeFiles/bkrobotics_hardware_interface.dir/src/diffbot_system.cpp.o[0m
[ 75%] [32mBuilding CXX object CMakeFiles/bkrobotics_hardware_interface.dir/src/odrive_motor.cpp.o[0m
[100%] [32m[1mLinking CXX shared library libbkrobotics_hardware_interface.so[0m
[100%] Built target bkrobotics_hardware_interface
-- Install configuration: ""
-- Installing: /home/thien123/ROS2WS/HWI/install/bkrobotics_hardware_interface/lib/libbkrobotics_hardware_interface.so
-- Set runtime path of "/home/thien123/ROS2WS/HWI/install/bkrobotics_hardware_interface/lib/libbkrobotics_hardware_interface.so" to ""
-- Installing: /home/thien123/ROS2WS/HWI/install/bkrobotics_hardware_interface/include
-- Installing: /home/thien123/ROS2WS/HWI/install/bkrobotics_hardware_interface/include/bkrobotics_hardware_interface
-- Installing: /home/thien123/ROS2WS/HWI/install/bkrobotics_hardware_interface/include/bkrobotics_hardware_interface/wheel.hpp
-- Installing: /home/thien123/ROS2WS/HWI/install/bkrobotics_hardware_interface/include/bkrobotics_hardware_interface/constant.h
-- Installing: /home/thien123/ROS2WS/HWI/install/bkrobotics_hardware_interface/include/bkrobotics_hardware_interface/visibility_control.h
-- Installing: /home/thien123/ROS2WS/HWI/install/bkrobotics_hardware_interface/include/bkrobotics_hardware_interface/odrive_motor.hpp
-- Installing: /home/thien123/ROS2WS/HWI/install/bkrobotics_hardware_interface/include/bkrobotics_hardware_interface/can_comm.hpp
-- Installing: /home/thien123/ROS2WS/HWI/install/bkrobotics_hardware_interface/include/bkrobotics_hardware_interface/diffbot_system.hpp
-- Installing: /home/thien123/ROS2WS/HWI/install/bkrobotics_hardware_interface/share/bkrobotics_hardware_interface//bring_up
-- Installing: /home/thien123/ROS2WS/HWI/install/bkrobotics_hardware_interface/share/bkrobotics_hardware_interface//bring_up/launch
-- Installing: /home/thien123/ROS2WS/HWI/install/bkrobotics_hardware_interface/share/bkrobotics_hardware_interface//bring_up/launch/bkr_robot.launch.py
-- Installing: /home/thien123/ROS2WS/HWI/install/bkrobotics_hardware_interface/share/bkrobotics_hardware_interface//bring_up/rviz2
-- Installing: /home/thien123/ROS2WS/HWI/install/bkrobotics_hardware_interface/share/bkrobotics_hardware_interface//bring_up/rviz2/config.rviz
-- Installing: /home/thien123/ROS2WS/HWI/install/bkrobotics_hardware_interface/share/bkrobotics_hardware_interface//bring_up/mesh
-- Installing: /home/thien123/ROS2WS/HWI/install/bkrobotics_hardware_interface/share/bkrobotics_hardware_interface//bring_up/mesh/my_robot.sdf
-- Installing: /home/thien123/ROS2WS/HWI/install/bkrobotics_hardware_interface/share/bkrobotics_hardware_interface//bring_up/mesh/sensors
-- Installing: /home/thien123/ROS2WS/HWI/install/bkrobotics_hardware_interface/share/bkrobotics_hardware_interface//bring_up/mesh/sensors/astra.jpg
-- Installing: /home/thien123/ROS2WS/HWI/install/bkrobotics_hardware_interface/share/bkrobotics_hardware_interface//bring_up/mesh/sensors/r200.jpg
-- Installing: /home/thien123/ROS2WS/HWI/install/bkrobotics_hardware_interface/share/bkrobotics_hardware_interface//bring_up/mesh/sensors/astra.dae
-- Installing: /home/thien123/ROS2WS/HWI/install/bkrobotics_hardware_interface/share/bkrobotics_hardware_interface//bring_up/mesh/sensors/r200.dae
-- Installing: /home/thien123/ROS2WS/HWI/install/bkrobotics_hardware_interface/share/bkrobotics_hardware_interface//bring_up/mesh/sensors/lds.stl
-- Installing: /home/thien123/ROS2WS/HWI/install/bkrobotics_hardware_interface/share/bkrobotics_hardware_interface//bring_up/mesh/model.sdf
-- Installing: /home/thien123/ROS2WS/HWI/install/bkrobotics_hardware_interface/share/bkrobotics_hardware_interface//bring_up/mesh/bases
-- Installing: /home/thien123/ROS2WS/HWI/install/bkrobotics_hardware_interface/share/bkrobotics_hardware_interface//bring_up/mesh/bases/burger_base.stl
-- Installing: /home/thien123/ROS2WS/HWI/install/bkrobotics_hardware_interface/share/bkrobotics_hardware_interface//bring_up/mesh/bases/base_link.stl
-- Installing: /home/thien123/ROS2WS/HWI/install/bkrobotics_hardware_interface/share/bkrobotics_hardware_interface//bring_up/mesh/bases/waffle_base.stl
-- Installing: /home/thien123/ROS2WS/HWI/install/bkrobotics_hardware_interface/share/bkrobotics_hardware_interface//bring_up/mesh/bases/waffle_pi_base.stl
-- Installing: /home/thien123/ROS2WS/HWI/install/bkrobotics_hardware_interface/share/bkrobotics_hardware_interface//bring_up/urdf
-- Installing: /home/thien123/ROS2WS/HWI/install/bkrobotics_hardware_interface/share/bkrobotics_hardware_interface//bring_up/urdf/my_robot_hwi.urdf
-- Installing: /home/thien123/ROS2WS/HWI/install/bkrobotics_hardware_interface/share/bkrobotics_hardware_interface//config
-- Installing: /home/thien123/ROS2WS/HWI/install/bkrobotics_hardware_interface/share/bkrobotics_hardware_interface//config/diff_drive.yaml
-- Installing: /home/thien123/ROS2WS/HWI/install/bkrobotics_hardware_interface/share/bkrobotics_hardware_interface/bkrobotics_hardware_interface.xml
-- Installing: /home/thien123/ROS2WS/HWI/install/bkrobotics_hardware_interface/share/bkrobotics_hardware_interface/environment/library_path.sh
-- Installing: /home/thien123/ROS2WS/HWI/install/bkrobotics_hardware_interface/share/bkrobotics_hardware_interface/environment/library_path.dsv
-- Installing: /home/thien123/ROS2WS/HWI/install/bkrobotics_hardware_interface/share/ament_index/resource_index/package_run_dependencies/bkrobotics_hardware_interface
-- Installing: /home/thien123/ROS2WS/HWI/install/bkrobotics_hardware_interface/share/ament_index/resource_index/parent_prefix_path/bkrobotics_hardware_interface
-- Installing: /home/thien123/ROS2WS/HWI/install/bkrobotics_hardware_interface/share/bkrobotics_hardware_interface/environment/ament_prefix_path.sh
-- Installing: /home/thien123/ROS2WS/HWI/install/bkrobotics_hardware_interface/share/bkrobotics_hardware_interface/environment/ament_prefix_path.dsv
-- Installing: /home/thien123/ROS2WS/HWI/install/bkrobotics_hardware_interface/share/bkrobotics_hardware_interface/environment/path.sh
-- Installing: /home/thien123/ROS2WS/HWI/install/bkrobotics_hardware_interface/share/bkrobotics_hardware_interface/environment/path.dsv
-- Installing: /home/thien123/ROS2WS/HWI/install/bkrobotics_hardware_interface/share/bkrobotics_hardware_interface/local_setup.bash
-- Installing: /home/thien123/ROS2WS/HWI/install/bkrobotics_hardware_interface/share/bkrobotics_hardware_interface/local_setup.sh
-- Installing: /home/thien123/ROS2WS/HWI/install/bkrobotics_hardware_interface/share/bkrobotics_hardware_interface/local_setup.zsh
-- Installing: /home/thien123/ROS2WS/HWI/install/bkrobotics_hardware_interface/share/bkrobotics_hardware_interface/local_setup.dsv
-- Installing: /home/thien123/ROS2WS/HWI/install/bkrobotics_hardware_interface/share/bkrobotics_hardware_interface/package.dsv
-- Installing: /home/thien123/ROS2WS/HWI/install/bkrobotics_hardware_interface/share/ament_index/resource_index/packages/bkrobotics_hardware_interface
-- Installing: /home/thien123/ROS2WS/HWI/install/bkrobotics_hardware_interface/share/ament_index/resource_index/hardware_interface__pluginlib__plugin/bkrobotics_hardware_interface
-- Installing: /home/thien123/ROS2WS/HWI/install/bkrobotics_hardware_interface/share/bkrobotics_hardware_interface/cmake/ament_cmake_export_include_directories-extras.cmake
-- Installing: /home/thien123/ROS2WS/HWI/install/bkrobotics_hardware_interface/share/bkrobotics_hardware_interface/cmake/ament_cmake_export_libraries-extras.cmake
-- Installing: /home/thien123/ROS2WS/HWI/install/bkrobotics_hardware_interface/share/bkrobotics_hardware_interface/cmake/ament_cmake_export_dependencies-extras.cmake
-- Installing: /home/thien123/ROS2WS/HWI/install/bkrobotics_hardware_interface/share/bkrobotics_hardware_interface/cmake/bkrobotics_hardware_interfaceConfig.cmake
-- Installing: /home/thien123/ROS2WS/HWI/install/bkrobotics_hardware_interface/share/bkrobotics_hardware_interface/cmake/bkrobotics_hardware_interfaceConfig-version.cmake
-- Installing: /home/thien123/ROS2WS/HWI/install/bkrobotics_hardware_interface/share/bkrobotics_hardware_interface/package.xml
