[0.008s] Invoking command in '/home/thien123/ROS2WS/HWI/build/bkrobotics_hardware_interface': CMAKE_PREFIX_PATH=/home/thien123/ROS2WS/HWI/install/bkr_robot_interface:/home/thien123/ROS2WS/HWI/install/bkrobotics_hardware_interface:/home/thien123/ROS2WS/naiscorp_ws/install/bkrobotics_hardware_interface:/home/thien123/ROS2WS/naiscorp_ws/install/robot_description:/home/thien123/ROS2WS/naiscorp_ws/install/naiscorp_hardware_interface:/home/thien123/ROS2WS/naiscorp_ws/install/bkr_robot_interface:/opt/ros/humble LD_LIBRARY_PATH=/home/thien123/ROS2WS/HWI/install/bkr_robot_interface/lib:/home/thien123/ROS2WS/HWI/install/bkrobotics_hardware_interface/lib:/home/thien123/ROS2WS/naiscorp_ws/install/bkrobotics_hardware_interface/lib:/home/thien123/ROS2WS/naiscorp_ws/install/naiscorp_hardware_interface/lib:/home/thien123/ROS2WS/naiscorp_ws/install/bkr_robot_interface/lib:/usr/lib/x86_64-linux-gnu/gazebo-11/plugins:/opt/ros/humble/opt/rviz_ogre_vendor/lib:/opt/ros/humble/lib/x86_64-linux-gnu:/opt/ros/humble/lib /usr/bin/cmake /home/thien123/ROS2WS/HWI/src/bkrobotics_hardware_interface -DCMAKE_INSTALL_PREFIX=/home/thien123/ROS2WS/HWI/install/bkrobotics_hardware_interface
[0.053s] -- The C compiler identification is GNU 11.4.0
[0.104s] -- The CXX compiler identification is GNU 11.4.0
[0.111s] -- Detecting C compiler ABI info
[0.172s] -- Detecting C compiler ABI info - done
[0.179s] -- Check for working C compiler: /usr/bin/cc - skipped
[0.179s] -- Detecting C compile features
[0.179s] -- Detecting C compile features - done
[0.182s] -- Detecting CXX compiler ABI info
[0.247s] -- Detecting CXX compiler ABI info - done
[0.254s] -- Check for working CXX compiler: /usr/bin/c++ - skipped
[0.255s] -- Detecting CXX compile features
[0.255s] -- Detecting CXX compile features - done
[0.257s] -- Found ament_cmake: 1.3.12 (/opt/ros/humble/share/ament_cmake/cmake)
[0.392s] -- Found Python3: /usr/bin/python3 (found version "3.10.12") found components: Interpreter 
[0.471s] -- Found hardware_interface: 2.52.0 (/opt/ros/humble/share/hardware_interface/cmake)
[0.506s] -- Found rosidl_generator_c: 3.1.7 (/opt/ros/humble/share/rosidl_generator_c/cmake)
[0.510s] -- Found rosidl_adapter: 3.1.7 (/opt/ros/humble/share/rosidl_adapter/cmake)
[0.517s] -- Found rosidl_generator_cpp: 3.1.7 (/opt/ros/humble/share/rosidl_generator_cpp/cmake)
[0.528s] -- Using all available rosidl_typesupport_c: rosidl_typesupport_fastrtps_c;rosidl_typesupport_introspection_c
[0.543s] -- Using all available rosidl_typesupport_cpp: rosidl_typesupport_fastrtps_cpp;rosidl_typesupport_introspection_cpp
[0.732s] -- Found rmw_implementation_cmake: 6.1.2 (/opt/ros/humble/share/rmw_implementation_cmake/cmake)
[0.734s] -- Found rmw_fastrtps_cpp: 6.2.9 (/opt/ros/humble/share/rmw_fastrtps_cpp/cmake)
[0.757s] -- Found TinyXML2 via Config file: TinyXML2_DIR-NOTFOUND
[0.797s] -- Found OpenSSL: /usr/lib/x86_64-linux-gnu/libcrypto.so (found version "3.0.2")  
[0.800s] -- Found TinyXML2 via Config file: TinyXML2_DIR-NOTFOUND
[0.813s] -- Found FastRTPS: /opt/ros/humble/include  
[0.816s] -- Found TinyXML2 via Config file: TinyXML2_DIR-NOTFOUND
[0.823s] -- Found TinyXML2 via Config file: TinyXML2_DIR-NOTFOUND
[0.831s] -- Using RMW implementation 'rmw_fastrtps_cpp' as default
[0.838s] -- Looking for pthread.h
[0.898s] -- Looking for pthread.h - found
[0.899s] -- Performing Test CMAKE_HAVE_LIBC_PTHREAD
[0.983s] -- Performing Test CMAKE_HAVE_LIBC_PTHREAD - Success
[0.984s] -- Found Threads: TRUE  
[1.038s] -- Found PkgConfig: /usr/bin/pkg-config (found version "0.29.2") 
[1.039s] -- Found bkr_robot_interface: 0.0.0 (/home/thien123/ROS2WS/HWI/install/bkr_robot_interface/share/bkr_robot_interface/cmake)
[1.050s] -- Found ament_lint_auto: 0.12.14 (/opt/ros/humble/share/ament_lint_auto/cmake)
[1.112s] -- Configuring done
[1.123s] -- Generating done
[1.127s] -- Build files have been written to: /home/thien123/ROS2WS/HWI/build/bkrobotics_hardware_interface
[1.135s] Invoked command in '/home/thien123/ROS2WS/HWI/build/bkrobotics_hardware_interface' returned '0': CMAKE_PREFIX_PATH=/home/thien123/ROS2WS/HWI/install/bkr_robot_interface:/home/thien123/ROS2WS/HWI/install/bkrobotics_hardware_interface:/home/thien123/ROS2WS/naiscorp_ws/install/bkrobotics_hardware_interface:/home/thien123/ROS2WS/naiscorp_ws/install/robot_description:/home/thien123/ROS2WS/naiscorp_ws/install/naiscorp_hardware_interface:/home/thien123/ROS2WS/naiscorp_ws/install/bkr_robot_interface:/opt/ros/humble LD_LIBRARY_PATH=/home/thien123/ROS2WS/HWI/install/bkr_robot_interface/lib:/home/thien123/ROS2WS/HWI/install/bkrobotics_hardware_interface/lib:/home/thien123/ROS2WS/naiscorp_ws/install/bkrobotics_hardware_interface/lib:/home/thien123/ROS2WS/naiscorp_ws/install/naiscorp_hardware_interface/lib:/home/thien123/ROS2WS/naiscorp_ws/install/bkr_robot_interface/lib:/usr/lib/x86_64-linux-gnu/gazebo-11/plugins:/opt/ros/humble/opt/rviz_ogre_vendor/lib:/opt/ros/humble/lib/x86_64-linux-gnu:/opt/ros/humble/lib /usr/bin/cmake /home/thien123/ROS2WS/HWI/src/bkrobotics_hardware_interface -DCMAKE_INSTALL_PREFIX=/home/thien123/ROS2WS/HWI/install/bkrobotics_hardware_interface
[1.137s] Invoking command in '/home/thien123/ROS2WS/HWI/build/bkrobotics_hardware_interface': CMAKE_PREFIX_PATH=/home/thien123/ROS2WS/HWI/install/bkr_robot_interface:/home/thien123/ROS2WS/HWI/install/bkrobotics_hardware_interface:/home/thien123/ROS2WS/naiscorp_ws/install/bkrobotics_hardware_interface:/home/thien123/ROS2WS/naiscorp_ws/install/robot_description:/home/thien123/ROS2WS/naiscorp_ws/install/naiscorp_hardware_interface:/home/thien123/ROS2WS/naiscorp_ws/install/bkr_robot_interface:/opt/ros/humble LD_LIBRARY_PATH=/home/thien123/ROS2WS/HWI/install/bkr_robot_interface/lib:/home/thien123/ROS2WS/HWI/install/bkrobotics_hardware_interface/lib:/home/thien123/ROS2WS/naiscorp_ws/install/bkrobotics_hardware_interface/lib:/home/thien123/ROS2WS/naiscorp_ws/install/naiscorp_hardware_interface/lib:/home/thien123/ROS2WS/naiscorp_ws/install/bkr_robot_interface/lib:/usr/lib/x86_64-linux-gnu/gazebo-11/plugins:/opt/ros/humble/opt/rviz_ogre_vendor/lib:/opt/ros/humble/lib/x86_64-linux-gnu:/opt/ros/humble/lib /usr/bin/cmake --build /home/thien123/ROS2WS/HWI/build/bkrobotics_hardware_interface -- -j16 -l16
[1.180s] [ 75%] [32mBuilding CXX object CMakeFiles/bkrobotics_hardware_interface.dir/src/can_comm.cpp.o[0m
[1.180s] [ 75%] [32mBuilding CXX object CMakeFiles/bkrobotics_hardware_interface.dir/src/diffbot_system.cpp.o[0m
[1.181s] [ 75%] [32mBuilding CXX object CMakeFiles/bkrobotics_hardware_interface.dir/src/odrive_motor.cpp.o[0m
[4.535s] [100%] [32m[1mLinking CXX shared library libbkrobotics_hardware_interface.so[0m
[4.663s] [100%] Built target bkrobotics_hardware_interface
[4.675s] Invoked command in '/home/thien123/ROS2WS/HWI/build/bkrobotics_hardware_interface' returned '0': CMAKE_PREFIX_PATH=/home/thien123/ROS2WS/HWI/install/bkr_robot_interface:/home/thien123/ROS2WS/HWI/install/bkrobotics_hardware_interface:/home/thien123/ROS2WS/naiscorp_ws/install/bkrobotics_hardware_interface:/home/thien123/ROS2WS/naiscorp_ws/install/robot_description:/home/thien123/ROS2WS/naiscorp_ws/install/naiscorp_hardware_interface:/home/thien123/ROS2WS/naiscorp_ws/install/bkr_robot_interface:/opt/ros/humble LD_LIBRARY_PATH=/home/thien123/ROS2WS/HWI/install/bkr_robot_interface/lib:/home/thien123/ROS2WS/HWI/install/bkrobotics_hardware_interface/lib:/home/thien123/ROS2WS/naiscorp_ws/install/bkrobotics_hardware_interface/lib:/home/thien123/ROS2WS/naiscorp_ws/install/naiscorp_hardware_interface/lib:/home/thien123/ROS2WS/naiscorp_ws/install/bkr_robot_interface/lib:/usr/lib/x86_64-linux-gnu/gazebo-11/plugins:/opt/ros/humble/opt/rviz_ogre_vendor/lib:/opt/ros/humble/lib/x86_64-linux-gnu:/opt/ros/humble/lib /usr/bin/cmake --build /home/thien123/ROS2WS/HWI/build/bkrobotics_hardware_interface -- -j16 -l16
[4.676s] Invoking command in '/home/thien123/ROS2WS/HWI/build/bkrobotics_hardware_interface': CMAKE_PREFIX_PATH=/home/thien123/ROS2WS/HWI/install/bkr_robot_interface:/home/thien123/ROS2WS/HWI/install/bkrobotics_hardware_interface:/home/thien123/ROS2WS/naiscorp_ws/install/bkrobotics_hardware_interface:/home/thien123/ROS2WS/naiscorp_ws/install/robot_description:/home/thien123/ROS2WS/naiscorp_ws/install/naiscorp_hardware_interface:/home/thien123/ROS2WS/naiscorp_ws/install/bkr_robot_interface:/opt/ros/humble LD_LIBRARY_PATH=/home/thien123/ROS2WS/HWI/install/bkr_robot_interface/lib:/home/thien123/ROS2WS/HWI/install/bkrobotics_hardware_interface/lib:/home/thien123/ROS2WS/naiscorp_ws/install/bkrobotics_hardware_interface/lib:/home/thien123/ROS2WS/naiscorp_ws/install/naiscorp_hardware_interface/lib:/home/thien123/ROS2WS/naiscorp_ws/install/bkr_robot_interface/lib:/usr/lib/x86_64-linux-gnu/gazebo-11/plugins:/opt/ros/humble/opt/rviz_ogre_vendor/lib:/opt/ros/humble/lib/x86_64-linux-gnu:/opt/ros/humble/lib /usr/bin/cmake --install /home/thien123/ROS2WS/HWI/build/bkrobotics_hardware_interface
[4.683s] -- Install configuration: ""
[4.683s] -- Installing: /home/thien123/ROS2WS/HWI/install/bkrobotics_hardware_interface/lib/libbkrobotics_hardware_interface.so
[4.684s] -- Set runtime path of "/home/thien123/ROS2WS/HWI/install/bkrobotics_hardware_interface/lib/libbkrobotics_hardware_interface.so" to ""
[4.684s] -- Installing: /home/thien123/ROS2WS/HWI/install/bkrobotics_hardware_interface/include
[4.684s] -- Installing: /home/thien123/ROS2WS/HWI/install/bkrobotics_hardware_interface/include/bkrobotics_hardware_interface
[4.684s] -- Installing: /home/thien123/ROS2WS/HWI/install/bkrobotics_hardware_interface/include/bkrobotics_hardware_interface/wheel.hpp
[4.684s] -- Installing: /home/thien123/ROS2WS/HWI/install/bkrobotics_hardware_interface/include/bkrobotics_hardware_interface/constant.h
[4.685s] -- Installing: /home/thien123/ROS2WS/HWI/install/bkrobotics_hardware_interface/include/bkrobotics_hardware_interface/visibility_control.h
[4.685s] -- Installing: /home/thien123/ROS2WS/HWI/install/bkrobotics_hardware_interface/include/bkrobotics_hardware_interface/odrive_motor.hpp
[4.685s] -- Installing: /home/thien123/ROS2WS/HWI/install/bkrobotics_hardware_interface/include/bkrobotics_hardware_interface/can_comm.hpp
[4.685s] -- Installing: /home/thien123/ROS2WS/HWI/install/bkrobotics_hardware_interface/include/bkrobotics_hardware_interface/diffbot_system.hpp
[4.685s] -- Installing: /home/thien123/ROS2WS/HWI/install/bkrobotics_hardware_interface/share/bkrobotics_hardware_interface//bring_up
[4.685s] -- Installing: /home/thien123/ROS2WS/HWI/install/bkrobotics_hardware_interface/share/bkrobotics_hardware_interface//bring_up/launch
[4.685s] -- Installing: /home/thien123/ROS2WS/HWI/install/bkrobotics_hardware_interface/share/bkrobotics_hardware_interface//bring_up/launch/bkr_robot.launch.py
[4.685s] -- Installing: /home/thien123/ROS2WS/HWI/install/bkrobotics_hardware_interface/share/bkrobotics_hardware_interface//bring_up/rviz2
[4.685s] -- Installing: /home/thien123/ROS2WS/HWI/install/bkrobotics_hardware_interface/share/bkrobotics_hardware_interface//bring_up/rviz2/config.rviz
[4.685s] -- Installing: /home/thien123/ROS2WS/HWI/install/bkrobotics_hardware_interface/share/bkrobotics_hardware_interface//bring_up/mesh
[4.685s] -- Installing: /home/thien123/ROS2WS/HWI/install/bkrobotics_hardware_interface/share/bkrobotics_hardware_interface//bring_up/mesh/my_robot.sdf
[4.685s] -- Installing: /home/thien123/ROS2WS/HWI/install/bkrobotics_hardware_interface/share/bkrobotics_hardware_interface//bring_up/mesh/sensors
[4.685s] -- Installing: /home/thien123/ROS2WS/HWI/install/bkrobotics_hardware_interface/share/bkrobotics_hardware_interface//bring_up/mesh/sensors/astra.jpg
[4.685s] -- Installing: /home/thien123/ROS2WS/HWI/install/bkrobotics_hardware_interface/share/bkrobotics_hardware_interface//bring_up/mesh/sensors/r200.jpg
[4.686s] -- Installing: /home/thien123/ROS2WS/HWI/install/bkrobotics_hardware_interface/share/bkrobotics_hardware_interface//bring_up/mesh/sensors/astra.dae
[4.692s] -- Installing: /home/thien123/ROS2WS/HWI/install/bkrobotics_hardware_interface/share/bkrobotics_hardware_interface//bring_up/mesh/sensors/r200.dae
[4.692s] -- Installing: /home/thien123/ROS2WS/HWI/install/bkrobotics_hardware_interface/share/bkrobotics_hardware_interface//bring_up/mesh/sensors/lds.stl
[4.692s] -- Installing: /home/thien123/ROS2WS/HWI/install/bkrobotics_hardware_interface/share/bkrobotics_hardware_interface//bring_up/mesh/model.sdf
[4.692s] -- Installing: /home/thien123/ROS2WS/HWI/install/bkrobotics_hardware_interface/share/bkrobotics_hardware_interface//bring_up/mesh/bases
[4.693s] -- Installing: /home/thien123/ROS2WS/HWI/install/bkrobotics_hardware_interface/share/bkrobotics_hardware_interface//bring_up/mesh/bases/burger_base.stl
[4.696s] -- Installing: /home/thien123/ROS2WS/HWI/install/bkrobotics_hardware_interface/share/bkrobotics_hardware_interface//bring_up/mesh/bases/base_link.stl
[4.711s] -- Installing: /home/thien123/ROS2WS/HWI/install/bkrobotics_hardware_interface/share/bkrobotics_hardware_interface//bring_up/mesh/bases/waffle_base.stl
[4.721s] -- Installing: /home/thien123/ROS2WS/HWI/install/bkrobotics_hardware_interface/share/bkrobotics_hardware_interface//bring_up/mesh/bases/waffle_pi_base.stl
[4.726s] -- Installing: /home/thien123/ROS2WS/HWI/install/bkrobotics_hardware_interface/share/bkrobotics_hardware_interface//bring_up/urdf
[4.726s] -- Installing: /home/thien123/ROS2WS/HWI/install/bkrobotics_hardware_interface/share/bkrobotics_hardware_interface//bring_up/urdf/my_robot_hwi.urdf
[4.726s] -- Installing: /home/thien123/ROS2WS/HWI/install/bkrobotics_hardware_interface/share/bkrobotics_hardware_interface//config
[4.727s] -- Installing: /home/thien123/ROS2WS/HWI/install/bkrobotics_hardware_interface/share/bkrobotics_hardware_interface//config/diff_drive.yaml
[4.727s] -- Installing: /home/thien123/ROS2WS/HWI/install/bkrobotics_hardware_interface/share/bkrobotics_hardware_interface/bkrobotics_hardware_interface.xml
[4.727s] -- Installing: /home/thien123/ROS2WS/HWI/install/bkrobotics_hardware_interface/share/bkrobotics_hardware_interface/environment/library_path.sh
[4.727s] -- Installing: /home/thien123/ROS2WS/HWI/install/bkrobotics_hardware_interface/share/bkrobotics_hardware_interface/environment/library_path.dsv
[4.727s] -- Installing: /home/thien123/ROS2WS/HWI/install/bkrobotics_hardware_interface/share/ament_index/resource_index/package_run_dependencies/bkrobotics_hardware_interface
[4.727s] -- Installing: /home/thien123/ROS2WS/HWI/install/bkrobotics_hardware_interface/share/ament_index/resource_index/parent_prefix_path/bkrobotics_hardware_interface
[4.727s] -- Installing: /home/thien123/ROS2WS/HWI/install/bkrobotics_hardware_interface/share/bkrobotics_hardware_interface/environment/ament_prefix_path.sh
[4.727s] -- Installing: /home/thien123/ROS2WS/HWI/install/bkrobotics_hardware_interface/share/bkrobotics_hardware_interface/environment/ament_prefix_path.dsv
[4.727s] -- Installing: /home/thien123/ROS2WS/HWI/install/bkrobotics_hardware_interface/share/bkrobotics_hardware_interface/environment/path.sh
[4.727s] -- Installing: /home/thien123/ROS2WS/HWI/install/bkrobotics_hardware_interface/share/bkrobotics_hardware_interface/environment/path.dsv
[4.728s] -- Installing: /home/thien123/ROS2WS/HWI/install/bkrobotics_hardware_interface/share/bkrobotics_hardware_interface/local_setup.bash
[4.728s] -- Installing: /home/thien123/ROS2WS/HWI/install/bkrobotics_hardware_interface/share/bkrobotics_hardware_interface/local_setup.sh
[4.728s] -- Installing: /home/thien123/ROS2WS/HWI/install/bkrobotics_hardware_interface/share/bkrobotics_hardware_interface/local_setup.zsh
[4.728s] -- Installing: /home/thien123/ROS2WS/HWI/install/bkrobotics_hardware_interface/share/bkrobotics_hardware_interface/local_setup.dsv
[4.728s] -- Installing: /home/thien123/ROS2WS/HWI/install/bkrobotics_hardware_interface/share/bkrobotics_hardware_interface/package.dsv
[4.728s] -- Installing: /home/thien123/ROS2WS/HWI/install/bkrobotics_hardware_interface/share/ament_index/resource_index/packages/bkrobotics_hardware_interface
[4.728s] -- Installing: /home/thien123/ROS2WS/HWI/install/bkrobotics_hardware_interface/share/ament_index/resource_index/hardware_interface__pluginlib__plugin/bkrobotics_hardware_interface
[4.728s] -- Installing: /home/thien123/ROS2WS/HWI/install/bkrobotics_hardware_interface/share/bkrobotics_hardware_interface/cmake/ament_cmake_export_include_directories-extras.cmake
[4.728s] -- Installing: /home/thien123/ROS2WS/HWI/install/bkrobotics_hardware_interface/share/bkrobotics_hardware_interface/cmake/ament_cmake_export_libraries-extras.cmake
[4.729s] -- Installing: /home/thien123/ROS2WS/HWI/install/bkrobotics_hardware_interface/share/bkrobotics_hardware_interface/cmake/ament_cmake_export_dependencies-extras.cmake
[4.729s] -- Installing: /home/thien123/ROS2WS/HWI/install/bkrobotics_hardware_interface/share/bkrobotics_hardware_interface/cmake/bkrobotics_hardware_interfaceConfig.cmake
[4.729s] -- Installing: /home/thien123/ROS2WS/HWI/install/bkrobotics_hardware_interface/share/bkrobotics_hardware_interface/cmake/bkrobotics_hardware_interfaceConfig-version.cmake
[4.729s] -- Installing: /home/thien123/ROS2WS/HWI/install/bkrobotics_hardware_interface/share/bkrobotics_hardware_interface/package.xml
[4.730s] Invoked command in '/home/thien123/ROS2WS/HWI/build/bkrobotics_hardware_interface' returned '0': CMAKE_PREFIX_PATH=/home/thien123/ROS2WS/HWI/install/bkr_robot_interface:/home/thien123/ROS2WS/HWI/install/bkrobotics_hardware_interface:/home/thien123/ROS2WS/naiscorp_ws/install/bkrobotics_hardware_interface:/home/thien123/ROS2WS/naiscorp_ws/install/robot_description:/home/thien123/ROS2WS/naiscorp_ws/install/naiscorp_hardware_interface:/home/thien123/ROS2WS/naiscorp_ws/install/bkr_robot_interface:/opt/ros/humble LD_LIBRARY_PATH=/home/thien123/ROS2WS/HWI/install/bkr_robot_interface/lib:/home/thien123/ROS2WS/HWI/install/bkrobotics_hardware_interface/lib:/home/thien123/ROS2WS/naiscorp_ws/install/bkrobotics_hardware_interface/lib:/home/thien123/ROS2WS/naiscorp_ws/install/naiscorp_hardware_interface/lib:/home/thien123/ROS2WS/naiscorp_ws/install/bkr_robot_interface/lib:/usr/lib/x86_64-linux-gnu/gazebo-11/plugins:/opt/ros/humble/opt/rviz_ogre_vendor/lib:/opt/ros/humble/lib/x86_64-linux-gnu:/opt/ros/humble/lib /usr/bin/cmake --install /home/thien123/ROS2WS/HWI/build/bkrobotics_hardware_interface
