[100%] Built target bkrobotics_hardware_interface
-- Install configuration: ""
-- Up-to-date: /home/thien123/ROS2WS/HWI/install/bkrobotics_hardware_interface/lib/libbkrobotics_hardware_interface.so
-- Up-to-date: /home/thien123/ROS2WS/HWI/install/bkrobotics_hardware_interface/include
-- Up-to-date: /home/thien123/ROS2WS/HWI/install/bkrobotics_hardware_interface/include/bkrobotics_hardware_interface
-- Up-to-date: /home/thien123/ROS2WS/HWI/install/bkrobotics_hardware_interface/include/bkrobotics_hardware_interface/wheel.hpp
-- Up-to-date: /home/thien123/ROS2WS/HWI/install/bkrobotics_hardware_interface/include/bkrobotics_hardware_interface/constant.h
-- Up-to-date: /home/thien123/ROS2WS/HWI/install/bkrobotics_hardware_interface/include/bkrobotics_hardware_interface/visibility_control.h
-- Up-to-date: /home/thien123/ROS2WS/HWI/install/bkrobotics_hardware_interface/include/bkrobotics_hardware_interface/odrive_motor.hpp
-- Up-to-date: /home/thien123/ROS2WS/HWI/install/bkrobotics_hardware_interface/include/bkrobotics_hardware_interface/can_comm.hpp
-- Up-to-date: /home/thien123/ROS2WS/HWI/install/bkrobotics_hardware_interface/include/bkrobotics_hardware_interface/diffbot_system.hpp
-- Up-to-date: /home/thien123/ROS2WS/HWI/install/bkrobotics_hardware_interface/share/bkrobotics_hardware_interface//bring_up
-- Up-to-date: /home/thien123/ROS2WS/HWI/install/bkrobotics_hardware_interface/share/bkrobotics_hardware_interface//bring_up/launch
-- Installing: /home/thien123/ROS2WS/HWI/install/bkrobotics_hardware_interface/share/bkrobotics_hardware_interface//bring_up/launch/bkr_robot.launch.py
-- Up-to-date: /home/thien123/ROS2WS/HWI/install/bkrobotics_hardware_interface/share/bkrobotics_hardware_interface//bring_up/rviz2
-- Up-to-date: /home/thien123/ROS2WS/HWI/install/bkrobotics_hardware_interface/share/bkrobotics_hardware_interface//bring_up/rviz2/config.rviz
-- Up-to-date: /home/thien123/ROS2WS/HWI/install/bkrobotics_hardware_interface/share/bkrobotics_hardware_interface//bring_up/mesh
-- Up-to-date: /home/thien123/ROS2WS/HWI/install/bkrobotics_hardware_interface/share/bkrobotics_hardware_interface//bring_up/mesh/my_robot.sdf
-- Up-to-date: /home/thien123/ROS2WS/HWI/install/bkrobotics_hardware_interface/share/bkrobotics_hardware_interface//bring_up/mesh/sensors
-- Up-to-date: /home/thien123/ROS2WS/HWI/install/bkrobotics_hardware_interface/share/bkrobotics_hardware_interface//bring_up/mesh/sensors/astra.jpg
-- Up-to-date: /home/thien123/ROS2WS/HWI/install/bkrobotics_hardware_interface/share/bkrobotics_hardware_interface//bring_up/mesh/sensors/r200.jpg
-- Up-to-date: /home/thien123/ROS2WS/HWI/install/bkrobotics_hardware_interface/share/bkrobotics_hardware_interface//bring_up/mesh/sensors/astra.dae
-- Up-to-date: /home/thien123/ROS2WS/HWI/install/bkrobotics_hardware_interface/share/bkrobotics_hardware_interface//bring_up/mesh/sensors/r200.dae
-- Up-to-date: /home/thien123/ROS2WS/HWI/install/bkrobotics_hardware_interface/share/bkrobotics_hardware_interface//bring_up/mesh/sensors/lds.stl
-- Up-to-date: /home/thien123/ROS2WS/HWI/install/bkrobotics_hardware_interface/share/bkrobotics_hardware_interface//bring_up/mesh/model.sdf
-- Up-to-date: /home/thien123/ROS2WS/HWI/install/bkrobotics_hardware_interface/share/bkrobotics_hardware_interface//bring_up/mesh/bases
-- Up-to-date: /home/thien123/ROS2WS/HWI/install/bkrobotics_hardware_interface/share/bkrobotics_hardware_interface//bring_up/mesh/bases/burger_base.stl
-- Up-to-date: /home/thien123/ROS2WS/HWI/install/bkrobotics_hardware_interface/share/bkrobotics_hardware_interface//bring_up/mesh/bases/base_link.stl
-- Up-to-date: /home/thien123/ROS2WS/HWI/install/bkrobotics_hardware_interface/share/bkrobotics_hardware_interface//bring_up/mesh/bases/waffle_base.stl
-- Up-to-date: /home/thien123/ROS2WS/HWI/install/bkrobotics_hardware_interface/share/bkrobotics_hardware_interface//bring_up/mesh/bases/waffle_pi_base.stl
-- Up-to-date: /home/thien123/ROS2WS/HWI/install/bkrobotics_hardware_interface/share/bkrobotics_hardware_interface//bring_up/urdf
-- Up-to-date: /home/thien123/ROS2WS/HWI/install/bkrobotics_hardware_interface/share/bkrobotics_hardware_interface//bring_up/urdf/my_robot_hwi.urdf
-- Up-to-date: /home/thien123/ROS2WS/HWI/install/bkrobotics_hardware_interface/share/bkrobotics_hardware_interface//config
-- Up-to-date: /home/thien123/ROS2WS/HWI/install/bkrobotics_hardware_interface/share/bkrobotics_hardware_interface//config/diff_drive.yaml
-- Up-to-date: /home/thien123/ROS2WS/HWI/install/bkrobotics_hardware_interface/share/bkrobotics_hardware_interface/bkrobotics_hardware_interface.xml
-- Up-to-date: /home/thien123/ROS2WS/HWI/install/bkrobotics_hardware_interface/share/bkrobotics_hardware_interface/environment/library_path.sh
-- Up-to-date: /home/thien123/ROS2WS/HWI/install/bkrobotics_hardware_interface/share/bkrobotics_hardware_interface/environment/library_path.dsv
-- Up-to-date: /home/thien123/ROS2WS/HWI/install/bkrobotics_hardware_interface/share/ament_index/resource_index/package_run_dependencies/bkrobotics_hardware_interface
-- Up-to-date: /home/thien123/ROS2WS/HWI/install/bkrobotics_hardware_interface/share/ament_index/resource_index/parent_prefix_path/bkrobotics_hardware_interface
-- Up-to-date: /home/thien123/ROS2WS/HWI/install/bkrobotics_hardware_interface/share/bkrobotics_hardware_interface/environment/ament_prefix_path.sh
-- Up-to-date: /home/thien123/ROS2WS/HWI/install/bkrobotics_hardware_interface/share/bkrobotics_hardware_interface/environment/ament_prefix_path.dsv
-- Up-to-date: /home/thien123/ROS2WS/HWI/install/bkrobotics_hardware_interface/share/bkrobotics_hardware_interface/environment/path.sh
-- Up-to-date: /home/thien123/ROS2WS/HWI/install/bkrobotics_hardware_interface/share/bkrobotics_hardware_interface/environment/path.dsv
-- Up-to-date: /home/thien123/ROS2WS/HWI/install/bkrobotics_hardware_interface/share/bkrobotics_hardware_interface/local_setup.bash
-- Up-to-date: /home/thien123/ROS2WS/HWI/install/bkrobotics_hardware_interface/share/bkrobotics_hardware_interface/local_setup.sh
-- Up-to-date: /home/thien123/ROS2WS/HWI/install/bkrobotics_hardware_interface/share/bkrobotics_hardware_interface/local_setup.zsh
-- Up-to-date: /home/thien123/ROS2WS/HWI/install/bkrobotics_hardware_interface/share/bkrobotics_hardware_interface/local_setup.dsv
-- Installing: /home/thien123/ROS2WS/HWI/install/bkrobotics_hardware_interface/share/bkrobotics_hardware_interface/package.dsv
-- Up-to-date: /home/thien123/ROS2WS/HWI/install/bkrobotics_hardware_interface/share/ament_index/resource_index/packages/bkrobotics_hardware_interface
-- Up-to-date: /home/thien123/ROS2WS/HWI/install/bkrobotics_hardware_interface/share/ament_index/resource_index/hardware_interface__pluginlib__plugin/bkrobotics_hardware_interface
-- Up-to-date: /home/thien123/ROS2WS/HWI/install/bkrobotics_hardware_interface/share/bkrobotics_hardware_interface/cmake/ament_cmake_export_include_directories-extras.cmake
-- Up-to-date: /home/thien123/ROS2WS/HWI/install/bkrobotics_hardware_interface/share/bkrobotics_hardware_interface/cmake/ament_cmake_export_libraries-extras.cmake
-- Up-to-date: /home/thien123/ROS2WS/HWI/install/bkrobotics_hardware_interface/share/bkrobotics_hardware_interface/cmake/ament_cmake_export_dependencies-extras.cmake
-- Up-to-date: /home/thien123/ROS2WS/HWI/install/bkrobotics_hardware_interface/share/bkrobotics_hardware_interface/cmake/bkrobotics_hardware_interfaceConfig.cmake
-- Up-to-date: /home/thien123/ROS2WS/HWI/install/bkrobotics_hardware_interface/share/bkrobotics_hardware_interface/cmake/bkrobotics_hardware_interfaceConfig-version.cmake
-- Up-to-date: /home/thien123/ROS2WS/HWI/install/bkrobotics_hardware_interface/share/bkrobotics_hardware_interface/package.xml
