[0.012s] Invoking command in '/home/thien123/ROS2WS/HWI/build/bkrobotics_hardware_interface': CMAKE_PREFIX_PATH=/home/thien123/ROS2WS/HWI/install/bkr_robot_interface:/home/thien123/ROS2WS/HWI/install/bkrobotics_hardware_interface:/home/thien123/ROS2WS/naiscorp_ws/install/bkrobotics_hardware_interface:/home/thien123/ROS2WS/naiscorp_ws/install/robot_description:/home/thien123/ROS2WS/naiscorp_ws/install/naiscorp_hardware_interface:/home/thien123/ROS2WS/naiscorp_ws/install/bkr_robot_interface:/opt/ros/humble LD_LIBRARY_PATH=/home/thien123/ROS2WS/HWI/install/bkr_robot_interface/lib:/home/thien123/ROS2WS/HWI/install/bkrobotics_hardware_interface/lib:/home/thien123/ROS2WS/naiscorp_ws/install/bkrobotics_hardware_interface/lib:/home/thien123/ROS2WS/naiscorp_ws/install/naiscorp_hardware_interface/lib:/home/thien123/ROS2WS/naiscorp_ws/install/bkr_robot_interface/lib:/usr/lib/x86_64-linux-gnu/gazebo-11/plugins:/opt/ros/humble/opt/rviz_ogre_vendor/lib:/opt/ros/humble/lib/x86_64-linux-gnu:/opt/ros/humble/lib /usr/bin/cmake --build /home/thien123/ROS2WS/HWI/build/bkrobotics_hardware_interface -- -j16 -l16
[0.067s] [100%] Built target bkrobotics_hardware_interface
[0.084s] Invoked command in '/home/thien123/ROS2WS/HWI/build/bkrobotics_hardware_interface' returned '0': CMAKE_PREFIX_PATH=/home/thien123/ROS2WS/HWI/install/bkr_robot_interface:/home/thien123/ROS2WS/HWI/install/bkrobotics_hardware_interface:/home/thien123/ROS2WS/naiscorp_ws/install/bkrobotics_hardware_interface:/home/thien123/ROS2WS/naiscorp_ws/install/robot_description:/home/thien123/ROS2WS/naiscorp_ws/install/naiscorp_hardware_interface:/home/thien123/ROS2WS/naiscorp_ws/install/bkr_robot_interface:/opt/ros/humble LD_LIBRARY_PATH=/home/thien123/ROS2WS/HWI/install/bkr_robot_interface/lib:/home/thien123/ROS2WS/HWI/install/bkrobotics_hardware_interface/lib:/home/thien123/ROS2WS/naiscorp_ws/install/bkrobotics_hardware_interface/lib:/home/thien123/ROS2WS/naiscorp_ws/install/naiscorp_hardware_interface/lib:/home/thien123/ROS2WS/naiscorp_ws/install/bkr_robot_interface/lib:/usr/lib/x86_64-linux-gnu/gazebo-11/plugins:/opt/ros/humble/opt/rviz_ogre_vendor/lib:/opt/ros/humble/lib/x86_64-linux-gnu:/opt/ros/humble/lib /usr/bin/cmake --build /home/thien123/ROS2WS/HWI/build/bkrobotics_hardware_interface -- -j16 -l16
[0.102s] Invoking command in '/home/thien123/ROS2WS/HWI/build/bkrobotics_hardware_interface': CMAKE_PREFIX_PATH=/home/thien123/ROS2WS/HWI/install/bkr_robot_interface:/home/thien123/ROS2WS/HWI/install/bkrobotics_hardware_interface:/home/thien123/ROS2WS/naiscorp_ws/install/bkrobotics_hardware_interface:/home/thien123/ROS2WS/naiscorp_ws/install/robot_description:/home/thien123/ROS2WS/naiscorp_ws/install/naiscorp_hardware_interface:/home/thien123/ROS2WS/naiscorp_ws/install/bkr_robot_interface:/opt/ros/humble LD_LIBRARY_PATH=/home/thien123/ROS2WS/HWI/install/bkr_robot_interface/lib:/home/thien123/ROS2WS/HWI/install/bkrobotics_hardware_interface/lib:/home/thien123/ROS2WS/naiscorp_ws/install/bkrobotics_hardware_interface/lib:/home/thien123/ROS2WS/naiscorp_ws/install/naiscorp_hardware_interface/lib:/home/thien123/ROS2WS/naiscorp_ws/install/bkr_robot_interface/lib:/usr/lib/x86_64-linux-gnu/gazebo-11/plugins:/opt/ros/humble/opt/rviz_ogre_vendor/lib:/opt/ros/humble/lib/x86_64-linux-gnu:/opt/ros/humble/lib /usr/bin/cmake --install /home/thien123/ROS2WS/HWI/build/bkrobotics_hardware_interface
[0.113s] -- Install configuration: ""
[0.113s] -- Up-to-date: /home/thien123/ROS2WS/HWI/install/bkrobotics_hardware_interface/lib/libbkrobotics_hardware_interface.so
[0.114s] -- Up-to-date: /home/thien123/ROS2WS/HWI/install/bkrobotics_hardware_interface/include
[0.114s] -- Up-to-date: /home/thien123/ROS2WS/HWI/install/bkrobotics_hardware_interface/include/bkrobotics_hardware_interface
[0.115s] -- Up-to-date: /home/thien123/ROS2WS/HWI/install/bkrobotics_hardware_interface/include/bkrobotics_hardware_interface/wheel.hpp
[0.115s] -- Up-to-date: /home/thien123/ROS2WS/HWI/install/bkrobotics_hardware_interface/include/bkrobotics_hardware_interface/constant.h
[0.116s] -- Up-to-date: /home/thien123/ROS2WS/HWI/install/bkrobotics_hardware_interface/include/bkrobotics_hardware_interface/visibility_control.h
[0.116s] -- Up-to-date: /home/thien123/ROS2WS/HWI/install/bkrobotics_hardware_interface/include/bkrobotics_hardware_interface/odrive_motor.hpp
[0.116s] -- Up-to-date: /home/thien123/ROS2WS/HWI/install/bkrobotics_hardware_interface/include/bkrobotics_hardware_interface/can_comm.hpp
[0.116s] -- Up-to-date: /home/thien123/ROS2WS/HWI/install/bkrobotics_hardware_interface/include/bkrobotics_hardware_interface/diffbot_system.hpp
[0.116s] -- Up-to-date: /home/thien123/ROS2WS/HWI/install/bkrobotics_hardware_interface/share/bkrobotics_hardware_interface//bring_up
[0.117s] -- Up-to-date: /home/thien123/ROS2WS/HWI/install/bkrobotics_hardware_interface/share/bkrobotics_hardware_interface//bring_up/launch
[0.117s] -- Up-to-date: /home/thien123/ROS2WS/HWI/install/bkrobotics_hardware_interface/share/bkrobotics_hardware_interface//bring_up/launch/bkr_robot.launch.py
[0.117s] -- Up-to-date: /home/thien123/ROS2WS/HWI/install/bkrobotics_hardware_interface/share/bkrobotics_hardware_interface//bring_up/rviz2
[0.117s] -- Up-to-date: /home/thien123/ROS2WS/HWI/install/bkrobotics_hardware_interface/share/bkrobotics_hardware_interface//bring_up/rviz2/config.rviz
[0.117s] -- Up-to-date: /home/thien123/ROS2WS/HWI/install/bkrobotics_hardware_interface/share/bkrobotics_hardware_interface//bring_up/mesh
[0.117s] -- Up-to-date: /home/thien123/ROS2WS/HWI/install/bkrobotics_hardware_interface/share/bkrobotics_hardware_interface//bring_up/mesh/my_robot.sdf
[0.117s] -- Up-to-date: /home/thien123/ROS2WS/HWI/install/bkrobotics_hardware_interface/share/bkrobotics_hardware_interface//bring_up/mesh/sensors
[0.117s] -- Up-to-date: /home/thien123/ROS2WS/HWI/install/bkrobotics_hardware_interface/share/bkrobotics_hardware_interface//bring_up/mesh/sensors/astra.jpg
[0.117s] -- Up-to-date: /home/thien123/ROS2WS/HWI/install/bkrobotics_hardware_interface/share/bkrobotics_hardware_interface//bring_up/mesh/sensors/r200.jpg
[0.118s] -- Up-to-date: /home/thien123/ROS2WS/HWI/install/bkrobotics_hardware_interface/share/bkrobotics_hardware_interface//bring_up/mesh/sensors/astra.dae
[0.118s] -- Up-to-date: /home/thien123/ROS2WS/HWI/install/bkrobotics_hardware_interface/share/bkrobotics_hardware_interface//bring_up/mesh/sensors/r200.dae
[0.118s] -- Up-to-date: /home/thien123/ROS2WS/HWI/install/bkrobotics_hardware_interface/share/bkrobotics_hardware_interface//bring_up/mesh/sensors/lds.stl
[0.118s] -- Up-to-date: /home/thien123/ROS2WS/HWI/install/bkrobotics_hardware_interface/share/bkrobotics_hardware_interface//bring_up/mesh/model.sdf
[0.118s] -- Up-to-date: /home/thien123/ROS2WS/HWI/install/bkrobotics_hardware_interface/share/bkrobotics_hardware_interface//bring_up/mesh/bases
[0.119s] -- Up-to-date: /home/thien123/ROS2WS/HWI/install/bkrobotics_hardware_interface/share/bkrobotics_hardware_interface//bring_up/mesh/bases/burger_base.stl
[0.119s] -- Up-to-date: /home/thien123/ROS2WS/HWI/install/bkrobotics_hardware_interface/share/bkrobotics_hardware_interface//bring_up/mesh/bases/base_link.stl
[0.119s] -- Up-to-date: /home/thien123/ROS2WS/HWI/install/bkrobotics_hardware_interface/share/bkrobotics_hardware_interface//bring_up/mesh/bases/waffle_base.stl
[0.120s] -- Up-to-date: /home/thien123/ROS2WS/HWI/install/bkrobotics_hardware_interface/share/bkrobotics_hardware_interface//bring_up/mesh/bases/waffle_pi_base.stl
[0.120s] -- Up-to-date: /home/thien123/ROS2WS/HWI/install/bkrobotics_hardware_interface/share/bkrobotics_hardware_interface//bring_up/urdf
[0.120s] -- Installing: /home/thien123/ROS2WS/HWI/install/bkrobotics_hardware_interface/share/bkrobotics_hardware_interface//bring_up/urdf/my_robot_hwi.urdf
[0.120s] -- Up-to-date: /home/thien123/ROS2WS/HWI/install/bkrobotics_hardware_interface/share/bkrobotics_hardware_interface//config
[0.120s] -- Up-to-date: /home/thien123/ROS2WS/HWI/install/bkrobotics_hardware_interface/share/bkrobotics_hardware_interface//config/diff_drive.yaml
[0.121s] -- Up-to-date: /home/thien123/ROS2WS/HWI/install/bkrobotics_hardware_interface/share/bkrobotics_hardware_interface/bkrobotics_hardware_interface.xml
[0.121s] -- Up-to-date: /home/thien123/ROS2WS/HWI/install/bkrobotics_hardware_interface/share/bkrobotics_hardware_interface/environment/library_path.sh
[0.121s] -- Up-to-date: /home/thien123/ROS2WS/HWI/install/bkrobotics_hardware_interface/share/bkrobotics_hardware_interface/environment/library_path.dsv
[0.121s] -- Up-to-date: /home/thien123/ROS2WS/HWI/install/bkrobotics_hardware_interface/share/ament_index/resource_index/package_run_dependencies/bkrobotics_hardware_interface
[0.122s] -- Up-to-date: /home/thien123/ROS2WS/HWI/install/bkrobotics_hardware_interface/share/ament_index/resource_index/parent_prefix_path/bkrobotics_hardware_interface
[0.122s] -- Up-to-date: /home/thien123/ROS2WS/HWI/install/bkrobotics_hardware_interface/share/bkrobotics_hardware_interface/environment/ament_prefix_path.sh
[0.122s] -- Up-to-date: /home/thien123/ROS2WS/HWI/install/bkrobotics_hardware_interface/share/bkrobotics_hardware_interface/environment/ament_prefix_path.dsv
[0.122s] -- Up-to-date: /home/thien123/ROS2WS/HWI/install/bkrobotics_hardware_interface/share/bkrobotics_hardware_interface/environment/path.sh
[0.122s] -- Up-to-date: /home/thien123/ROS2WS/HWI/install/bkrobotics_hardware_interface/share/bkrobotics_hardware_interface/environment/path.dsv
[0.122s] -- Up-to-date: /home/thien123/ROS2WS/HWI/install/bkrobotics_hardware_interface/share/bkrobotics_hardware_interface/local_setup.bash
[0.122s] -- Up-to-date: /home/thien123/ROS2WS/HWI/install/bkrobotics_hardware_interface/share/bkrobotics_hardware_interface/local_setup.sh
[0.123s] -- Up-to-date: /home/thien123/ROS2WS/HWI/install/bkrobotics_hardware_interface/share/bkrobotics_hardware_interface/local_setup.zsh
[0.123s] -- Up-to-date: /home/thien123/ROS2WS/HWI/install/bkrobotics_hardware_interface/share/bkrobotics_hardware_interface/local_setup.dsv
[0.123s] -- Installing: /home/thien123/ROS2WS/HWI/install/bkrobotics_hardware_interface/share/bkrobotics_hardware_interface/package.dsv
[0.123s] -- Up-to-date: /home/thien123/ROS2WS/HWI/install/bkrobotics_hardware_interface/share/ament_index/resource_index/packages/bkrobotics_hardware_interface
[0.123s] -- Up-to-date: /home/thien123/ROS2WS/HWI/install/bkrobotics_hardware_interface/share/ament_index/resource_index/hardware_interface__pluginlib__plugin/bkrobotics_hardware_interface
[0.124s] -- Up-to-date: /home/thien123/ROS2WS/HWI/install/bkrobotics_hardware_interface/share/bkrobotics_hardware_interface/cmake/ament_cmake_export_include_directories-extras.cmake
[0.124s] -- Up-to-date: /home/thien123/ROS2WS/HWI/install/bkrobotics_hardware_interface/share/bkrobotics_hardware_interface/cmake/ament_cmake_export_libraries-extras.cmake
[0.124s] -- Up-to-date: /home/thien123/ROS2WS/HWI/install/bkrobotics_hardware_interface/share/bkrobotics_hardware_interface/cmake/ament_cmake_export_dependencies-extras.cmake
[0.124s] -- Up-to-date: /home/thien123/ROS2WS/HWI/install/bkrobotics_hardware_interface/share/bkrobotics_hardware_interface/cmake/bkrobotics_hardware_interfaceConfig.cmake
[0.124s] -- Up-to-date: /home/thien123/ROS2WS/HWI/install/bkrobotics_hardware_interface/share/bkrobotics_hardware_interface/cmake/bkrobotics_hardware_interfaceConfig-version.cmake
[0.124s] -- Up-to-date: /home/thien123/ROS2WS/HWI/install/bkrobotics_hardware_interface/share/bkrobotics_hardware_interface/package.xml
[0.125s] Invoked command in '/home/thien123/ROS2WS/HWI/build/bkrobotics_hardware_interface' returned '0': CMAKE_PREFIX_PATH=/home/thien123/ROS2WS/HWI/install/bkr_robot_interface:/home/thien123/ROS2WS/HWI/install/bkrobotics_hardware_interface:/home/thien123/ROS2WS/naiscorp_ws/install/bkrobotics_hardware_interface:/home/thien123/ROS2WS/naiscorp_ws/install/robot_description:/home/thien123/ROS2WS/naiscorp_ws/install/naiscorp_hardware_interface:/home/thien123/ROS2WS/naiscorp_ws/install/bkr_robot_interface:/opt/ros/humble LD_LIBRARY_PATH=/home/thien123/ROS2WS/HWI/install/bkr_robot_interface/lib:/home/thien123/ROS2WS/HWI/install/bkrobotics_hardware_interface/lib:/home/thien123/ROS2WS/naiscorp_ws/install/bkrobotics_hardware_interface/lib:/home/thien123/ROS2WS/naiscorp_ws/install/naiscorp_hardware_interface/lib:/home/thien123/ROS2WS/naiscorp_ws/install/bkr_robot_interface/lib:/usr/lib/x86_64-linux-gnu/gazebo-11/plugins:/opt/ros/humble/opt/rviz_ogre_vendor/lib:/opt/ros/humble/lib/x86_64-linux-gnu:/opt/ros/humble/lib /usr/bin/cmake --install /home/thien123/ROS2WS/HWI/build/bkrobotics_hardware_interface
