[0.100s] DEBUG:colcon:Command line arguments: ['/usr/bin/colcon', 'build']
[0.100s] DEBUG:colcon:Parsed command line arguments: Namespace(log_base=None, log_level=None, verb_name='build', build_base='build', install_base='install', merge_install=False, symlink_install=False, test_result_base=None, continue_on_error=False, executor='parallel', parallel_workers=16, event_handlers=None, ignore_user_meta=False, metas=['./colcon.meta'], base_paths=['.'], packages_ignore=None, packages_ignore_regex=None, paths=None, packages_up_to=None, packages_up_to_regex=None, packages_above=None, packages_above_and_dependencies=None, packages_above_depth=None, packages_select_by_dep=None, packages_skip_by_dep=None, packages_skip_up_to=None, packages_select_build_failed=False, packages_skip_build_finished=False, packages_select_test_failures=False, packages_skip_test_passed=False, packages_select=None, packages_skip=None, packages_select_regex=None, packages_skip_regex=None, packages_start=None, packages_end=None, allow_overriding=[], cmake_args=None, cmake_target=None, cmake_target_skip_unavailable=False, cmake_clean_cache=False, cmake_clean_first=False, cmake_force_configure=False, ament_cmake_args=None, catkin_cmake_args=None, catkin_skip_building_tests=False, verb_parser=<colcon_defaults.argument_parser.defaults.DefaultArgumentsDecorator object at 0x717ae974a8c0>, verb_extension=<colcon_core.verb.build.BuildVerb object at 0x717ae9894310>, main=<bound method BuildVerb.main of <colcon_core.verb.build.BuildVerb object at 0x717ae9894310>>)
[0.276s] Level 1:colcon.colcon_core.package_discovery:discover_packages(colcon_meta) check parameters
[0.276s] Level 1:colcon.colcon_core.package_discovery:discover_packages(recursive) check parameters
[0.276s] Level 1:colcon.colcon_core.package_discovery:discover_packages(ignore) check parameters
[0.276s] Level 1:colcon.colcon_core.package_discovery:discover_packages(path) check parameters
[0.276s] Level 1:colcon.colcon_core.package_discovery:discover_packages(colcon_meta) discover
[0.276s] Level 1:colcon.colcon_core.package_discovery:discover_packages(recursive) discover
[0.276s] INFO:colcon.colcon_core.package_discovery:Crawling recursively for packages in '/home/thien123/ROS2WS/HWI'
[0.276s] Level 1:colcon.colcon_core.package_identification:_identify(.) by extensions ['ignore', 'ignore_ament_install']
[0.276s] Level 1:colcon.colcon_core.package_identification:_identify(.) by extension 'ignore'
[0.276s] Level 1:colcon.colcon_core.package_identification:_identify(.) by extension 'ignore_ament_install'
[0.276s] Level 1:colcon.colcon_core.package_identification:_identify(.) by extensions ['colcon_pkg']
[0.276s] Level 1:colcon.colcon_core.package_identification:_identify(.) by extension 'colcon_pkg'
[0.276s] Level 1:colcon.colcon_core.package_identification:_identify(.) by extensions ['colcon_meta']
[0.276s] Level 1:colcon.colcon_core.package_identification:_identify(.) by extension 'colcon_meta'
[0.276s] Level 1:colcon.colcon_core.package_identification:_identify(.) by extensions ['ros']
[0.276s] Level 1:colcon.colcon_core.package_identification:_identify(.) by extension 'ros'
[0.287s] Level 1:colcon.colcon_core.package_identification:_identify(.) by extensions ['cmake', 'python']
[0.287s] Level 1:colcon.colcon_core.package_identification:_identify(.) by extension 'cmake'
[0.287s] Level 1:colcon.colcon_core.package_identification:_identify(.) by extension 'python'
[0.287s] Level 1:colcon.colcon_core.package_identification:_identify(.) by extensions ['python_setup_py']
[0.287s] Level 1:colcon.colcon_core.package_identification:_identify(.) by extension 'python_setup_py'
[0.287s] Level 1:colcon.colcon_core.package_identification:_identify(build) by extensions ['ignore', 'ignore_ament_install']
[0.287s] Level 1:colcon.colcon_core.package_identification:_identify(build) by extension 'ignore'
[0.287s] Level 1:colcon.colcon_core.package_identification:_identify(build) ignored
[0.287s] Level 1:colcon.colcon_core.package_identification:_identify(install) by extensions ['ignore', 'ignore_ament_install']
[0.287s] Level 1:colcon.colcon_core.package_identification:_identify(install) by extension 'ignore'
[0.288s] Level 1:colcon.colcon_core.package_identification:_identify(install) ignored
[0.288s] Level 1:colcon.colcon_core.package_identification:_identify(log) by extensions ['ignore', 'ignore_ament_install']
[0.288s] Level 1:colcon.colcon_core.package_identification:_identify(log) by extension 'ignore'
[0.288s] Level 1:colcon.colcon_core.package_identification:_identify(log) ignored
[0.288s] Level 1:colcon.colcon_core.package_identification:_identify(src) by extensions ['ignore', 'ignore_ament_install']
[0.288s] Level 1:colcon.colcon_core.package_identification:_identify(src) by extension 'ignore'
[0.288s] Level 1:colcon.colcon_core.package_identification:_identify(src) by extension 'ignore_ament_install'
[0.288s] Level 1:colcon.colcon_core.package_identification:_identify(src) by extensions ['colcon_pkg']
[0.288s] Level 1:colcon.colcon_core.package_identification:_identify(src) by extension 'colcon_pkg'
[0.288s] Level 1:colcon.colcon_core.package_identification:_identify(src) by extensions ['colcon_meta']
[0.288s] Level 1:colcon.colcon_core.package_identification:_identify(src) by extension 'colcon_meta'
[0.288s] Level 1:colcon.colcon_core.package_identification:_identify(src) by extensions ['ros']
[0.288s] Level 1:colcon.colcon_core.package_identification:_identify(src) by extension 'ros'
[0.288s] Level 1:colcon.colcon_core.package_identification:_identify(src) by extensions ['cmake', 'python']
[0.288s] Level 1:colcon.colcon_core.package_identification:_identify(src) by extension 'cmake'
[0.288s] Level 1:colcon.colcon_core.package_identification:_identify(src) by extension 'python'
[0.288s] Level 1:colcon.colcon_core.package_identification:_identify(src) by extensions ['python_setup_py']
[0.288s] Level 1:colcon.colcon_core.package_identification:_identify(src) by extension 'python_setup_py'
[0.288s] Level 1:colcon.colcon_core.package_identification:_identify(src/bkr_robot_interface) by extensions ['ignore', 'ignore_ament_install']
[0.289s] Level 1:colcon.colcon_core.package_identification:_identify(src/bkr_robot_interface) by extension 'ignore'
[0.289s] Level 1:colcon.colcon_core.package_identification:_identify(src/bkr_robot_interface) by extension 'ignore_ament_install'
[0.289s] Level 1:colcon.colcon_core.package_identification:_identify(src/bkr_robot_interface) by extensions ['colcon_pkg']
[0.289s] Level 1:colcon.colcon_core.package_identification:_identify(src/bkr_robot_interface) by extension 'colcon_pkg'
[0.289s] Level 1:colcon.colcon_core.package_identification:_identify(src/bkr_robot_interface) by extensions ['colcon_meta']
[0.289s] Level 1:colcon.colcon_core.package_identification:_identify(src/bkr_robot_interface) by extension 'colcon_meta'
[0.289s] Level 1:colcon.colcon_core.package_identification:_identify(src/bkr_robot_interface) by extensions ['ros']
[0.289s] Level 1:colcon.colcon_core.package_identification:_identify(src/bkr_robot_interface) by extension 'ros'
[0.291s] DEBUG:colcon.colcon_core.package_identification:Package 'src/bkr_robot_interface' with type 'ros.ament_cmake' and name 'bkr_robot_interface'
[0.291s] Level 1:colcon.colcon_core.package_identification:_identify(src/bkrobotics_hardware_interface) by extensions ['ignore', 'ignore_ament_install']
[0.291s] Level 1:colcon.colcon_core.package_identification:_identify(src/bkrobotics_hardware_interface) by extension 'ignore'
[0.291s] Level 1:colcon.colcon_core.package_identification:_identify(src/bkrobotics_hardware_interface) by extension 'ignore_ament_install'
[0.291s] Level 1:colcon.colcon_core.package_identification:_identify(src/bkrobotics_hardware_interface) by extensions ['colcon_pkg']
[0.291s] Level 1:colcon.colcon_core.package_identification:_identify(src/bkrobotics_hardware_interface) by extension 'colcon_pkg'
[0.291s] Level 1:colcon.colcon_core.package_identification:_identify(src/bkrobotics_hardware_interface) by extensions ['colcon_meta']
[0.291s] Level 1:colcon.colcon_core.package_identification:_identify(src/bkrobotics_hardware_interface) by extension 'colcon_meta'
[0.291s] Level 1:colcon.colcon_core.package_identification:_identify(src/bkrobotics_hardware_interface) by extensions ['ros']
[0.291s] Level 1:colcon.colcon_core.package_identification:_identify(src/bkrobotics_hardware_interface) by extension 'ros'
[0.293s] DEBUG:colcon.colcon_core.package_identification:Package 'src/bkrobotics_hardware_interface' with type 'ros.ament_cmake' and name 'bkrobotics_hardware_interface'
[0.293s] Level 1:colcon.colcon_core.package_identification:_identify(src/my_diff_drive_controller) by extensions ['ignore', 'ignore_ament_install']
[0.293s] Level 1:colcon.colcon_core.package_identification:_identify(src/my_diff_drive_controller) by extension 'ignore'
[0.293s] Level 1:colcon.colcon_core.package_identification:_identify(src/my_diff_drive_controller) by extension 'ignore_ament_install'
[0.293s] Level 1:colcon.colcon_core.package_identification:_identify(src/my_diff_drive_controller) by extensions ['colcon_pkg']
[0.293s] Level 1:colcon.colcon_core.package_identification:_identify(src/my_diff_drive_controller) by extension 'colcon_pkg'
[0.293s] Level 1:colcon.colcon_core.package_identification:_identify(src/my_diff_drive_controller) by extensions ['colcon_meta']
[0.293s] Level 1:colcon.colcon_core.package_identification:_identify(src/my_diff_drive_controller) by extension 'colcon_meta'
[0.293s] Level 1:colcon.colcon_core.package_identification:_identify(src/my_diff_drive_controller) by extensions ['ros']
[0.293s] Level 1:colcon.colcon_core.package_identification:_identify(src/my_diff_drive_controller) by extension 'ros'
[0.293s] Level 1:colcon.colcon_core.package_identification:_identify(src/my_diff_drive_controller) by extensions ['cmake', 'python']
[0.293s] Level 1:colcon.colcon_core.package_identification:_identify(src/my_diff_drive_controller) by extension 'cmake'
[0.293s] Level 1:colcon.colcon_core.package_identification:_identify(src/my_diff_drive_controller) by extension 'python'
[0.293s] Level 1:colcon.colcon_core.package_identification:_identify(src/my_diff_drive_controller) by extensions ['python_setup_py']
[0.293s] Level 1:colcon.colcon_core.package_identification:_identify(src/my_diff_drive_controller) by extension 'python_setup_py'
[0.293s] Level 1:colcon.colcon_core.package_identification:_identify(src/my_diff_drive_controller/config) by extensions ['ignore', 'ignore_ament_install']
[0.293s] Level 1:colcon.colcon_core.package_identification:_identify(src/my_diff_drive_controller/config) by extension 'ignore'
[0.293s] Level 1:colcon.colcon_core.package_identification:_identify(src/my_diff_drive_controller/config) by extension 'ignore_ament_install'
[0.294s] Level 1:colcon.colcon_core.package_identification:_identify(src/my_diff_drive_controller/config) by extensions ['colcon_pkg']
[0.294s] Level 1:colcon.colcon_core.package_identification:_identify(src/my_diff_drive_controller/config) by extension 'colcon_pkg'
[0.294s] Level 1:colcon.colcon_core.package_identification:_identify(src/my_diff_drive_controller/config) by extensions ['colcon_meta']
[0.294s] Level 1:colcon.colcon_core.package_identification:_identify(src/my_diff_drive_controller/config) by extension 'colcon_meta'
[0.294s] Level 1:colcon.colcon_core.package_identification:_identify(src/my_diff_drive_controller/config) by extensions ['ros']
[0.294s] Level 1:colcon.colcon_core.package_identification:_identify(src/my_diff_drive_controller/config) by extension 'ros'
[0.294s] Level 1:colcon.colcon_core.package_identification:_identify(src/my_diff_drive_controller/config) by extensions ['cmake', 'python']
[0.294s] Level 1:colcon.colcon_core.package_identification:_identify(src/my_diff_drive_controller/config) by extension 'cmake'
[0.294s] Level 1:colcon.colcon_core.package_identification:_identify(src/my_diff_drive_controller/config) by extension 'python'
[0.294s] Level 1:colcon.colcon_core.package_identification:_identify(src/my_diff_drive_controller/config) by extensions ['python_setup_py']
[0.294s] Level 1:colcon.colcon_core.package_identification:_identify(src/my_diff_drive_controller/config) by extension 'python_setup_py'
[0.294s] Level 1:colcon.colcon_core.package_discovery:discover_packages(recursive) using defaults
[0.294s] Level 1:colcon.colcon_core.package_discovery:discover_packages(ignore) discover
[0.294s] Level 1:colcon.colcon_core.package_discovery:discover_packages(ignore) using defaults
[0.294s] Level 1:colcon.colcon_core.package_discovery:discover_packages(path) discover
[0.294s] Level 1:colcon.colcon_core.package_discovery:discover_packages(path) using defaults
[0.319s] Level 1:colcon.colcon_core.package_discovery:discover_packages(prefix_path) check parameters
[0.319s] Level 1:colcon.colcon_core.package_discovery:discover_packages(prefix_path) discover
[0.320s] WARNING:colcon.colcon_ros.prefix_path.ament:The path '/home/thien123/ROS2WS/HWI/install/bkrobotics_hardware_interface' in the environment variable AMENT_PREFIX_PATH doesn't exist
[0.320s] WARNING:colcon.colcon_ros.prefix_path.ament:The path '/home/thien123/ROS2WS/HWI/install/bkr_robot_interface' in the environment variable AMENT_PREFIX_PATH doesn't exist
[0.320s] WARNING:colcon.colcon_ros.prefix_path.catkin:The path '/home/thien123/ROS2WS/HWI/install/bkrobotics_hardware_interface' in the environment variable CMAKE_PREFIX_PATH doesn't exist
[0.321s] WARNING:colcon.colcon_ros.prefix_path.catkin:The path '/home/thien123/ROS2WS/HWI/install/bkr_robot_interface' in the environment variable CMAKE_PREFIX_PATH doesn't exist
[0.321s] DEBUG:colcon.colcon_installed_package_information.package_discovery:Found 0 installed packages in /home/thien123/ROS2WS/HWI/install
[0.322s] DEBUG:colcon.colcon_installed_package_information.package_discovery:Found 4 installed packages in /home/thien123/ROS2WS/naiscorp_ws/install
[0.323s] DEBUG:colcon.colcon_installed_package_information.package_discovery:Found 230 installed packages in /opt/ros/humble
[0.324s] Level 1:colcon.colcon_core.package_discovery:discover_packages(prefix_path) using defaults
[0.353s] Level 5:colcon.colcon_core.verb:set package 'bkr_robot_interface' build argument 'cmake_args' from command line to 'None'
[0.353s] Level 5:colcon.colcon_core.verb:set package 'bkr_robot_interface' build argument 'cmake_target' from command line to 'None'
[0.353s] Level 5:colcon.colcon_core.verb:set package 'bkr_robot_interface' build argument 'cmake_target_skip_unavailable' from command line to 'False'
[0.353s] Level 5:colcon.colcon_core.verb:set package 'bkr_robot_interface' build argument 'cmake_clean_cache' from command line to 'False'
[0.353s] Level 5:colcon.colcon_core.verb:set package 'bkr_robot_interface' build argument 'cmake_clean_first' from command line to 'False'
[0.353s] Level 5:colcon.colcon_core.verb:set package 'bkr_robot_interface' build argument 'cmake_force_configure' from command line to 'False'
[0.353s] Level 5:colcon.colcon_core.verb:set package 'bkr_robot_interface' build argument 'ament_cmake_args' from command line to 'None'
[0.353s] Level 5:colcon.colcon_core.verb:set package 'bkr_robot_interface' build argument 'catkin_cmake_args' from command line to 'None'
[0.353s] Level 5:colcon.colcon_core.verb:set package 'bkr_robot_interface' build argument 'catkin_skip_building_tests' from command line to 'False'
[0.353s] DEBUG:colcon.colcon_core.verb:Building package 'bkr_robot_interface' with the following arguments: {'ament_cmake_args': None, 'build_base': '/home/thien123/ROS2WS/HWI/build/bkr_robot_interface', 'catkin_cmake_args': None, 'catkin_skip_building_tests': False, 'cmake_args': None, 'cmake_clean_cache': False, 'cmake_clean_first': False, 'cmake_force_configure': False, 'cmake_target': None, 'cmake_target_skip_unavailable': False, 'install_base': '/home/thien123/ROS2WS/HWI/install/bkr_robot_interface', 'merge_install': False, 'path': '/home/thien123/ROS2WS/HWI/src/bkr_robot_interface', 'symlink_install': False, 'test_result_base': None}
[0.354s] Level 5:colcon.colcon_core.verb:set package 'bkrobotics_hardware_interface' build argument 'cmake_args' from command line to 'None'
[0.354s] Level 5:colcon.colcon_core.verb:set package 'bkrobotics_hardware_interface' build argument 'cmake_target' from command line to 'None'
[0.354s] Level 5:colcon.colcon_core.verb:set package 'bkrobotics_hardware_interface' build argument 'cmake_target_skip_unavailable' from command line to 'False'
[0.354s] Level 5:colcon.colcon_core.verb:set package 'bkrobotics_hardware_interface' build argument 'cmake_clean_cache' from command line to 'False'
[0.354s] Level 5:colcon.colcon_core.verb:set package 'bkrobotics_hardware_interface' build argument 'cmake_clean_first' from command line to 'False'
[0.354s] Level 5:colcon.colcon_core.verb:set package 'bkrobotics_hardware_interface' build argument 'cmake_force_configure' from command line to 'False'
[0.354s] Level 5:colcon.colcon_core.verb:set package 'bkrobotics_hardware_interface' build argument 'ament_cmake_args' from command line to 'None'
[0.354s] Level 5:colcon.colcon_core.verb:set package 'bkrobotics_hardware_interface' build argument 'catkin_cmake_args' from command line to 'None'
[0.354s] Level 5:colcon.colcon_core.verb:set package 'bkrobotics_hardware_interface' build argument 'catkin_skip_building_tests' from command line to 'False'
[0.354s] DEBUG:colcon.colcon_core.verb:Building package 'bkrobotics_hardware_interface' with the following arguments: {'ament_cmake_args': None, 'build_base': '/home/thien123/ROS2WS/HWI/build/bkrobotics_hardware_interface', 'catkin_cmake_args': None, 'catkin_skip_building_tests': False, 'cmake_args': None, 'cmake_clean_cache': False, 'cmake_clean_first': False, 'cmake_force_configure': False, 'cmake_target': None, 'cmake_target_skip_unavailable': False, 'install_base': '/home/thien123/ROS2WS/HWI/install/bkrobotics_hardware_interface', 'merge_install': False, 'path': '/home/thien123/ROS2WS/HWI/src/bkrobotics_hardware_interface', 'symlink_install': False, 'test_result_base': None}
[0.354s] INFO:colcon.colcon_core.executor:Executing jobs using 'parallel' executor
[0.355s] DEBUG:colcon.colcon_parallel_executor.executor.parallel:run_until_complete
[0.355s] INFO:colcon.colcon_ros.task.ament_cmake.build:Building ROS package in '/home/thien123/ROS2WS/HWI/src/bkr_robot_interface' with build type 'ament_cmake'
[0.355s] INFO:colcon.colcon_cmake.task.cmake.build:Building CMake package in '/home/thien123/ROS2WS/HWI/src/bkr_robot_interface'
[0.357s] INFO:colcon.colcon_core.plugin_system:Skipping extension 'colcon_core.shell.bat': Not used on non-Windows systems
[0.358s] INFO:colcon.colcon_core.shell:Skip shell extension 'powershell' for command environment: Not usable outside of PowerShell
[0.358s] DEBUG:colcon.colcon_core.shell:Skip shell extension 'dsv' for command environment
[0.366s] DEBUG:colcon.colcon_core.event_handler.log_command:Invoking command in '/home/thien123/ROS2WS/HWI/build/bkr_robot_interface': CMAKE_PREFIX_PATH=${CMAKE_PREFIX_PATH}:/opt/ros/humble /usr/bin/cmake /home/thien123/ROS2WS/HWI/src/bkr_robot_interface -DCMAKE_INSTALL_PREFIX=/home/thien123/ROS2WS/HWI/install/bkr_robot_interface
[1.798s] DEBUG:colcon.colcon_core.event_handler.log_command:Invoked command in '/home/thien123/ROS2WS/HWI/build/bkr_robot_interface' returned '0': CMAKE_PREFIX_PATH=${CMAKE_PREFIX_PATH}:/opt/ros/humble /usr/bin/cmake /home/thien123/ROS2WS/HWI/src/bkr_robot_interface -DCMAKE_INSTALL_PREFIX=/home/thien123/ROS2WS/HWI/install/bkr_robot_interface
[1.799s] DEBUG:colcon.colcon_core.event_handler.log_command:Invoking command in '/home/thien123/ROS2WS/HWI/build/bkr_robot_interface': CMAKE_PREFIX_PATH=${CMAKE_PREFIX_PATH}:/opt/ros/humble /usr/bin/cmake --build /home/thien123/ROS2WS/HWI/build/bkr_robot_interface -- -j16 -l16
[4.127s] DEBUG:colcon.colcon_core.event_handler.log_command:Invoked command in '/home/thien123/ROS2WS/HWI/build/bkr_robot_interface' returned '0': CMAKE_PREFIX_PATH=${CMAKE_PREFIX_PATH}:/opt/ros/humble /usr/bin/cmake --build /home/thien123/ROS2WS/HWI/build/bkr_robot_interface -- -j16 -l16
[4.135s] DEBUG:colcon.colcon_core.event_handler.log_command:Invoking command in '/home/thien123/ROS2WS/HWI/build/bkr_robot_interface': CMAKE_PREFIX_PATH=${CMAKE_PREFIX_PATH}:/opt/ros/humble /usr/bin/cmake --install /home/thien123/ROS2WS/HWI/build/bkr_robot_interface
[4.199s] Level 1:colcon.colcon_core.environment:create_environment_scripts_only(bkr_robot_interface)
[4.200s] DEBUG:colcon.colcon_core.event_handler.log_command:Invoked command in '/home/thien123/ROS2WS/HWI/build/bkr_robot_interface' returned '0': CMAKE_PREFIX_PATH=${CMAKE_PREFIX_PATH}:/opt/ros/humble /usr/bin/cmake --install /home/thien123/ROS2WS/HWI/build/bkr_robot_interface
[4.202s] Level 1:colcon.colcon_core.environment:checking '/home/thien123/ROS2WS/HWI/install/bkr_robot_interface' for CMake module files
[4.202s] Level 1:colcon.colcon_core.environment:checking '/home/thien123/ROS2WS/HWI/install/bkr_robot_interface' for CMake config files
[4.203s] Level 1:colcon.colcon_core.shell:create_environment_hook('bkr_robot_interface', 'cmake_prefix_path')
[4.203s] INFO:colcon.colcon_core.shell:Creating environment hook '/home/thien123/ROS2WS/HWI/install/bkr_robot_interface/share/bkr_robot_interface/hook/cmake_prefix_path.ps1'
[4.204s] INFO:colcon.colcon_core.shell:Creating environment descriptor '/home/thien123/ROS2WS/HWI/install/bkr_robot_interface/share/bkr_robot_interface/hook/cmake_prefix_path.dsv'
[4.204s] INFO:colcon.colcon_core.shell:Creating environment hook '/home/thien123/ROS2WS/HWI/install/bkr_robot_interface/share/bkr_robot_interface/hook/cmake_prefix_path.sh'
[4.205s] Level 1:colcon.colcon_core.environment:checking '/home/thien123/ROS2WS/HWI/install/bkr_robot_interface/lib'
[4.205s] Level 1:colcon.colcon_core.shell:create_environment_hook('bkr_robot_interface', 'ld_library_path_lib')
[4.205s] INFO:colcon.colcon_core.shell:Creating environment hook '/home/thien123/ROS2WS/HWI/install/bkr_robot_interface/share/bkr_robot_interface/hook/ld_library_path_lib.ps1'
[4.206s] INFO:colcon.colcon_core.shell:Creating environment descriptor '/home/thien123/ROS2WS/HWI/install/bkr_robot_interface/share/bkr_robot_interface/hook/ld_library_path_lib.dsv'
[4.206s] INFO:colcon.colcon_core.shell:Creating environment hook '/home/thien123/ROS2WS/HWI/install/bkr_robot_interface/share/bkr_robot_interface/hook/ld_library_path_lib.sh'
[4.206s] Level 1:colcon.colcon_core.environment:checking '/home/thien123/ROS2WS/HWI/install/bkr_robot_interface/bin'
[4.206s] Level 1:colcon.colcon_core.environment:checking '/home/thien123/ROS2WS/HWI/install/bkr_robot_interface/lib/pkgconfig/bkr_robot_interface.pc'
[4.206s] Level 1:colcon.colcon_core.environment:checking '/home/thien123/ROS2WS/HWI/install/bkr_robot_interface/lib/python3.10/site-packages'
[4.207s] Level 1:colcon.colcon_core.environment:checking '/home/thien123/ROS2WS/HWI/install/bkr_robot_interface/bin'
[4.207s] INFO:colcon.colcon_core.shell:Creating package script '/home/thien123/ROS2WS/HWI/install/bkr_robot_interface/share/bkr_robot_interface/package.ps1'
[4.208s] INFO:colcon.colcon_core.shell:Creating package descriptor '/home/thien123/ROS2WS/HWI/install/bkr_robot_interface/share/bkr_robot_interface/package.dsv'
[4.208s] INFO:colcon.colcon_core.shell:Creating package script '/home/thien123/ROS2WS/HWI/install/bkr_robot_interface/share/bkr_robot_interface/package.sh'
[4.209s] INFO:colcon.colcon_core.shell:Creating package script '/home/thien123/ROS2WS/HWI/install/bkr_robot_interface/share/bkr_robot_interface/package.bash'
[4.210s] INFO:colcon.colcon_core.shell:Creating package script '/home/thien123/ROS2WS/HWI/install/bkr_robot_interface/share/bkr_robot_interface/package.zsh'
[4.210s] Level 1:colcon.colcon_core.environment:create_file_with_runtime_dependencies(/home/thien123/ROS2WS/HWI/install/bkr_robot_interface/share/colcon-core/packages/bkr_robot_interface)
[4.211s] Level 1:colcon.colcon_core.environment:create_environment_scripts_only(bkr_robot_interface)
[4.211s] Level 1:colcon.colcon_core.environment:checking '/home/thien123/ROS2WS/HWI/install/bkr_robot_interface' for CMake module files
[4.212s] Level 1:colcon.colcon_core.environment:checking '/home/thien123/ROS2WS/HWI/install/bkr_robot_interface' for CMake config files
[4.212s] Level 1:colcon.colcon_core.shell:create_environment_hook('bkr_robot_interface', 'cmake_prefix_path')
[4.212s] INFO:colcon.colcon_core.shell:Creating environment hook '/home/thien123/ROS2WS/HWI/install/bkr_robot_interface/share/bkr_robot_interface/hook/cmake_prefix_path.ps1'
[4.213s] INFO:colcon.colcon_core.shell:Creating environment descriptor '/home/thien123/ROS2WS/HWI/install/bkr_robot_interface/share/bkr_robot_interface/hook/cmake_prefix_path.dsv'
[4.213s] INFO:colcon.colcon_core.shell:Creating environment hook '/home/thien123/ROS2WS/HWI/install/bkr_robot_interface/share/bkr_robot_interface/hook/cmake_prefix_path.sh'
[4.213s] Level 1:colcon.colcon_core.environment:checking '/home/thien123/ROS2WS/HWI/install/bkr_robot_interface/lib'
[4.213s] Level 1:colcon.colcon_core.shell:create_environment_hook('bkr_robot_interface', 'ld_library_path_lib')
[4.214s] INFO:colcon.colcon_core.shell:Creating environment hook '/home/thien123/ROS2WS/HWI/install/bkr_robot_interface/share/bkr_robot_interface/hook/ld_library_path_lib.ps1'
[4.214s] INFO:colcon.colcon_core.shell:Creating environment descriptor '/home/thien123/ROS2WS/HWI/install/bkr_robot_interface/share/bkr_robot_interface/hook/ld_library_path_lib.dsv'
[4.214s] INFO:colcon.colcon_core.shell:Creating environment hook '/home/thien123/ROS2WS/HWI/install/bkr_robot_interface/share/bkr_robot_interface/hook/ld_library_path_lib.sh'
[4.215s] Level 1:colcon.colcon_core.environment:checking '/home/thien123/ROS2WS/HWI/install/bkr_robot_interface/bin'
[4.215s] Level 1:colcon.colcon_core.environment:checking '/home/thien123/ROS2WS/HWI/install/bkr_robot_interface/lib/pkgconfig/bkr_robot_interface.pc'
[4.215s] Level 1:colcon.colcon_core.environment:checking '/home/thien123/ROS2WS/HWI/install/bkr_robot_interface/lib/python3.10/site-packages'
[4.215s] Level 1:colcon.colcon_core.environment:checking '/home/thien123/ROS2WS/HWI/install/bkr_robot_interface/bin'
[4.216s] INFO:colcon.colcon_core.shell:Creating package script '/home/thien123/ROS2WS/HWI/install/bkr_robot_interface/share/bkr_robot_interface/package.ps1'
[4.216s] INFO:colcon.colcon_core.shell:Creating package descriptor '/home/thien123/ROS2WS/HWI/install/bkr_robot_interface/share/bkr_robot_interface/package.dsv'
[4.216s] INFO:colcon.colcon_core.shell:Creating package script '/home/thien123/ROS2WS/HWI/install/bkr_robot_interface/share/bkr_robot_interface/package.sh'
[4.217s] INFO:colcon.colcon_core.shell:Creating package script '/home/thien123/ROS2WS/HWI/install/bkr_robot_interface/share/bkr_robot_interface/package.bash'
[4.217s] INFO:colcon.colcon_core.shell:Creating package script '/home/thien123/ROS2WS/HWI/install/bkr_robot_interface/share/bkr_robot_interface/package.zsh'
[4.218s] Level 1:colcon.colcon_core.environment:create_file_with_runtime_dependencies(/home/thien123/ROS2WS/HWI/install/bkr_robot_interface/share/colcon-core/packages/bkr_robot_interface)
[4.218s] INFO:colcon.colcon_ros.task.ament_cmake.build:Building ROS package in '/home/thien123/ROS2WS/HWI/src/bkrobotics_hardware_interface' with build type 'ament_cmake'
[4.218s] INFO:colcon.colcon_cmake.task.cmake.build:Building CMake package in '/home/thien123/ROS2WS/HWI/src/bkrobotics_hardware_interface'
[4.218s] INFO:colcon.colcon_core.shell:Skip shell extension 'powershell' for command environment: Not usable outside of PowerShell
[4.218s] DEBUG:colcon.colcon_core.shell:Skip shell extension 'dsv' for command environment
[4.226s] DEBUG:colcon.colcon_core.event_handler.log_command:Invoking command in '/home/thien123/ROS2WS/HWI/build/bkrobotics_hardware_interface': CMAKE_PREFIX_PATH=/home/thien123/ROS2WS/HWI/install/bkr_robot_interface:/home/thien123/ROS2WS/HWI/install/bkrobotics_hardware_interface:/home/thien123/ROS2WS/naiscorp_ws/install/bkrobotics_hardware_interface:/home/thien123/ROS2WS/naiscorp_ws/install/robot_description:/home/thien123/ROS2WS/naiscorp_ws/install/naiscorp_hardware_interface:/home/thien123/ROS2WS/naiscorp_ws/install/bkr_robot_interface:/opt/ros/humble LD_LIBRARY_PATH=/home/thien123/ROS2WS/HWI/install/bkr_robot_interface/lib:/home/thien123/ROS2WS/HWI/install/bkrobotics_hardware_interface/lib:/home/thien123/ROS2WS/naiscorp_ws/install/bkrobotics_hardware_interface/lib:/home/thien123/ROS2WS/naiscorp_ws/install/naiscorp_hardware_interface/lib:/home/thien123/ROS2WS/naiscorp_ws/install/bkr_robot_interface/lib:/usr/lib/x86_64-linux-gnu/gazebo-11/plugins:/opt/ros/humble/opt/rviz_ogre_vendor/lib:/opt/ros/humble/lib/x86_64-linux-gnu:/opt/ros/humble/lib /usr/bin/cmake /home/thien123/ROS2WS/HWI/src/bkrobotics_hardware_interface -DCMAKE_INSTALL_PREFIX=/home/thien123/ROS2WS/HWI/install/bkrobotics_hardware_interface
[5.354s] DEBUG:colcon.colcon_core.event_handler.log_command:Invoked command in '/home/thien123/ROS2WS/HWI/build/bkrobotics_hardware_interface' returned '0': CMAKE_PREFIX_PATH=/home/thien123/ROS2WS/HWI/install/bkr_robot_interface:/home/thien123/ROS2WS/HWI/install/bkrobotics_hardware_interface:/home/thien123/ROS2WS/naiscorp_ws/install/bkrobotics_hardware_interface:/home/thien123/ROS2WS/naiscorp_ws/install/robot_description:/home/thien123/ROS2WS/naiscorp_ws/install/naiscorp_hardware_interface:/home/thien123/ROS2WS/naiscorp_ws/install/bkr_robot_interface:/opt/ros/humble LD_LIBRARY_PATH=/home/thien123/ROS2WS/HWI/install/bkr_robot_interface/lib:/home/thien123/ROS2WS/HWI/install/bkrobotics_hardware_interface/lib:/home/thien123/ROS2WS/naiscorp_ws/install/bkrobotics_hardware_interface/lib:/home/thien123/ROS2WS/naiscorp_ws/install/naiscorp_hardware_interface/lib:/home/thien123/ROS2WS/naiscorp_ws/install/bkr_robot_interface/lib:/usr/lib/x86_64-linux-gnu/gazebo-11/plugins:/opt/ros/humble/opt/rviz_ogre_vendor/lib:/opt/ros/humble/lib/x86_64-linux-gnu:/opt/ros/humble/lib /usr/bin/cmake /home/thien123/ROS2WS/HWI/src/bkrobotics_hardware_interface -DCMAKE_INSTALL_PREFIX=/home/thien123/ROS2WS/HWI/install/bkrobotics_hardware_interface
[5.355s] DEBUG:colcon.colcon_core.event_handler.log_command:Invoking command in '/home/thien123/ROS2WS/HWI/build/bkrobotics_hardware_interface': CMAKE_PREFIX_PATH=/home/thien123/ROS2WS/HWI/install/bkr_robot_interface:/home/thien123/ROS2WS/HWI/install/bkrobotics_hardware_interface:/home/thien123/ROS2WS/naiscorp_ws/install/bkrobotics_hardware_interface:/home/thien123/ROS2WS/naiscorp_ws/install/robot_description:/home/thien123/ROS2WS/naiscorp_ws/install/naiscorp_hardware_interface:/home/thien123/ROS2WS/naiscorp_ws/install/bkr_robot_interface:/opt/ros/humble LD_LIBRARY_PATH=/home/thien123/ROS2WS/HWI/install/bkr_robot_interface/lib:/home/thien123/ROS2WS/HWI/install/bkrobotics_hardware_interface/lib:/home/thien123/ROS2WS/naiscorp_ws/install/bkrobotics_hardware_interface/lib:/home/thien123/ROS2WS/naiscorp_ws/install/naiscorp_hardware_interface/lib:/home/thien123/ROS2WS/naiscorp_ws/install/bkr_robot_interface/lib:/usr/lib/x86_64-linux-gnu/gazebo-11/plugins:/opt/ros/humble/opt/rviz_ogre_vendor/lib:/opt/ros/humble/lib/x86_64-linux-gnu:/opt/ros/humble/lib /usr/bin/cmake --build /home/thien123/ROS2WS/HWI/build/bkrobotics_hardware_interface -- -j16 -l16
[8.894s] DEBUG:colcon.colcon_core.event_handler.log_command:Invoked command in '/home/thien123/ROS2WS/HWI/build/bkrobotics_hardware_interface' returned '0': CMAKE_PREFIX_PATH=/home/thien123/ROS2WS/HWI/install/bkr_robot_interface:/home/thien123/ROS2WS/HWI/install/bkrobotics_hardware_interface:/home/thien123/ROS2WS/naiscorp_ws/install/bkrobotics_hardware_interface:/home/thien123/ROS2WS/naiscorp_ws/install/robot_description:/home/thien123/ROS2WS/naiscorp_ws/install/naiscorp_hardware_interface:/home/thien123/ROS2WS/naiscorp_ws/install/bkr_robot_interface:/opt/ros/humble LD_LIBRARY_PATH=/home/thien123/ROS2WS/HWI/install/bkr_robot_interface/lib:/home/thien123/ROS2WS/HWI/install/bkrobotics_hardware_interface/lib:/home/thien123/ROS2WS/naiscorp_ws/install/bkrobotics_hardware_interface/lib:/home/thien123/ROS2WS/naiscorp_ws/install/naiscorp_hardware_interface/lib:/home/thien123/ROS2WS/naiscorp_ws/install/bkr_robot_interface/lib:/usr/lib/x86_64-linux-gnu/gazebo-11/plugins:/opt/ros/humble/opt/rviz_ogre_vendor/lib:/opt/ros/humble/lib/x86_64-linux-gnu:/opt/ros/humble/lib /usr/bin/cmake --build /home/thien123/ROS2WS/HWI/build/bkrobotics_hardware_interface -- -j16 -l16
[8.895s] DEBUG:colcon.colcon_core.event_handler.log_command:Invoking command in '/home/thien123/ROS2WS/HWI/build/bkrobotics_hardware_interface': CMAKE_PREFIX_PATH=/home/thien123/ROS2WS/HWI/install/bkr_robot_interface:/home/thien123/ROS2WS/HWI/install/bkrobotics_hardware_interface:/home/thien123/ROS2WS/naiscorp_ws/install/bkrobotics_hardware_interface:/home/thien123/ROS2WS/naiscorp_ws/install/robot_description:/home/thien123/ROS2WS/naiscorp_ws/install/naiscorp_hardware_interface:/home/thien123/ROS2WS/naiscorp_ws/install/bkr_robot_interface:/opt/ros/humble LD_LIBRARY_PATH=/home/thien123/ROS2WS/HWI/install/bkr_robot_interface/lib:/home/thien123/ROS2WS/HWI/install/bkrobotics_hardware_interface/lib:/home/thien123/ROS2WS/naiscorp_ws/install/bkrobotics_hardware_interface/lib:/home/thien123/ROS2WS/naiscorp_ws/install/naiscorp_hardware_interface/lib:/home/thien123/ROS2WS/naiscorp_ws/install/bkr_robot_interface/lib:/usr/lib/x86_64-linux-gnu/gazebo-11/plugins:/opt/ros/humble/opt/rviz_ogre_vendor/lib:/opt/ros/humble/lib/x86_64-linux-gnu:/opt/ros/humble/lib /usr/bin/cmake --install /home/thien123/ROS2WS/HWI/build/bkrobotics_hardware_interface
[8.949s] Level 1:colcon.colcon_core.environment:create_environment_scripts_only(bkrobotics_hardware_interface)
[8.949s] DEBUG:colcon.colcon_core.event_handler.log_command:Invoked command in '/home/thien123/ROS2WS/HWI/build/bkrobotics_hardware_interface' returned '0': CMAKE_PREFIX_PATH=/home/thien123/ROS2WS/HWI/install/bkr_robot_interface:/home/thien123/ROS2WS/HWI/install/bkrobotics_hardware_interface:/home/thien123/ROS2WS/naiscorp_ws/install/bkrobotics_hardware_interface:/home/thien123/ROS2WS/naiscorp_ws/install/robot_description:/home/thien123/ROS2WS/naiscorp_ws/install/naiscorp_hardware_interface:/home/thien123/ROS2WS/naiscorp_ws/install/bkr_robot_interface:/opt/ros/humble LD_LIBRARY_PATH=/home/thien123/ROS2WS/HWI/install/bkr_robot_interface/lib:/home/thien123/ROS2WS/HWI/install/bkrobotics_hardware_interface/lib:/home/thien123/ROS2WS/naiscorp_ws/install/bkrobotics_hardware_interface/lib:/home/thien123/ROS2WS/naiscorp_ws/install/naiscorp_hardware_interface/lib:/home/thien123/ROS2WS/naiscorp_ws/install/bkr_robot_interface/lib:/usr/lib/x86_64-linux-gnu/gazebo-11/plugins:/opt/ros/humble/opt/rviz_ogre_vendor/lib:/opt/ros/humble/lib/x86_64-linux-gnu:/opt/ros/humble/lib /usr/bin/cmake --install /home/thien123/ROS2WS/HWI/build/bkrobotics_hardware_interface
[8.950s] Level 1:colcon.colcon_core.environment:checking '/home/thien123/ROS2WS/HWI/install/bkrobotics_hardware_interface' for CMake module files
[8.950s] Level 1:colcon.colcon_core.environment:checking '/home/thien123/ROS2WS/HWI/install/bkrobotics_hardware_interface' for CMake config files
[8.950s] Level 1:colcon.colcon_core.shell:create_environment_hook('bkrobotics_hardware_interface', 'cmake_prefix_path')
[8.950s] INFO:colcon.colcon_core.shell:Creating environment hook '/home/thien123/ROS2WS/HWI/install/bkrobotics_hardware_interface/share/bkrobotics_hardware_interface/hook/cmake_prefix_path.ps1'
[8.951s] INFO:colcon.colcon_core.shell:Creating environment descriptor '/home/thien123/ROS2WS/HWI/install/bkrobotics_hardware_interface/share/bkrobotics_hardware_interface/hook/cmake_prefix_path.dsv'
[8.951s] INFO:colcon.colcon_core.shell:Creating environment hook '/home/thien123/ROS2WS/HWI/install/bkrobotics_hardware_interface/share/bkrobotics_hardware_interface/hook/cmake_prefix_path.sh'
[8.952s] Level 1:colcon.colcon_core.environment:checking '/home/thien123/ROS2WS/HWI/install/bkrobotics_hardware_interface/lib'
[8.952s] Level 1:colcon.colcon_core.shell:create_environment_hook('bkrobotics_hardware_interface', 'ld_library_path_lib')
[8.952s] INFO:colcon.colcon_core.shell:Creating environment hook '/home/thien123/ROS2WS/HWI/install/bkrobotics_hardware_interface/share/bkrobotics_hardware_interface/hook/ld_library_path_lib.ps1'
[8.952s] INFO:colcon.colcon_core.shell:Creating environment descriptor '/home/thien123/ROS2WS/HWI/install/bkrobotics_hardware_interface/share/bkrobotics_hardware_interface/hook/ld_library_path_lib.dsv'
[8.952s] INFO:colcon.colcon_core.shell:Creating environment hook '/home/thien123/ROS2WS/HWI/install/bkrobotics_hardware_interface/share/bkrobotics_hardware_interface/hook/ld_library_path_lib.sh'
[8.953s] Level 1:colcon.colcon_core.environment:checking '/home/thien123/ROS2WS/HWI/install/bkrobotics_hardware_interface/bin'
[8.953s] Level 1:colcon.colcon_core.environment:checking '/home/thien123/ROS2WS/HWI/install/bkrobotics_hardware_interface/lib/pkgconfig/bkrobotics_hardware_interface.pc'
[8.953s] Level 1:colcon.colcon_core.environment:checking '/home/thien123/ROS2WS/HWI/install/bkrobotics_hardware_interface/lib/python3.10/site-packages'
[8.953s] Level 1:colcon.colcon_core.environment:checking '/home/thien123/ROS2WS/HWI/install/bkrobotics_hardware_interface/bin'
[8.954s] INFO:colcon.colcon_core.shell:Creating package script '/home/thien123/ROS2WS/HWI/install/bkrobotics_hardware_interface/share/bkrobotics_hardware_interface/package.ps1'
[8.954s] INFO:colcon.colcon_core.shell:Creating package descriptor '/home/thien123/ROS2WS/HWI/install/bkrobotics_hardware_interface/share/bkrobotics_hardware_interface/package.dsv'
[8.954s] INFO:colcon.colcon_core.shell:Creating package script '/home/thien123/ROS2WS/HWI/install/bkrobotics_hardware_interface/share/bkrobotics_hardware_interface/package.sh'
[8.955s] INFO:colcon.colcon_core.shell:Creating package script '/home/thien123/ROS2WS/HWI/install/bkrobotics_hardware_interface/share/bkrobotics_hardware_interface/package.bash'
[8.955s] INFO:colcon.colcon_core.shell:Creating package script '/home/thien123/ROS2WS/HWI/install/bkrobotics_hardware_interface/share/bkrobotics_hardware_interface/package.zsh'
[8.955s] Level 1:colcon.colcon_core.environment:create_file_with_runtime_dependencies(/home/thien123/ROS2WS/HWI/install/bkrobotics_hardware_interface/share/colcon-core/packages/bkrobotics_hardware_interface)
[8.956s] Level 1:colcon.colcon_core.environment:create_environment_scripts_only(bkrobotics_hardware_interface)
[8.956s] Level 1:colcon.colcon_core.environment:checking '/home/thien123/ROS2WS/HWI/install/bkrobotics_hardware_interface' for CMake module files
[8.956s] Level 1:colcon.colcon_core.environment:checking '/home/thien123/ROS2WS/HWI/install/bkrobotics_hardware_interface' for CMake config files
[8.957s] Level 1:colcon.colcon_core.shell:create_environment_hook('bkrobotics_hardware_interface', 'cmake_prefix_path')
[8.957s] INFO:colcon.colcon_core.shell:Creating environment hook '/home/thien123/ROS2WS/HWI/install/bkrobotics_hardware_interface/share/bkrobotics_hardware_interface/hook/cmake_prefix_path.ps1'
[8.957s] INFO:colcon.colcon_core.shell:Creating environment descriptor '/home/thien123/ROS2WS/HWI/install/bkrobotics_hardware_interface/share/bkrobotics_hardware_interface/hook/cmake_prefix_path.dsv'
[8.957s] INFO:colcon.colcon_core.shell:Creating environment hook '/home/thien123/ROS2WS/HWI/install/bkrobotics_hardware_interface/share/bkrobotics_hardware_interface/hook/cmake_prefix_path.sh'
[8.958s] Level 1:colcon.colcon_core.environment:checking '/home/thien123/ROS2WS/HWI/install/bkrobotics_hardware_interface/lib'
[8.958s] Level 1:colcon.colcon_core.shell:create_environment_hook('bkrobotics_hardware_interface', 'ld_library_path_lib')
[8.958s] INFO:colcon.colcon_core.shell:Creating environment hook '/home/thien123/ROS2WS/HWI/install/bkrobotics_hardware_interface/share/bkrobotics_hardware_interface/hook/ld_library_path_lib.ps1'
[8.959s] INFO:colcon.colcon_core.shell:Creating environment descriptor '/home/thien123/ROS2WS/HWI/install/bkrobotics_hardware_interface/share/bkrobotics_hardware_interface/hook/ld_library_path_lib.dsv'
[8.959s] INFO:colcon.colcon_core.shell:Creating environment hook '/home/thien123/ROS2WS/HWI/install/bkrobotics_hardware_interface/share/bkrobotics_hardware_interface/hook/ld_library_path_lib.sh'
[8.959s] Level 1:colcon.colcon_core.environment:checking '/home/thien123/ROS2WS/HWI/install/bkrobotics_hardware_interface/bin'
[8.959s] Level 1:colcon.colcon_core.environment:checking '/home/thien123/ROS2WS/HWI/install/bkrobotics_hardware_interface/lib/pkgconfig/bkrobotics_hardware_interface.pc'
[8.959s] Level 1:colcon.colcon_core.environment:checking '/home/thien123/ROS2WS/HWI/install/bkrobotics_hardware_interface/lib/python3.10/site-packages'
[8.960s] Level 1:colcon.colcon_core.environment:checking '/home/thien123/ROS2WS/HWI/install/bkrobotics_hardware_interface/bin'
[8.960s] INFO:colcon.colcon_core.shell:Creating package script '/home/thien123/ROS2WS/HWI/install/bkrobotics_hardware_interface/share/bkrobotics_hardware_interface/package.ps1'
[8.960s] INFO:colcon.colcon_core.shell:Creating package descriptor '/home/thien123/ROS2WS/HWI/install/bkrobotics_hardware_interface/share/bkrobotics_hardware_interface/package.dsv'
[8.961s] INFO:colcon.colcon_core.shell:Creating package script '/home/thien123/ROS2WS/HWI/install/bkrobotics_hardware_interface/share/bkrobotics_hardware_interface/package.sh'
[8.961s] INFO:colcon.colcon_core.shell:Creating package script '/home/thien123/ROS2WS/HWI/install/bkrobotics_hardware_interface/share/bkrobotics_hardware_interface/package.bash'
[8.962s] INFO:colcon.colcon_core.shell:Creating package script '/home/thien123/ROS2WS/HWI/install/bkrobotics_hardware_interface/share/bkrobotics_hardware_interface/package.zsh'
[8.962s] Level 1:colcon.colcon_core.environment:create_file_with_runtime_dependencies(/home/thien123/ROS2WS/HWI/install/bkrobotics_hardware_interface/share/colcon-core/packages/bkrobotics_hardware_interface)
[8.962s] DEBUG:colcon.colcon_parallel_executor.executor.parallel:closing loop
[8.962s] DEBUG:colcon.colcon_parallel_executor.executor.parallel:loop closed
[8.962s] DEBUG:colcon.colcon_parallel_executor.executor.parallel:run_until_complete finished with '0'
[8.962s] DEBUG:colcon.colcon_core.event_reactor:joining thread
[8.967s] INFO:colcon.colcon_core.plugin_system:Skipping extension 'colcon_notification.desktop_notification.terminal_notifier': Not used on non-Darwin systems
[8.967s] INFO:colcon.colcon_core.plugin_system:Skipping extension 'colcon_notification.desktop_notification.win32': Not used on non-Windows systems
[8.967s] INFO:colcon.colcon_notification.desktop_notification:Sending desktop notification using 'notify2'
[8.977s] DEBUG:colcon.colcon_core.event_reactor:joined thread
[8.978s] INFO:colcon.colcon_core.shell:Creating prefix script '/home/thien123/ROS2WS/HWI/install/local_setup.ps1'
[8.979s] INFO:colcon.colcon_core.shell:Creating prefix util module '/home/thien123/ROS2WS/HWI/install/_local_setup_util_ps1.py'
[8.981s] INFO:colcon.colcon_core.shell:Creating prefix chain script '/home/thien123/ROS2WS/HWI/install/setup.ps1'
[8.982s] INFO:colcon.colcon_core.shell:Creating prefix script '/home/thien123/ROS2WS/HWI/install/local_setup.sh'
[8.983s] INFO:colcon.colcon_core.shell:Creating prefix util module '/home/thien123/ROS2WS/HWI/install/_local_setup_util_sh.py'
[8.983s] INFO:colcon.colcon_core.shell:Creating prefix chain script '/home/thien123/ROS2WS/HWI/install/setup.sh'
[8.985s] INFO:colcon.colcon_core.shell:Creating prefix script '/home/thien123/ROS2WS/HWI/install/local_setup.bash'
[8.985s] INFO:colcon.colcon_core.shell:Creating prefix chain script '/home/thien123/ROS2WS/HWI/install/setup.bash'
[8.986s] INFO:colcon.colcon_core.shell:Creating prefix script '/home/thien123/ROS2WS/HWI/install/local_setup.zsh'
[8.987s] INFO:colcon.colcon_core.shell:Creating prefix chain script '/home/thien123/ROS2WS/HWI/install/setup.zsh'
