[35m[1mConsolidate compiler generated dependencies of target bkr_robot_interface__rosidl_generator_c[0m
[  2%] Built target bkr_robot_interface__cpp
[ 12%] Built target bkr_robot_interface__rosidl_generator_c
[ 12%] Built target ament_cmake_python_copy_bkr_robot_interface
[35m[1mConsolidate compiler generated dependencies of target bkr_robot_interface__rosidl_typesupport_introspection_cpp[0m
[35m[1mConsolidate compiler generated dependencies of target bkr_robot_interface__rosidl_typesupport_fastrtps_cpp[0m
[35m[1mConsolidate compiler generated dependencies of target bkr_robot_interface__rosidl_typesupport_cpp[0m
[35m[1mConsolidate compiler generated dependencies of target bkr_robot_interface__rosidl_typesupport_c[0m
[35m[1mConsolidate compiler generated dependencies of target bkr_robot_interface__rosidl_typesupport_fastrtps_c[0m
[35m[1mConsolidate compiler generated dependencies of target bkr_robot_interface__rosidl_typesupport_introspection_c[0m
[ 23%] Built target bkr_robot_interface__rosidl_typesupport_c
[ 44%] Built target bkr_robot_interface__rosidl_typesupport_cpp
[ 44%] Built target bkr_robot_interface__rosidl_typesupport_introspection_cpp
[ 55%] Built target bkr_robot_interface__rosidl_typesupport_fastrtps_cpp
[ 65%] Built target bkr_robot_interface__rosidl_typesupport_introspection_c
[ 76%] Built target bkr_robot_interface__rosidl_typesupport_fastrtps_c
[ 76%] Built target bkr_robot_interface
[ 78%] Built target bkr_robot_interface__py
[35m[1mConsolidate compiler generated dependencies of target bkr_robot_interface__rosidl_generator_py[0m
[ 87%] Built target bkr_robot_interface__rosidl_generator_py
[35m[1mConsolidate compiler generated dependencies of target bkr_robot_interface__rosidl_typesupport_fastrtps_c__pyext[0m
[35m[1mConsolidate compiler generated dependencies of target bkr_robot_interface__rosidl_typesupport_c__pyext[0m
[35m[1mConsolidate compiler generated dependencies of target bkr_robot_interface__rosidl_typesupport_introspection_c__pyext[0m
[100%] Built target bkr_robot_interface__rosidl_typesupport_fastrtps_c__pyext
[100%] Built target bkr_robot_interface__rosidl_typesupport_c__pyext
[100%] Built target bkr_robot_interface__rosidl_typesupport_introspection_c__pyext
running egg_info
writing bkr_robot_interface.egg-info/PKG-INFO
writing dependency_links to bkr_robot_interface.egg-info/dependency_links.txt
writing top-level names to bkr_robot_interface.egg-info/top_level.txt
reading manifest file 'bkr_robot_interface.egg-info/SOURCES.txt'
writing manifest file 'bkr_robot_interface.egg-info/SOURCES.txt'
[100%] Built target ament_cmake_python_build_bkr_robot_interface_egg
-- Install configuration: ""
-- Up-to-date: /home/thien123/ROS2WS/HWI/install/bkr_robot_interface/share/ament_index/resource_index/rosidl_interfaces/bkr_robot_interface
-- Up-to-date: /home/thien123/ROS2WS/HWI/install/bkr_robot_interface/include/bkr_robot_interface/bkr_robot_interface
-- Up-to-date: /home/thien123/ROS2WS/HWI/install/bkr_robot_interface/include/bkr_robot_interface/bkr_robot_interface/msg
-- Up-to-date: /home/thien123/ROS2WS/HWI/install/bkr_robot_interface/include/bkr_robot_interface/bkr_robot_interface/msg/msg_odrive.h
-- Up-to-date: /home/thien123/ROS2WS/HWI/install/bkr_robot_interface/include/bkr_robot_interface/bkr_robot_interface/msg/rosidl_generator_c__visibility_control.h
-- Up-to-date: /home/thien123/ROS2WS/HWI/install/bkr_robot_interface/include/bkr_robot_interface/bkr_robot_interface/msg/detail
-- Up-to-date: /home/thien123/ROS2WS/HWI/install/bkr_robot_interface/include/bkr_robot_interface/bkr_robot_interface/msg/detail/msg_odrive__functions.c
-- Up-to-date: /home/thien123/ROS2WS/HWI/install/bkr_robot_interface/include/bkr_robot_interface/bkr_robot_interface/msg/detail/msg_odrive__functions.h
-- Up-to-date: /home/thien123/ROS2WS/HWI/install/bkr_robot_interface/include/bkr_robot_interface/bkr_robot_interface/msg/detail/msg_odrive__struct.h
-- Up-to-date: /home/thien123/ROS2WS/HWI/install/bkr_robot_interface/include/bkr_robot_interface/bkr_robot_interface/msg/detail/msg_odrive__type_support.h
-- Up-to-date: /home/thien123/ROS2WS/HWI/install/bkr_robot_interface/include/bkr_robot_interface/bkr_robot_interface/srv
-- Up-to-date: /home/thien123/ROS2WS/HWI/install/bkr_robot_interface/include/bkr_robot_interface/bkr_robot_interface/srv/request_odrive.h
-- Up-to-date: /home/thien123/ROS2WS/HWI/install/bkr_robot_interface/include/bkr_robot_interface/bkr_robot_interface/srv/linear_move.h
-- Up-to-date: /home/thien123/ROS2WS/HWI/install/bkr_robot_interface/include/bkr_robot_interface/bkr_robot_interface/srv/detail
-- Up-to-date: /home/thien123/ROS2WS/HWI/install/bkr_robot_interface/include/bkr_robot_interface/bkr_robot_interface/srv/detail/request_odrive__struct.h
-- Up-to-date: /home/thien123/ROS2WS/HWI/install/bkr_robot_interface/include/bkr_robot_interface/bkr_robot_interface/srv/detail/request_odrive__type_support.h
-- Up-to-date: /home/thien123/ROS2WS/HWI/install/bkr_robot_interface/include/bkr_robot_interface/bkr_robot_interface/srv/detail/linear_move__functions.h
-- Up-to-date: /home/thien123/ROS2WS/HWI/install/bkr_robot_interface/include/bkr_robot_interface/bkr_robot_interface/srv/detail/linear_move__type_support.h
-- Up-to-date: /home/thien123/ROS2WS/HWI/install/bkr_robot_interface/include/bkr_robot_interface/bkr_robot_interface/srv/detail/request_odrive__functions.h
-- Up-to-date: /home/thien123/ROS2WS/HWI/install/bkr_robot_interface/include/bkr_robot_interface/bkr_robot_interface/srv/detail/linear_move__struct.h
-- Up-to-date: /home/thien123/ROS2WS/HWI/install/bkr_robot_interface/include/bkr_robot_interface/bkr_robot_interface/srv/detail/request_odrive__functions.c
-- Up-to-date: /home/thien123/ROS2WS/HWI/install/bkr_robot_interface/include/bkr_robot_interface/bkr_robot_interface/srv/detail/linear_move__functions.c
-- Up-to-date: /home/thien123/ROS2WS/HWI/install/bkr_robot_interface/share/bkr_robot_interface/environment/library_path.sh
-- Up-to-date: /home/thien123/ROS2WS/HWI/install/bkr_robot_interface/share/bkr_robot_interface/environment/library_path.dsv
-- Up-to-date: /home/thien123/ROS2WS/HWI/install/bkr_robot_interface/lib/libbkr_robot_interface__rosidl_generator_c.so
-- Up-to-date: /home/thien123/ROS2WS/HWI/install/bkr_robot_interface/include/bkr_robot_interface/bkr_robot_interface
-- Up-to-date: /home/thien123/ROS2WS/HWI/install/bkr_robot_interface/include/bkr_robot_interface/bkr_robot_interface/msg
-- Up-to-date: /home/thien123/ROS2WS/HWI/install/bkr_robot_interface/include/bkr_robot_interface/bkr_robot_interface/msg/rosidl_typesupport_fastrtps_c__visibility_control.h
-- Up-to-date: /home/thien123/ROS2WS/HWI/install/bkr_robot_interface/include/bkr_robot_interface/bkr_robot_interface/msg/detail
-- Up-to-date: /home/thien123/ROS2WS/HWI/install/bkr_robot_interface/include/bkr_robot_interface/bkr_robot_interface/msg/detail/msg_odrive__rosidl_typesupport_fastrtps_c.h
-- Up-to-date: /home/thien123/ROS2WS/HWI/install/bkr_robot_interface/include/bkr_robot_interface/bkr_robot_interface/srv
-- Up-to-date: /home/thien123/ROS2WS/HWI/install/bkr_robot_interface/include/bkr_robot_interface/bkr_robot_interface/srv/detail
-- Up-to-date: /home/thien123/ROS2WS/HWI/install/bkr_robot_interface/include/bkr_robot_interface/bkr_robot_interface/srv/detail/linear_move__rosidl_typesupport_fastrtps_c.h
-- Up-to-date: /home/thien123/ROS2WS/HWI/install/bkr_robot_interface/include/bkr_robot_interface/bkr_robot_interface/srv/detail/request_odrive__rosidl_typesupport_fastrtps_c.h
-- Up-to-date: /home/thien123/ROS2WS/HWI/install/bkr_robot_interface/lib/libbkr_robot_interface__rosidl_typesupport_fastrtps_c.so
-- Up-to-date: /home/thien123/ROS2WS/HWI/install/bkr_robot_interface/include/bkr_robot_interface/bkr_robot_interface
-- Up-to-date: /home/thien123/ROS2WS/HWI/install/bkr_robot_interface/include/bkr_robot_interface/bkr_robot_interface/msg
-- Up-to-date: /home/thien123/ROS2WS/HWI/install/bkr_robot_interface/include/bkr_robot_interface/bkr_robot_interface/msg/detail
-- Up-to-date: /home/thien123/ROS2WS/HWI/install/bkr_robot_interface/include/bkr_robot_interface/bkr_robot_interface/msg/detail/msg_odrive__rosidl_typesupport_introspection_c.h
-- Up-to-date: /home/thien123/ROS2WS/HWI/install/bkr_robot_interface/include/bkr_robot_interface/bkr_robot_interface/msg/detail/msg_odrive__type_support.c
-- Up-to-date: /home/thien123/ROS2WS/HWI/install/bkr_robot_interface/include/bkr_robot_interface/bkr_robot_interface/msg/rosidl_typesupport_introspection_c__visibility_control.h
-- Up-to-date: /home/thien123/ROS2WS/HWI/install/bkr_robot_interface/include/bkr_robot_interface/bkr_robot_interface/srv
-- Up-to-date: /home/thien123/ROS2WS/HWI/install/bkr_robot_interface/include/bkr_robot_interface/bkr_robot_interface/srv/detail
-- Up-to-date: /home/thien123/ROS2WS/HWI/install/bkr_robot_interface/include/bkr_robot_interface/bkr_robot_interface/srv/detail/request_odrive__type_support.c
-- Up-to-date: /home/thien123/ROS2WS/HWI/install/bkr_robot_interface/include/bkr_robot_interface/bkr_robot_interface/srv/detail/request_odrive__rosidl_typesupport_introspection_c.h
-- Up-to-date: /home/thien123/ROS2WS/HWI/install/bkr_robot_interface/include/bkr_robot_interface/bkr_robot_interface/srv/detail/linear_move__rosidl_typesupport_introspection_c.h
-- Up-to-date: /home/thien123/ROS2WS/HWI/install/bkr_robot_interface/include/bkr_robot_interface/bkr_robot_interface/srv/detail/linear_move__type_support.c
-- Up-to-date: /home/thien123/ROS2WS/HWI/install/bkr_robot_interface/lib/libbkr_robot_interface__rosidl_typesupport_introspection_c.so
-- Up-to-date: /home/thien123/ROS2WS/HWI/install/bkr_robot_interface/lib/libbkr_robot_interface__rosidl_typesupport_c.so
-- Up-to-date: /home/thien123/ROS2WS/HWI/install/bkr_robot_interface/include/bkr_robot_interface/bkr_robot_interface
-- Up-to-date: /home/thien123/ROS2WS/HWI/install/bkr_robot_interface/include/bkr_robot_interface/bkr_robot_interface/msg
-- Up-to-date: /home/thien123/ROS2WS/HWI/install/bkr_robot_interface/include/bkr_robot_interface/bkr_robot_interface/msg/msg_odrive.hpp
-- Up-to-date: /home/thien123/ROS2WS/HWI/install/bkr_robot_interface/include/bkr_robot_interface/bkr_robot_interface/msg/detail
-- Up-to-date: /home/thien123/ROS2WS/HWI/install/bkr_robot_interface/include/bkr_robot_interface/bkr_robot_interface/msg/detail/msg_odrive__struct.hpp
-- Up-to-date: /home/thien123/ROS2WS/HWI/install/bkr_robot_interface/include/bkr_robot_interface/bkr_robot_interface/msg/detail/msg_odrive__traits.hpp
-- Up-to-date: /home/thien123/ROS2WS/HWI/install/bkr_robot_interface/include/bkr_robot_interface/bkr_robot_interface/msg/detail/msg_odrive__type_support.hpp
-- Up-to-date: /home/thien123/ROS2WS/HWI/install/bkr_robot_interface/include/bkr_robot_interface/bkr_robot_interface/msg/detail/msg_odrive__builder.hpp
-- Up-to-date: /home/thien123/ROS2WS/HWI/install/bkr_robot_interface/include/bkr_robot_interface/bkr_robot_interface/msg/rosidl_generator_cpp__visibility_control.hpp
-- Up-to-date: /home/thien123/ROS2WS/HWI/install/bkr_robot_interface/include/bkr_robot_interface/bkr_robot_interface/srv
-- Up-to-date: /home/thien123/ROS2WS/HWI/install/bkr_robot_interface/include/bkr_robot_interface/bkr_robot_interface/srv/linear_move.hpp
-- Up-to-date: /home/thien123/ROS2WS/HWI/install/bkr_robot_interface/include/bkr_robot_interface/bkr_robot_interface/srv/request_odrive.hpp
-- Up-to-date: /home/thien123/ROS2WS/HWI/install/bkr_robot_interface/include/bkr_robot_interface/bkr_robot_interface/srv/detail
-- Up-to-date: /home/thien123/ROS2WS/HWI/install/bkr_robot_interface/include/bkr_robot_interface/bkr_robot_interface/srv/detail/linear_move__builder.hpp
-- Up-to-date: /home/thien123/ROS2WS/HWI/install/bkr_robot_interface/include/bkr_robot_interface/bkr_robot_interface/srv/detail/request_odrive__struct.hpp
-- Up-to-date: /home/thien123/ROS2WS/HWI/install/bkr_robot_interface/include/bkr_robot_interface/bkr_robot_interface/srv/detail/request_odrive__builder.hpp
-- Up-to-date: /home/thien123/ROS2WS/HWI/install/bkr_robot_interface/include/bkr_robot_interface/bkr_robot_interface/srv/detail/linear_move__struct.hpp
-- Up-to-date: /home/thien123/ROS2WS/HWI/install/bkr_robot_interface/include/bkr_robot_interface/bkr_robot_interface/srv/detail/request_odrive__type_support.hpp
-- Up-to-date: /home/thien123/ROS2WS/HWI/install/bkr_robot_interface/include/bkr_robot_interface/bkr_robot_interface/srv/detail/linear_move__type_support.hpp
-- Up-to-date: /home/thien123/ROS2WS/HWI/install/bkr_robot_interface/include/bkr_robot_interface/bkr_robot_interface/srv/detail/linear_move__traits.hpp
-- Up-to-date: /home/thien123/ROS2WS/HWI/install/bkr_robot_interface/include/bkr_robot_interface/bkr_robot_interface/srv/detail/request_odrive__traits.hpp
-- Up-to-date: /home/thien123/ROS2WS/HWI/install/bkr_robot_interface/include/bkr_robot_interface/bkr_robot_interface
-- Up-to-date: /home/thien123/ROS2WS/HWI/install/bkr_robot_interface/include/bkr_robot_interface/bkr_robot_interface/msg
-- Up-to-date: /home/thien123/ROS2WS/HWI/install/bkr_robot_interface/include/bkr_robot_interface/bkr_robot_interface/msg/rosidl_typesupport_fastrtps_cpp__visibility_control.h
-- Up-to-date: /home/thien123/ROS2WS/HWI/install/bkr_robot_interface/include/bkr_robot_interface/bkr_robot_interface/msg/detail
-- Up-to-date: /home/thien123/ROS2WS/HWI/install/bkr_robot_interface/include/bkr_robot_interface/bkr_robot_interface/msg/detail/msg_odrive__rosidl_typesupport_fastrtps_cpp.hpp
-- Up-to-date: /home/thien123/ROS2WS/HWI/install/bkr_robot_interface/include/bkr_robot_interface/bkr_robot_interface/msg/detail/dds_fastrtps
-- Up-to-date: /home/thien123/ROS2WS/HWI/install/bkr_robot_interface/include/bkr_robot_interface/bkr_robot_interface/srv
-- Up-to-date: /home/thien123/ROS2WS/HWI/install/bkr_robot_interface/include/bkr_robot_interface/bkr_robot_interface/srv/detail
-- Up-to-date: /home/thien123/ROS2WS/HWI/install/bkr_robot_interface/include/bkr_robot_interface/bkr_robot_interface/srv/detail/request_odrive__rosidl_typesupport_fastrtps_cpp.hpp
-- Up-to-date: /home/thien123/ROS2WS/HWI/install/bkr_robot_interface/include/bkr_robot_interface/bkr_robot_interface/srv/detail/dds_fastrtps
-- Up-to-date: /home/thien123/ROS2WS/HWI/install/bkr_robot_interface/include/bkr_robot_interface/bkr_robot_interface/srv/detail/linear_move__rosidl_typesupport_fastrtps_cpp.hpp
-- Up-to-date: /home/thien123/ROS2WS/HWI/install/bkr_robot_interface/lib/libbkr_robot_interface__rosidl_typesupport_fastrtps_cpp.so
-- Up-to-date: /home/thien123/ROS2WS/HWI/install/bkr_robot_interface/include/bkr_robot_interface/bkr_robot_interface
-- Up-to-date: /home/thien123/ROS2WS/HWI/install/bkr_robot_interface/include/bkr_robot_interface/bkr_robot_interface/msg
-- Up-to-date: /home/thien123/ROS2WS/HWI/install/bkr_robot_interface/include/bkr_robot_interface/bkr_robot_interface/msg/detail
-- Up-to-date: /home/thien123/ROS2WS/HWI/install/bkr_robot_interface/include/bkr_robot_interface/bkr_robot_interface/msg/detail/msg_odrive__rosidl_typesupport_introspection_cpp.hpp
-- Up-to-date: /home/thien123/ROS2WS/HWI/install/bkr_robot_interface/include/bkr_robot_interface/bkr_robot_interface/msg/detail/msg_odrive__type_support.cpp
-- Up-to-date: /home/thien123/ROS2WS/HWI/install/bkr_robot_interface/include/bkr_robot_interface/bkr_robot_interface/srv
-- Up-to-date: /home/thien123/ROS2WS/HWI/install/bkr_robot_interface/include/bkr_robot_interface/bkr_robot_interface/srv/detail
-- Up-to-date: /home/thien123/ROS2WS/HWI/install/bkr_robot_interface/include/bkr_robot_interface/bkr_robot_interface/srv/detail/linear_move__type_support.cpp
-- Up-to-date: /home/thien123/ROS2WS/HWI/install/bkr_robot_interface/include/bkr_robot_interface/bkr_robot_interface/srv/detail/linear_move__rosidl_typesupport_introspection_cpp.hpp
-- Up-to-date: /home/thien123/ROS2WS/HWI/install/bkr_robot_interface/include/bkr_robot_interface/bkr_robot_interface/srv/detail/request_odrive__type_support.cpp
-- Up-to-date: /home/thien123/ROS2WS/HWI/install/bkr_robot_interface/include/bkr_robot_interface/bkr_robot_interface/srv/detail/request_odrive__rosidl_typesupport_introspection_cpp.hpp
-- Up-to-date: /home/thien123/ROS2WS/HWI/install/bkr_robot_interface/lib/libbkr_robot_interface__rosidl_typesupport_introspection_cpp.so
-- Up-to-date: /home/thien123/ROS2WS/HWI/install/bkr_robot_interface/lib/libbkr_robot_interface__rosidl_typesupport_cpp.so
-- Up-to-date: /home/thien123/ROS2WS/HWI/install/bkr_robot_interface/share/bkr_robot_interface/environment/pythonpath.sh
-- Up-to-date: /home/thien123/ROS2WS/HWI/install/bkr_robot_interface/share/bkr_robot_interface/environment/pythonpath.dsv
-- Up-to-date: /home/thien123/ROS2WS/HWI/install/bkr_robot_interface/local/lib/python3.10/dist-packages/bkr_robot_interface-0.0.0-py3.10.egg-info
-- Installing: /home/thien123/ROS2WS/HWI/install/bkr_robot_interface/local/lib/python3.10/dist-packages/bkr_robot_interface-0.0.0-py3.10.egg-info/top_level.txt
-- Installing: /home/thien123/ROS2WS/HWI/install/bkr_robot_interface/local/lib/python3.10/dist-packages/bkr_robot_interface-0.0.0-py3.10.egg-info/dependency_links.txt
-- Installing: /home/thien123/ROS2WS/HWI/install/bkr_robot_interface/local/lib/python3.10/dist-packages/bkr_robot_interface-0.0.0-py3.10.egg-info/PKG-INFO
-- Installing: /home/thien123/ROS2WS/HWI/install/bkr_robot_interface/local/lib/python3.10/dist-packages/bkr_robot_interface-0.0.0-py3.10.egg-info/SOURCES.txt
-- Up-to-date: /home/thien123/ROS2WS/HWI/install/bkr_robot_interface/local/lib/python3.10/dist-packages/bkr_robot_interface
-- Up-to-date: /home/thien123/ROS2WS/HWI/install/bkr_robot_interface/local/lib/python3.10/dist-packages/bkr_robot_interface/_bkr_robot_interface_s.ep.rosidl_typesupport_c.c
-- Up-to-date: /home/thien123/ROS2WS/HWI/install/bkr_robot_interface/local/lib/python3.10/dist-packages/bkr_robot_interface/bkr_robot_interface_s__rosidl_typesupport_introspection_c.cpython-310-x86_64-linux-gnu.so
-- Up-to-date: /home/thien123/ROS2WS/HWI/install/bkr_robot_interface/local/lib/python3.10/dist-packages/bkr_robot_interface/_bkr_robot_interface_s.ep.rosidl_typesupport_introspection_c.c
-- Up-to-date: /home/thien123/ROS2WS/HWI/install/bkr_robot_interface/local/lib/python3.10/dist-packages/bkr_robot_interface/msg
-- Up-to-date: /home/thien123/ROS2WS/HWI/install/bkr_robot_interface/local/lib/python3.10/dist-packages/bkr_robot_interface/msg/_msg_odrive_s.c
-- Up-to-date: /home/thien123/ROS2WS/HWI/install/bkr_robot_interface/local/lib/python3.10/dist-packages/bkr_robot_interface/msg/__init__.py
-- Up-to-date: /home/thien123/ROS2WS/HWI/install/bkr_robot_interface/local/lib/python3.10/dist-packages/bkr_robot_interface/msg/_msg_odrive.py
-- Up-to-date: /home/thien123/ROS2WS/HWI/install/bkr_robot_interface/local/lib/python3.10/dist-packages/bkr_robot_interface/_bkr_robot_interface_s.ep.rosidl_typesupport_fastrtps_c.c
-- Up-to-date: /home/thien123/ROS2WS/HWI/install/bkr_robot_interface/local/lib/python3.10/dist-packages/bkr_robot_interface/bkr_robot_interface_s__rosidl_typesupport_fastrtps_c.cpython-310-x86_64-linux-gnu.so
-- Up-to-date: /home/thien123/ROS2WS/HWI/install/bkr_robot_interface/local/lib/python3.10/dist-packages/bkr_robot_interface/bkr_robot_interface_s__rosidl_typesupport_c.cpython-310-x86_64-linux-gnu.so
-- Up-to-date: /home/thien123/ROS2WS/HWI/install/bkr_robot_interface/local/lib/python3.10/dist-packages/bkr_robot_interface/srv
-- Up-to-date: /home/thien123/ROS2WS/HWI/install/bkr_robot_interface/local/lib/python3.10/dist-packages/bkr_robot_interface/srv/_request_odrive.py
-- Up-to-date: /home/thien123/ROS2WS/HWI/install/bkr_robot_interface/local/lib/python3.10/dist-packages/bkr_robot_interface/srv/_linear_move.py
-- Up-to-date: /home/thien123/ROS2WS/HWI/install/bkr_robot_interface/local/lib/python3.10/dist-packages/bkr_robot_interface/srv/_request_odrive_s.c
-- Up-to-date: /home/thien123/ROS2WS/HWI/install/bkr_robot_interface/local/lib/python3.10/dist-packages/bkr_robot_interface/srv/__init__.py
-- Up-to-date: /home/thien123/ROS2WS/HWI/install/bkr_robot_interface/local/lib/python3.10/dist-packages/bkr_robot_interface/srv/_linear_move_s.c
-- Up-to-date: /home/thien123/ROS2WS/HWI/install/bkr_robot_interface/local/lib/python3.10/dist-packages/bkr_robot_interface/libbkr_robot_interface__rosidl_generator_py.so
-- Up-to-date: /home/thien123/ROS2WS/HWI/install/bkr_robot_interface/local/lib/python3.10/dist-packages/bkr_robot_interface/__init__.py
Listing '/home/thien123/ROS2WS/HWI/install/bkr_robot_interface/local/lib/python3.10/dist-packages/bkr_robot_interface'...
Listing '/home/thien123/ROS2WS/HWI/install/bkr_robot_interface/local/lib/python3.10/dist-packages/bkr_robot_interface/msg'...
Listing '/home/thien123/ROS2WS/HWI/install/bkr_robot_interface/local/lib/python3.10/dist-packages/bkr_robot_interface/srv'...
-- Up-to-date: /home/thien123/ROS2WS/HWI/install/bkr_robot_interface/local/lib/python3.10/dist-packages/bkr_robot_interface/bkr_robot_interface_s__rosidl_typesupport_fastrtps_c.cpython-310-x86_64-linux-gnu.so
-- Up-to-date: /home/thien123/ROS2WS/HWI/install/bkr_robot_interface/local/lib/python3.10/dist-packages/bkr_robot_interface/bkr_robot_interface_s__rosidl_typesupport_introspection_c.cpython-310-x86_64-linux-gnu.so
-- Up-to-date: /home/thien123/ROS2WS/HWI/install/bkr_robot_interface/local/lib/python3.10/dist-packages/bkr_robot_interface/bkr_robot_interface_s__rosidl_typesupport_c.cpython-310-x86_64-linux-gnu.so
-- Up-to-date: /home/thien123/ROS2WS/HWI/install/bkr_robot_interface/lib/libbkr_robot_interface__rosidl_generator_py.so
-- Up-to-date: /home/thien123/ROS2WS/HWI/install/bkr_robot_interface/share/bkr_robot_interface/msg/MsgOdrive.idl
-- Up-to-date: /home/thien123/ROS2WS/HWI/install/bkr_robot_interface/share/bkr_robot_interface/srv/LinearMove.idl
-- Up-to-date: /home/thien123/ROS2WS/HWI/install/bkr_robot_interface/share/bkr_robot_interface/srv/RequestOdrive.idl
-- Up-to-date: /home/thien123/ROS2WS/HWI/install/bkr_robot_interface/share/bkr_robot_interface/msg/MsgOdrive.msg
-- Up-to-date: /home/thien123/ROS2WS/HWI/install/bkr_robot_interface/share/bkr_robot_interface/srv/LinearMove.srv
-- Up-to-date: /home/thien123/ROS2WS/HWI/install/bkr_robot_interface/share/bkr_robot_interface/srv/LinearMove_Request.msg
-- Up-to-date: /home/thien123/ROS2WS/HWI/install/bkr_robot_interface/share/bkr_robot_interface/srv/LinearMove_Response.msg
-- Up-to-date: /home/thien123/ROS2WS/HWI/install/bkr_robot_interface/share/bkr_robot_interface/srv/RequestOdrive.srv
-- Up-to-date: /home/thien123/ROS2WS/HWI/install/bkr_robot_interface/share/bkr_robot_interface/srv/RequestOdrive_Request.msg
-- Up-to-date: /home/thien123/ROS2WS/HWI/install/bkr_robot_interface/share/bkr_robot_interface/srv/RequestOdrive_Response.msg
-- Up-to-date: /home/thien123/ROS2WS/HWI/install/bkr_robot_interface/share/ament_index/resource_index/package_run_dependencies/bkr_robot_interface
-- Up-to-date: /home/thien123/ROS2WS/HWI/install/bkr_robot_interface/share/ament_index/resource_index/parent_prefix_path/bkr_robot_interface
-- Up-to-date: /home/thien123/ROS2WS/HWI/install/bkr_robot_interface/share/bkr_robot_interface/environment/ament_prefix_path.sh
-- Up-to-date: /home/thien123/ROS2WS/HWI/install/bkr_robot_interface/share/bkr_robot_interface/environment/ament_prefix_path.dsv
-- Up-to-date: /home/thien123/ROS2WS/HWI/install/bkr_robot_interface/share/bkr_robot_interface/environment/path.sh
-- Up-to-date: /home/thien123/ROS2WS/HWI/install/bkr_robot_interface/share/bkr_robot_interface/environment/path.dsv
-- Up-to-date: /home/thien123/ROS2WS/HWI/install/bkr_robot_interface/share/bkr_robot_interface/local_setup.bash
-- Up-to-date: /home/thien123/ROS2WS/HWI/install/bkr_robot_interface/share/bkr_robot_interface/local_setup.sh
-- Up-to-date: /home/thien123/ROS2WS/HWI/install/bkr_robot_interface/share/bkr_robot_interface/local_setup.zsh
-- Up-to-date: /home/thien123/ROS2WS/HWI/install/bkr_robot_interface/share/bkr_robot_interface/local_setup.dsv
-- Installing: /home/thien123/ROS2WS/HWI/install/bkr_robot_interface/share/bkr_robot_interface/package.dsv
-- Up-to-date: /home/thien123/ROS2WS/HWI/install/bkr_robot_interface/share/ament_index/resource_index/packages/bkr_robot_interface
-- Up-to-date: /home/thien123/ROS2WS/HWI/install/bkr_robot_interface/share/bkr_robot_interface/cmake/export_bkr_robot_interface__rosidl_generator_cExport.cmake
-- Up-to-date: /home/thien123/ROS2WS/HWI/install/bkr_robot_interface/share/bkr_robot_interface/cmake/export_bkr_robot_interface__rosidl_generator_cExport-noconfig.cmake
-- Up-to-date: /home/thien123/ROS2WS/HWI/install/bkr_robot_interface/share/bkr_robot_interface/cmake/export_bkr_robot_interface__rosidl_typesupport_fastrtps_cExport.cmake
-- Up-to-date: /home/thien123/ROS2WS/HWI/install/bkr_robot_interface/share/bkr_robot_interface/cmake/export_bkr_robot_interface__rosidl_typesupport_fastrtps_cExport-noconfig.cmake
-- Up-to-date: /home/thien123/ROS2WS/HWI/install/bkr_robot_interface/share/bkr_robot_interface/cmake/bkr_robot_interface__rosidl_typesupport_introspection_cExport.cmake
-- Up-to-date: /home/thien123/ROS2WS/HWI/install/bkr_robot_interface/share/bkr_robot_interface/cmake/bkr_robot_interface__rosidl_typesupport_introspection_cExport-noconfig.cmake
-- Up-to-date: /home/thien123/ROS2WS/HWI/install/bkr_robot_interface/share/bkr_robot_interface/cmake/bkr_robot_interface__rosidl_typesupport_cExport.cmake
-- Up-to-date: /home/thien123/ROS2WS/HWI/install/bkr_robot_interface/share/bkr_robot_interface/cmake/bkr_robot_interface__rosidl_typesupport_cExport-noconfig.cmake
-- Up-to-date: /home/thien123/ROS2WS/HWI/install/bkr_robot_interface/share/bkr_robot_interface/cmake/export_bkr_robot_interface__rosidl_generator_cppExport.cmake
-- Up-to-date: /home/thien123/ROS2WS/HWI/install/bkr_robot_interface/share/bkr_robot_interface/cmake/export_bkr_robot_interface__rosidl_typesupport_fastrtps_cppExport.cmake
-- Up-to-date: /home/thien123/ROS2WS/HWI/install/bkr_robot_interface/share/bkr_robot_interface/cmake/export_bkr_robot_interface__rosidl_typesupport_fastrtps_cppExport-noconfig.cmake
-- Up-to-date: /home/thien123/ROS2WS/HWI/install/bkr_robot_interface/share/bkr_robot_interface/cmake/bkr_robot_interface__rosidl_typesupport_introspection_cppExport.cmake
-- Up-to-date: /home/thien123/ROS2WS/HWI/install/bkr_robot_interface/share/bkr_robot_interface/cmake/bkr_robot_interface__rosidl_typesupport_introspection_cppExport-noconfig.cmake
-- Up-to-date: /home/thien123/ROS2WS/HWI/install/bkr_robot_interface/share/bkr_robot_interface/cmake/bkr_robot_interface__rosidl_typesupport_cppExport.cmake
-- Up-to-date: /home/thien123/ROS2WS/HWI/install/bkr_robot_interface/share/bkr_robot_interface/cmake/bkr_robot_interface__rosidl_typesupport_cppExport-noconfig.cmake
-- Up-to-date: /home/thien123/ROS2WS/HWI/install/bkr_robot_interface/share/bkr_robot_interface/cmake/export_bkr_robot_interface__rosidl_generator_pyExport.cmake
-- Up-to-date: /home/thien123/ROS2WS/HWI/install/bkr_robot_interface/share/bkr_robot_interface/cmake/export_bkr_robot_interface__rosidl_generator_pyExport-noconfig.cmake
-- Up-to-date: /home/thien123/ROS2WS/HWI/install/bkr_robot_interface/share/bkr_robot_interface/cmake/rosidl_cmake-extras.cmake
-- Up-to-date: /home/thien123/ROS2WS/HWI/install/bkr_robot_interface/share/bkr_robot_interface/cmake/ament_cmake_export_include_directories-extras.cmake
-- Up-to-date: /home/thien123/ROS2WS/HWI/install/bkr_robot_interface/share/bkr_robot_interface/cmake/ament_cmake_export_libraries-extras.cmake
-- Up-to-date: /home/thien123/ROS2WS/HWI/install/bkr_robot_interface/share/bkr_robot_interface/cmake/ament_cmake_export_targets-extras.cmake
-- Up-to-date: /home/thien123/ROS2WS/HWI/install/bkr_robot_interface/share/bkr_robot_interface/cmake/rosidl_cmake_export_typesupport_targets-extras.cmake
-- Up-to-date: /home/thien123/ROS2WS/HWI/install/bkr_robot_interface/share/bkr_robot_interface/cmake/ament_cmake_export_dependencies-extras.cmake
-- Up-to-date: /home/thien123/ROS2WS/HWI/install/bkr_robot_interface/share/bkr_robot_interface/cmake/rosidl_cmake_export_typesupport_libraries-extras.cmake
-- Up-to-date: /home/thien123/ROS2WS/HWI/install/bkr_robot_interface/share/bkr_robot_interface/cmake/bkr_robot_interfaceConfig.cmake
-- Up-to-date: /home/thien123/ROS2WS/HWI/install/bkr_robot_interface/share/bkr_robot_interface/cmake/bkr_robot_interfaceConfig-version.cmake
-- Up-to-date: /home/thien123/ROS2WS/HWI/install/bkr_robot_interface/share/bkr_robot_interface/package.xml
