-- The C compiler identification is GNU 11.4.0
-- The CXX compiler identification is GNU 11.4.0
-- Detecting C compiler ABI info
-- Detecting C compiler ABI info - done
-- Check for working C compiler: /usr/bin/cc - skipped
-- Detecting C compile features
-- Detecting C compile features - done
-- Detecting CXX compiler ABI info
-- Detecting CXX compiler ABI info - done
-- Check for working CXX compiler: /usr/bin/c++ - skipped
-- Detecting CXX compile features
-- Detecting CXX compile features - done
-- Found ament_cmake: 1.3.12 (/opt/ros/humble/share/ament_cmake/cmake)
-- Found Python3: /usr/bin/python3 (found version "3.10.12") found components: Interpreter 
-- Found rosidl_default_generators: 1.2.0 (/opt/ros/humble/share/rosidl_default_generators/cmake)
-- Using all available rosidl_typesupport_c: rosidl_typesupport_fastrtps_c;rosidl_typesupport_introspection_c
-- Found rosidl_adapter: 3.1.7 (/opt/ros/humble/share/rosidl_adapter/cmake)
-- Using all available rosidl_typesupport_cpp: rosidl_typesupport_fastrtps_cpp;rosidl_typesupport_introspection_cpp
-- Found ament_cmake_ros: 0.10.0 (/opt/ros/humble/share/ament_cmake_ros/cmake)
-- Using all available rosidl_typesupport_c: rosidl_typesupport_fastrtps_c;rosidl_typesupport_introspection_c
-- Using all available rosidl_typesupport_cpp: rosidl_typesupport_fastrtps_cpp;rosidl_typesupport_introspection_cpp
-- Found PythonInterp: /usr/bin/python3 (found suitable version "3.10.12", minimum required is "3.6") 
-- Found python_cmake_module: 0.10.0 (/opt/ros/humble/share/python_cmake_module/cmake)
-- Found PythonLibs: /usr/lib/x86_64-linux-gnu/libpython3.10.so (found suitable version "3.10.12", minimum required is "3.5") 
-- Using PYTHON_EXECUTABLE: /usr/bin/python3
-- Using PYTHON_INCLUDE_DIRS: /usr/include/python3.10
-- Using PYTHON_LIBRARIES: /usr/lib/x86_64-linux-gnu/libpython3.10.so
-- Found PythonExtra: .so  
-- Configuring done
-- Generating done
-- Build files have been written to: /home/thien123/ROS2WS/HWI/build/bkr_robot_interface
[  2%] [34m[1mGenerating C code for ROS interfaces[0m
[  4%] [34m[1mGenerating C++ code for ROS interfaces[0m
[  4%] Built target ament_cmake_python_copy_bkr_robot_interface
running egg_info
creating bkr_robot_interface.egg-info
writing bkr_robot_interface.egg-info/PKG-INFO
writing dependency_links to bkr_robot_interface.egg-info/dependency_links.txt
writing top-level names to bkr_robot_interface.egg-info/top_level.txt
writing manifest file 'bkr_robot_interface.egg-info/SOURCES.txt'
reading manifest file 'bkr_robot_interface.egg-info/SOURCES.txt'
writing manifest file 'bkr_robot_interface.egg-info/SOURCES.txt'
[  4%] Built target ament_cmake_python_build_bkr_robot_interface_egg
[  4%] Built target bkr_robot_interface__cpp
[  6%] [32mBuilding C object CMakeFiles/bkr_robot_interface__rosidl_generator_c.dir/rosidl_generator_c/bkr_robot_interface/msg/detail/msg_odrive__functions.c.o[0m
[ 10%] [32mBuilding C object CMakeFiles/bkr_robot_interface__rosidl_generator_c.dir/rosidl_generator_c/bkr_robot_interface/srv/detail/request_odrive__functions.c.o[0m
[ 10%] [32mBuilding C object CMakeFiles/bkr_robot_interface__rosidl_generator_c.dir/rosidl_generator_c/bkr_robot_interface/srv/detail/linear_move__functions.c.o[0m
[ 14%] [34m[1mGenerating C++ type support dispatch for ROS interfaces[0m
[ 14%] [34m[1mGenerating C++ introspection for ROS interfaces[0m
[ 17%] [34m[1mGenerating C++ type support for eProsima Fast-RTPS[0m
[ 19%] [32m[1mLinking C shared library libbkr_robot_interface__rosidl_generator_c.so[0m
[ 19%] Built target bkr_robot_interface__rosidl_generator_c
[ 25%] [34m[1mGenerating C type support dispatch for ROS interfaces[0m
[ 25%] [34m[1mGenerating C type support for eProsima Fast-RTPS[0m
[ 25%] [34m[1mGenerating C introspection for ROS interfaces[0m
[ 31%] [32mBuilding CXX object CMakeFiles/bkr_robot_interface__rosidl_typesupport_cpp.dir/rosidl_typesupport_cpp/bkr_robot_interface/msg/msg_odrive__type_support.cpp.o[0m
[ 31%] [32mBuilding CXX object CMakeFiles/bkr_robot_interface__rosidl_typesupport_cpp.dir/rosidl_typesupport_cpp/bkr_robot_interface/srv/request_odrive__type_support.cpp.o[0m
[ 31%] [32mBuilding CXX object CMakeFiles/bkr_robot_interface__rosidl_typesupport_cpp.dir/rosidl_typesupport_cpp/bkr_robot_interface/srv/linear_move__type_support.cpp.o[0m
[ 34%] [32mBuilding CXX object CMakeFiles/bkr_robot_interface__rosidl_typesupport_introspection_cpp.dir/rosidl_typesupport_introspection_cpp/bkr_robot_interface/srv/detail/linear_move__type_support.cpp.o[0m
[ 36%] [32mBuilding CXX object CMakeFiles/bkr_robot_interface__rosidl_typesupport_introspection_cpp.dir/rosidl_typesupport_introspection_cpp/bkr_robot_interface/msg/detail/msg_odrive__type_support.cpp.o[0m
[ 38%] [32mBuilding CXX object CMakeFiles/bkr_robot_interface__rosidl_typesupport_introspection_cpp.dir/rosidl_typesupport_introspection_cpp/bkr_robot_interface/srv/detail/request_odrive__type_support.cpp.o[0m
[ 40%] [32mBuilding CXX object CMakeFiles/bkr_robot_interface__rosidl_typesupport_fastrtps_cpp.dir/rosidl_typesupport_fastrtps_cpp/bkr_robot_interface/srv/detail/dds_fastrtps/linear_move__type_support.cpp.o[0m
[ 42%] [32mBuilding CXX object CMakeFiles/bkr_robot_interface__rosidl_typesupport_fastrtps_cpp.dir/rosidl_typesupport_fastrtps_cpp/bkr_robot_interface/msg/detail/dds_fastrtps/msg_odrive__type_support.cpp.o[0m
[ 44%] [32mBuilding CXX object CMakeFiles/bkr_robot_interface__rosidl_typesupport_fastrtps_cpp.dir/rosidl_typesupport_fastrtps_cpp/bkr_robot_interface/srv/detail/dds_fastrtps/request_odrive__type_support.cpp.o[0m
[ 51%] [32mBuilding CXX object CMakeFiles/bkr_robot_interface__rosidl_typesupport_c.dir/rosidl_typesupport_c/bkr_robot_interface/srv/request_odrive__type_support.cpp.o[0m
[ 51%] [32mBuilding CXX object CMakeFiles/bkr_robot_interface__rosidl_typesupport_c.dir/rosidl_typesupport_c/bkr_robot_interface/srv/linear_move__type_support.cpp.o[0m
[ 51%] [32mBuilding CXX object CMakeFiles/bkr_robot_interface__rosidl_typesupport_c.dir/rosidl_typesupport_c/bkr_robot_interface/msg/msg_odrive__type_support.cpp.o[0m
[ 53%] [32m[1mLinking CXX shared library libbkr_robot_interface__rosidl_typesupport_c.so[0m
[ 55%] [32mBuilding CXX object CMakeFiles/bkr_robot_interface__rosidl_typesupport_fastrtps_c.dir/rosidl_typesupport_fastrtps_c/bkr_robot_interface/srv/detail/linear_move__type_support_c.cpp.o[0m
[ 59%] [32mBuilding CXX object CMakeFiles/bkr_robot_interface__rosidl_typesupport_fastrtps_c.dir/rosidl_typesupport_fastrtps_c/bkr_robot_interface/srv/detail/request_odrive__type_support_c.cpp.o[0m
[ 59%] [32mBuilding CXX object CMakeFiles/bkr_robot_interface__rosidl_typesupport_fastrtps_c.dir/rosidl_typesupport_fastrtps_c/bkr_robot_interface/msg/detail/msg_odrive__type_support_c.cpp.o[0m
[ 59%] Built target bkr_robot_interface__rosidl_typesupport_c
[ 63%] [32mBuilding C object CMakeFiles/bkr_robot_interface__rosidl_typesupport_introspection_c.dir/rosidl_typesupport_introspection_c/bkr_robot_interface/msg/detail/msg_odrive__type_support.c.o[0m
[ 63%] [32mBuilding C object CMakeFiles/bkr_robot_interface__rosidl_typesupport_introspection_c.dir/rosidl_typesupport_introspection_c/bkr_robot_interface/srv/detail/request_odrive__type_support.c.o[0m
[ 65%] [32mBuilding C object CMakeFiles/bkr_robot_interface__rosidl_typesupport_introspection_c.dir/rosidl_typesupport_introspection_c/bkr_robot_interface/srv/detail/linear_move__type_support.c.o[0m
[ 68%] [32m[1mLinking C shared library libbkr_robot_interface__rosidl_typesupport_introspection_c.so[0m
[ 68%] Built target bkr_robot_interface__rosidl_typesupport_introspection_c
[ 70%] [32m[1mLinking CXX shared library libbkr_robot_interface__rosidl_typesupport_cpp.so[0m
[ 70%] Built target bkr_robot_interface__rosidl_typesupport_cpp
[ 72%] [32m[1mLinking CXX shared library libbkr_robot_interface__rosidl_typesupport_introspection_cpp.so[0m
[ 74%] [32m[1mLinking CXX shared library libbkr_robot_interface__rosidl_typesupport_fastrtps_c.so[0m
[ 74%] Built target bkr_robot_interface__rosidl_typesupport_introspection_cpp
[ 76%] [32m[1mLinking CXX shared library libbkr_robot_interface__rosidl_typesupport_fastrtps_cpp.so[0m
[ 76%] Built target bkr_robot_interface__rosidl_typesupport_fastrtps_c
[ 76%] Built target bkr_robot_interface__rosidl_typesupport_fastrtps_cpp
[ 76%] Built target bkr_robot_interface
[ 78%] [34m[1mGenerating Python code for ROS interfaces[0m
[ 78%] Built target bkr_robot_interface__py
[ 82%] [32mBuilding C object CMakeFiles/bkr_robot_interface__rosidl_generator_py.dir/rosidl_generator_py/bkr_robot_interface/srv/_linear_move_s.c.o[0m
[ 82%] [32mBuilding C object CMakeFiles/bkr_robot_interface__rosidl_generator_py.dir/rosidl_generator_py/bkr_robot_interface/msg/_msg_odrive_s.c.o[0m
[ 85%] [32mBuilding C object CMakeFiles/bkr_robot_interface__rosidl_generator_py.dir/rosidl_generator_py/bkr_robot_interface/srv/_request_odrive_s.c.o[0m
[ 87%] [32m[1mLinking C shared library rosidl_generator_py/bkr_robot_interface/libbkr_robot_interface__rosidl_generator_py.so[0m
[ 87%] Built target bkr_robot_interface__rosidl_generator_py
[ 93%] [32mBuilding C object CMakeFiles/bkr_robot_interface__rosidl_typesupport_introspection_c__pyext.dir/rosidl_generator_py/bkr_robot_interface/_bkr_robot_interface_s.ep.rosidl_typesupport_introspection_c.c.o[0m
[ 93%] [32mBuilding C object CMakeFiles/bkr_robot_interface__rosidl_typesupport_c__pyext.dir/rosidl_generator_py/bkr_robot_interface/_bkr_robot_interface_s.ep.rosidl_typesupport_c.c.o[0m
[ 93%] [32mBuilding C object CMakeFiles/bkr_robot_interface__rosidl_typesupport_fastrtps_c__pyext.dir/rosidl_generator_py/bkr_robot_interface/_bkr_robot_interface_s.ep.rosidl_typesupport_fastrtps_c.c.o[0m
[ 95%] [32m[1mLinking C shared library rosidl_generator_py/bkr_robot_interface/bkr_robot_interface_s__rosidl_typesupport_c.cpython-310-x86_64-linux-gnu.so[0m
[ 97%] [32m[1mLinking C shared library rosidl_generator_py/bkr_robot_interface/bkr_robot_interface_s__rosidl_typesupport_introspection_c.cpython-310-x86_64-linux-gnu.so[0m
[100%] [32m[1mLinking C shared library rosidl_generator_py/bkr_robot_interface/bkr_robot_interface_s__rosidl_typesupport_fastrtps_c.cpython-310-x86_64-linux-gnu.so[0m
[100%] Built target bkr_robot_interface__rosidl_typesupport_c__pyext
[100%] Built target bkr_robot_interface__rosidl_typesupport_introspection_c__pyext
[100%] Built target bkr_robot_interface__rosidl_typesupport_fastrtps_c__pyext
-- Install configuration: ""
-- Installing: /home/thien123/ROS2WS/HWI/install/bkr_robot_interface/share/ament_index/resource_index/rosidl_interfaces/bkr_robot_interface
-- Installing: /home/thien123/ROS2WS/HWI/install/bkr_robot_interface/include/bkr_robot_interface/bkr_robot_interface
-- Installing: /home/thien123/ROS2WS/HWI/install/bkr_robot_interface/include/bkr_robot_interface/bkr_robot_interface/msg
-- Installing: /home/thien123/ROS2WS/HWI/install/bkr_robot_interface/include/bkr_robot_interface/bkr_robot_interface/msg/msg_odrive.h
-- Installing: /home/thien123/ROS2WS/HWI/install/bkr_robot_interface/include/bkr_robot_interface/bkr_robot_interface/msg/rosidl_generator_c__visibility_control.h
-- Installing: /home/thien123/ROS2WS/HWI/install/bkr_robot_interface/include/bkr_robot_interface/bkr_robot_interface/msg/detail
-- Installing: /home/thien123/ROS2WS/HWI/install/bkr_robot_interface/include/bkr_robot_interface/bkr_robot_interface/msg/detail/msg_odrive__functions.c
-- Installing: /home/thien123/ROS2WS/HWI/install/bkr_robot_interface/include/bkr_robot_interface/bkr_robot_interface/msg/detail/msg_odrive__functions.h
-- Installing: /home/thien123/ROS2WS/HWI/install/bkr_robot_interface/include/bkr_robot_interface/bkr_robot_interface/msg/detail/msg_odrive__struct.h
-- Installing: /home/thien123/ROS2WS/HWI/install/bkr_robot_interface/include/bkr_robot_interface/bkr_robot_interface/msg/detail/msg_odrive__type_support.h
-- Installing: /home/thien123/ROS2WS/HWI/install/bkr_robot_interface/include/bkr_robot_interface/bkr_robot_interface/srv
-- Installing: /home/thien123/ROS2WS/HWI/install/bkr_robot_interface/include/bkr_robot_interface/bkr_robot_interface/srv/request_odrive.h
-- Installing: /home/thien123/ROS2WS/HWI/install/bkr_robot_interface/include/bkr_robot_interface/bkr_robot_interface/srv/linear_move.h
-- Installing: /home/thien123/ROS2WS/HWI/install/bkr_robot_interface/include/bkr_robot_interface/bkr_robot_interface/srv/detail
-- Installing: /home/thien123/ROS2WS/HWI/install/bkr_robot_interface/include/bkr_robot_interface/bkr_robot_interface/srv/detail/request_odrive__struct.h
-- Installing: /home/thien123/ROS2WS/HWI/install/bkr_robot_interface/include/bkr_robot_interface/bkr_robot_interface/srv/detail/request_odrive__type_support.h
-- Installing: /home/thien123/ROS2WS/HWI/install/bkr_robot_interface/include/bkr_robot_interface/bkr_robot_interface/srv/detail/linear_move__functions.h
-- Installing: /home/thien123/ROS2WS/HWI/install/bkr_robot_interface/include/bkr_robot_interface/bkr_robot_interface/srv/detail/linear_move__type_support.h
-- Installing: /home/thien123/ROS2WS/HWI/install/bkr_robot_interface/include/bkr_robot_interface/bkr_robot_interface/srv/detail/request_odrive__functions.h
-- Installing: /home/thien123/ROS2WS/HWI/install/bkr_robot_interface/include/bkr_robot_interface/bkr_robot_interface/srv/detail/linear_move__struct.h
-- Installing: /home/thien123/ROS2WS/HWI/install/bkr_robot_interface/include/bkr_robot_interface/bkr_robot_interface/srv/detail/request_odrive__functions.c
-- Installing: /home/thien123/ROS2WS/HWI/install/bkr_robot_interface/include/bkr_robot_interface/bkr_robot_interface/srv/detail/linear_move__functions.c
-- Installing: /home/thien123/ROS2WS/HWI/install/bkr_robot_interface/share/bkr_robot_interface/environment/library_path.sh
-- Installing: /home/thien123/ROS2WS/HWI/install/bkr_robot_interface/share/bkr_robot_interface/environment/library_path.dsv
-- Installing: /home/thien123/ROS2WS/HWI/install/bkr_robot_interface/lib/libbkr_robot_interface__rosidl_generator_c.so
-- Set runtime path of "/home/thien123/ROS2WS/HWI/install/bkr_robot_interface/lib/libbkr_robot_interface__rosidl_generator_c.so" to ""
-- Up-to-date: /home/thien123/ROS2WS/HWI/install/bkr_robot_interface/include/bkr_robot_interface/bkr_robot_interface
-- Up-to-date: /home/thien123/ROS2WS/HWI/install/bkr_robot_interface/include/bkr_robot_interface/bkr_robot_interface/msg
-- Installing: /home/thien123/ROS2WS/HWI/install/bkr_robot_interface/include/bkr_robot_interface/bkr_robot_interface/msg/rosidl_typesupport_fastrtps_c__visibility_control.h
-- Up-to-date: /home/thien123/ROS2WS/HWI/install/bkr_robot_interface/include/bkr_robot_interface/bkr_robot_interface/msg/detail
-- Installing: /home/thien123/ROS2WS/HWI/install/bkr_robot_interface/include/bkr_robot_interface/bkr_robot_interface/msg/detail/msg_odrive__rosidl_typesupport_fastrtps_c.h
-- Up-to-date: /home/thien123/ROS2WS/HWI/install/bkr_robot_interface/include/bkr_robot_interface/bkr_robot_interface/srv
-- Up-to-date: /home/thien123/ROS2WS/HWI/install/bkr_robot_interface/include/bkr_robot_interface/bkr_robot_interface/srv/detail
-- Installing: /home/thien123/ROS2WS/HWI/install/bkr_robot_interface/include/bkr_robot_interface/bkr_robot_interface/srv/detail/linear_move__rosidl_typesupport_fastrtps_c.h
-- Installing: /home/thien123/ROS2WS/HWI/install/bkr_robot_interface/include/bkr_robot_interface/bkr_robot_interface/srv/detail/request_odrive__rosidl_typesupport_fastrtps_c.h
-- Installing: /home/thien123/ROS2WS/HWI/install/bkr_robot_interface/lib/libbkr_robot_interface__rosidl_typesupport_fastrtps_c.so
-- Set runtime path of "/home/thien123/ROS2WS/HWI/install/bkr_robot_interface/lib/libbkr_robot_interface__rosidl_typesupport_fastrtps_c.so" to ""
-- Up-to-date: /home/thien123/ROS2WS/HWI/install/bkr_robot_interface/include/bkr_robot_interface/bkr_robot_interface
-- Up-to-date: /home/thien123/ROS2WS/HWI/install/bkr_robot_interface/include/bkr_robot_interface/bkr_robot_interface/msg
-- Up-to-date: /home/thien123/ROS2WS/HWI/install/bkr_robot_interface/include/bkr_robot_interface/bkr_robot_interface/msg/detail
-- Installing: /home/thien123/ROS2WS/HWI/install/bkr_robot_interface/include/bkr_robot_interface/bkr_robot_interface/msg/detail/msg_odrive__rosidl_typesupport_introspection_c.h
-- Installing: /home/thien123/ROS2WS/HWI/install/bkr_robot_interface/include/bkr_robot_interface/bkr_robot_interface/msg/detail/msg_odrive__type_support.c
-- Installing: /home/thien123/ROS2WS/HWI/install/bkr_robot_interface/include/bkr_robot_interface/bkr_robot_interface/msg/rosidl_typesupport_introspection_c__visibility_control.h
-- Up-to-date: /home/thien123/ROS2WS/HWI/install/bkr_robot_interface/include/bkr_robot_interface/bkr_robot_interface/srv
-- Up-to-date: /home/thien123/ROS2WS/HWI/install/bkr_robot_interface/include/bkr_robot_interface/bkr_robot_interface/srv/detail
-- Installing: /home/thien123/ROS2WS/HWI/install/bkr_robot_interface/include/bkr_robot_interface/bkr_robot_interface/srv/detail/request_odrive__type_support.c
-- Installing: /home/thien123/ROS2WS/HWI/install/bkr_robot_interface/include/bkr_robot_interface/bkr_robot_interface/srv/detail/request_odrive__rosidl_typesupport_introspection_c.h
-- Installing: /home/thien123/ROS2WS/HWI/install/bkr_robot_interface/include/bkr_robot_interface/bkr_robot_interface/srv/detail/linear_move__rosidl_typesupport_introspection_c.h
-- Installing: /home/thien123/ROS2WS/HWI/install/bkr_robot_interface/include/bkr_robot_interface/bkr_robot_interface/srv/detail/linear_move__type_support.c
-- Installing: /home/thien123/ROS2WS/HWI/install/bkr_robot_interface/lib/libbkr_robot_interface__rosidl_typesupport_introspection_c.so
-- Set runtime path of "/home/thien123/ROS2WS/HWI/install/bkr_robot_interface/lib/libbkr_robot_interface__rosidl_typesupport_introspection_c.so" to ""
-- Installing: /home/thien123/ROS2WS/HWI/install/bkr_robot_interface/lib/libbkr_robot_interface__rosidl_typesupport_c.so
-- Set runtime path of "/home/thien123/ROS2WS/HWI/install/bkr_robot_interface/lib/libbkr_robot_interface__rosidl_typesupport_c.so" to ""
-- Up-to-date: /home/thien123/ROS2WS/HWI/install/bkr_robot_interface/include/bkr_robot_interface/bkr_robot_interface
-- Up-to-date: /home/thien123/ROS2WS/HWI/install/bkr_robot_interface/include/bkr_robot_interface/bkr_robot_interface/msg
-- Installing: /home/thien123/ROS2WS/HWI/install/bkr_robot_interface/include/bkr_robot_interface/bkr_robot_interface/msg/msg_odrive.hpp
-- Up-to-date: /home/thien123/ROS2WS/HWI/install/bkr_robot_interface/include/bkr_robot_interface/bkr_robot_interface/msg/detail
-- Installing: /home/thien123/ROS2WS/HWI/install/bkr_robot_interface/include/bkr_robot_interface/bkr_robot_interface/msg/detail/msg_odrive__struct.hpp
-- Installing: /home/thien123/ROS2WS/HWI/install/bkr_robot_interface/include/bkr_robot_interface/bkr_robot_interface/msg/detail/msg_odrive__traits.hpp
-- Installing: /home/thien123/ROS2WS/HWI/install/bkr_robot_interface/include/bkr_robot_interface/bkr_robot_interface/msg/detail/msg_odrive__type_support.hpp
-- Installing: /home/thien123/ROS2WS/HWI/install/bkr_robot_interface/include/bkr_robot_interface/bkr_robot_interface/msg/detail/msg_odrive__builder.hpp
-- Installing: /home/thien123/ROS2WS/HWI/install/bkr_robot_interface/include/bkr_robot_interface/bkr_robot_interface/msg/rosidl_generator_cpp__visibility_control.hpp
-- Up-to-date: /home/thien123/ROS2WS/HWI/install/bkr_robot_interface/include/bkr_robot_interface/bkr_robot_interface/srv
-- Installing: /home/thien123/ROS2WS/HWI/install/bkr_robot_interface/include/bkr_robot_interface/bkr_robot_interface/srv/linear_move.hpp
-- Installing: /home/thien123/ROS2WS/HWI/install/bkr_robot_interface/include/bkr_robot_interface/bkr_robot_interface/srv/request_odrive.hpp
-- Up-to-date: /home/thien123/ROS2WS/HWI/install/bkr_robot_interface/include/bkr_robot_interface/bkr_robot_interface/srv/detail
-- Installing: /home/thien123/ROS2WS/HWI/install/bkr_robot_interface/include/bkr_robot_interface/bkr_robot_interface/srv/detail/linear_move__builder.hpp
-- Installing: /home/thien123/ROS2WS/HWI/install/bkr_robot_interface/include/bkr_robot_interface/bkr_robot_interface/srv/detail/request_odrive__struct.hpp
-- Installing: /home/thien123/ROS2WS/HWI/install/bkr_robot_interface/include/bkr_robot_interface/bkr_robot_interface/srv/detail/request_odrive__builder.hpp
-- Installing: /home/thien123/ROS2WS/HWI/install/bkr_robot_interface/include/bkr_robot_interface/bkr_robot_interface/srv/detail/linear_move__struct.hpp
-- Installing: /home/thien123/ROS2WS/HWI/install/bkr_robot_interface/include/bkr_robot_interface/bkr_robot_interface/srv/detail/request_odrive__type_support.hpp
-- Installing: /home/thien123/ROS2WS/HWI/install/bkr_robot_interface/include/bkr_robot_interface/bkr_robot_interface/srv/detail/linear_move__type_support.hpp
-- Installing: /home/thien123/ROS2WS/HWI/install/bkr_robot_interface/include/bkr_robot_interface/bkr_robot_interface/srv/detail/linear_move__traits.hpp
-- Installing: /home/thien123/ROS2WS/HWI/install/bkr_robot_interface/include/bkr_robot_interface/bkr_robot_interface/srv/detail/request_odrive__traits.hpp
-- Up-to-date: /home/thien123/ROS2WS/HWI/install/bkr_robot_interface/include/bkr_robot_interface/bkr_robot_interface
-- Up-to-date: /home/thien123/ROS2WS/HWI/install/bkr_robot_interface/include/bkr_robot_interface/bkr_robot_interface/msg
-- Installing: /home/thien123/ROS2WS/HWI/install/bkr_robot_interface/include/bkr_robot_interface/bkr_robot_interface/msg/rosidl_typesupport_fastrtps_cpp__visibility_control.h
-- Up-to-date: /home/thien123/ROS2WS/HWI/install/bkr_robot_interface/include/bkr_robot_interface/bkr_robot_interface/msg/detail
-- Installing: /home/thien123/ROS2WS/HWI/install/bkr_robot_interface/include/bkr_robot_interface/bkr_robot_interface/msg/detail/msg_odrive__rosidl_typesupport_fastrtps_cpp.hpp
-- Installing: /home/thien123/ROS2WS/HWI/install/bkr_robot_interface/include/bkr_robot_interface/bkr_robot_interface/msg/detail/dds_fastrtps
-- Up-to-date: /home/thien123/ROS2WS/HWI/install/bkr_robot_interface/include/bkr_robot_interface/bkr_robot_interface/srv
-- Up-to-date: /home/thien123/ROS2WS/HWI/install/bkr_robot_interface/include/bkr_robot_interface/bkr_robot_interface/srv/detail
-- Installing: /home/thien123/ROS2WS/HWI/install/bkr_robot_interface/include/bkr_robot_interface/bkr_robot_interface/srv/detail/request_odrive__rosidl_typesupport_fastrtps_cpp.hpp
-- Installing: /home/thien123/ROS2WS/HWI/install/bkr_robot_interface/include/bkr_robot_interface/bkr_robot_interface/srv/detail/dds_fastrtps
-- Installing: /home/thien123/ROS2WS/HWI/install/bkr_robot_interface/include/bkr_robot_interface/bkr_robot_interface/srv/detail/linear_move__rosidl_typesupport_fastrtps_cpp.hpp
-- Installing: /home/thien123/ROS2WS/HWI/install/bkr_robot_interface/lib/libbkr_robot_interface__rosidl_typesupport_fastrtps_cpp.so
-- Set runtime path of "/home/thien123/ROS2WS/HWI/install/bkr_robot_interface/lib/libbkr_robot_interface__rosidl_typesupport_fastrtps_cpp.so" to ""
-- Up-to-date: /home/thien123/ROS2WS/HWI/install/bkr_robot_interface/include/bkr_robot_interface/bkr_robot_interface
-- Up-to-date: /home/thien123/ROS2WS/HWI/install/bkr_robot_interface/include/bkr_robot_interface/bkr_robot_interface/msg
-- Up-to-date: /home/thien123/ROS2WS/HWI/install/bkr_robot_interface/include/bkr_robot_interface/bkr_robot_interface/msg/detail
-- Installing: /home/thien123/ROS2WS/HWI/install/bkr_robot_interface/include/bkr_robot_interface/bkr_robot_interface/msg/detail/msg_odrive__rosidl_typesupport_introspection_cpp.hpp
-- Installing: /home/thien123/ROS2WS/HWI/install/bkr_robot_interface/include/bkr_robot_interface/bkr_robot_interface/msg/detail/msg_odrive__type_support.cpp
-- Up-to-date: /home/thien123/ROS2WS/HWI/install/bkr_robot_interface/include/bkr_robot_interface/bkr_robot_interface/srv
-- Up-to-date: /home/thien123/ROS2WS/HWI/install/bkr_robot_interface/include/bkr_robot_interface/bkr_robot_interface/srv/detail
-- Installing: /home/thien123/ROS2WS/HWI/install/bkr_robot_interface/include/bkr_robot_interface/bkr_robot_interface/srv/detail/linear_move__type_support.cpp
-- Installing: /home/thien123/ROS2WS/HWI/install/bkr_robot_interface/include/bkr_robot_interface/bkr_robot_interface/srv/detail/linear_move__rosidl_typesupport_introspection_cpp.hpp
-- Installing: /home/thien123/ROS2WS/HWI/install/bkr_robot_interface/include/bkr_robot_interface/bkr_robot_interface/srv/detail/request_odrive__type_support.cpp
-- Installing: /home/thien123/ROS2WS/HWI/install/bkr_robot_interface/include/bkr_robot_interface/bkr_robot_interface/srv/detail/request_odrive__rosidl_typesupport_introspection_cpp.hpp
-- Installing: /home/thien123/ROS2WS/HWI/install/bkr_robot_interface/lib/libbkr_robot_interface__rosidl_typesupport_introspection_cpp.so
-- Set runtime path of "/home/thien123/ROS2WS/HWI/install/bkr_robot_interface/lib/libbkr_robot_interface__rosidl_typesupport_introspection_cpp.so" to ""
-- Installing: /home/thien123/ROS2WS/HWI/install/bkr_robot_interface/lib/libbkr_robot_interface__rosidl_typesupport_cpp.so
-- Set runtime path of "/home/thien123/ROS2WS/HWI/install/bkr_robot_interface/lib/libbkr_robot_interface__rosidl_typesupport_cpp.so" to ""
-- Installing: /home/thien123/ROS2WS/HWI/install/bkr_robot_interface/share/bkr_robot_interface/environment/pythonpath.sh
-- Installing: /home/thien123/ROS2WS/HWI/install/bkr_robot_interface/share/bkr_robot_interface/environment/pythonpath.dsv
-- Installing: /home/thien123/ROS2WS/HWI/install/bkr_robot_interface/local/lib/python3.10/dist-packages/bkr_robot_interface-0.0.0-py3.10.egg-info
-- Installing: /home/thien123/ROS2WS/HWI/install/bkr_robot_interface/local/lib/python3.10/dist-packages/bkr_robot_interface-0.0.0-py3.10.egg-info/top_level.txt
-- Installing: /home/thien123/ROS2WS/HWI/install/bkr_robot_interface/local/lib/python3.10/dist-packages/bkr_robot_interface-0.0.0-py3.10.egg-info/dependency_links.txt
-- Installing: /home/thien123/ROS2WS/HWI/install/bkr_robot_interface/local/lib/python3.10/dist-packages/bkr_robot_interface-0.0.0-py3.10.egg-info/PKG-INFO
-- Installing: /home/thien123/ROS2WS/HWI/install/bkr_robot_interface/local/lib/python3.10/dist-packages/bkr_robot_interface-0.0.0-py3.10.egg-info/SOURCES.txt
-- Installing: /home/thien123/ROS2WS/HWI/install/bkr_robot_interface/local/lib/python3.10/dist-packages/bkr_robot_interface
-- Installing: /home/thien123/ROS2WS/HWI/install/bkr_robot_interface/local/lib/python3.10/dist-packages/bkr_robot_interface/_bkr_robot_interface_s.ep.rosidl_typesupport_c.c
-- Installing: /home/thien123/ROS2WS/HWI/install/bkr_robot_interface/local/lib/python3.10/dist-packages/bkr_robot_interface/bkr_robot_interface_s__rosidl_typesupport_introspection_c.cpython-310-x86_64-linux-gnu.so
-- Installing: /home/thien123/ROS2WS/HWI/install/bkr_robot_interface/local/lib/python3.10/dist-packages/bkr_robot_interface/_bkr_robot_interface_s.ep.rosidl_typesupport_introspection_c.c
-- Installing: /home/thien123/ROS2WS/HWI/install/bkr_robot_interface/local/lib/python3.10/dist-packages/bkr_robot_interface/msg
-- Installing: /home/thien123/ROS2WS/HWI/install/bkr_robot_interface/local/lib/python3.10/dist-packages/bkr_robot_interface/msg/_msg_odrive_s.c
-- Installing: /home/thien123/ROS2WS/HWI/install/bkr_robot_interface/local/lib/python3.10/dist-packages/bkr_robot_interface/msg/__init__.py
-- Installing: /home/thien123/ROS2WS/HWI/install/bkr_robot_interface/local/lib/python3.10/dist-packages/bkr_robot_interface/msg/_msg_odrive.py
-- Installing: /home/thien123/ROS2WS/HWI/install/bkr_robot_interface/local/lib/python3.10/dist-packages/bkr_robot_interface/_bkr_robot_interface_s.ep.rosidl_typesupport_fastrtps_c.c
-- Installing: /home/thien123/ROS2WS/HWI/install/bkr_robot_interface/local/lib/python3.10/dist-packages/bkr_robot_interface/bkr_robot_interface_s__rosidl_typesupport_fastrtps_c.cpython-310-x86_64-linux-gnu.so
-- Installing: /home/thien123/ROS2WS/HWI/install/bkr_robot_interface/local/lib/python3.10/dist-packages/bkr_robot_interface/bkr_robot_interface_s__rosidl_typesupport_c.cpython-310-x86_64-linux-gnu.so
-- Installing: /home/thien123/ROS2WS/HWI/install/bkr_robot_interface/local/lib/python3.10/dist-packages/bkr_robot_interface/srv
-- Installing: /home/thien123/ROS2WS/HWI/install/bkr_robot_interface/local/lib/python3.10/dist-packages/bkr_robot_interface/srv/_request_odrive.py
-- Installing: /home/thien123/ROS2WS/HWI/install/bkr_robot_interface/local/lib/python3.10/dist-packages/bkr_robot_interface/srv/_linear_move.py
-- Installing: /home/thien123/ROS2WS/HWI/install/bkr_robot_interface/local/lib/python3.10/dist-packages/bkr_robot_interface/srv/_request_odrive_s.c
-- Installing: /home/thien123/ROS2WS/HWI/install/bkr_robot_interface/local/lib/python3.10/dist-packages/bkr_robot_interface/srv/__init__.py
-- Installing: /home/thien123/ROS2WS/HWI/install/bkr_robot_interface/local/lib/python3.10/dist-packages/bkr_robot_interface/srv/_linear_move_s.c
-- Installing: /home/thien123/ROS2WS/HWI/install/bkr_robot_interface/local/lib/python3.10/dist-packages/bkr_robot_interface/libbkr_robot_interface__rosidl_generator_py.so
-- Installing: /home/thien123/ROS2WS/HWI/install/bkr_robot_interface/local/lib/python3.10/dist-packages/bkr_robot_interface/__init__.py
Listing '/home/thien123/ROS2WS/HWI/install/bkr_robot_interface/local/lib/python3.10/dist-packages/bkr_robot_interface'...
Compiling '/home/thien123/ROS2WS/HWI/install/bkr_robot_interface/local/lib/python3.10/dist-packages/bkr_robot_interface/__init__.py'...
Listing '/home/thien123/ROS2WS/HWI/install/bkr_robot_interface/local/lib/python3.10/dist-packages/bkr_robot_interface/msg'...
Compiling '/home/thien123/ROS2WS/HWI/install/bkr_robot_interface/local/lib/python3.10/dist-packages/bkr_robot_interface/msg/__init__.py'...
Compiling '/home/thien123/ROS2WS/HWI/install/bkr_robot_interface/local/lib/python3.10/dist-packages/bkr_robot_interface/msg/_msg_odrive.py'...
Listing '/home/thien123/ROS2WS/HWI/install/bkr_robot_interface/local/lib/python3.10/dist-packages/bkr_robot_interface/srv'...
Compiling '/home/thien123/ROS2WS/HWI/install/bkr_robot_interface/local/lib/python3.10/dist-packages/bkr_robot_interface/srv/__init__.py'...
Compiling '/home/thien123/ROS2WS/HWI/install/bkr_robot_interface/local/lib/python3.10/dist-packages/bkr_robot_interface/srv/_linear_move.py'...
Compiling '/home/thien123/ROS2WS/HWI/install/bkr_robot_interface/local/lib/python3.10/dist-packages/bkr_robot_interface/srv/_request_odrive.py'...
-- Installing: /home/thien123/ROS2WS/HWI/install/bkr_robot_interface/local/lib/python3.10/dist-packages/bkr_robot_interface/bkr_robot_interface_s__rosidl_typesupport_fastrtps_c.cpython-310-x86_64-linux-gnu.so
-- Set runtime path of "/home/thien123/ROS2WS/HWI/install/bkr_robot_interface/local/lib/python3.10/dist-packages/bkr_robot_interface/bkr_robot_interface_s__rosidl_typesupport_fastrtps_c.cpython-310-x86_64-linux-gnu.so" to ""
-- Installing: /home/thien123/ROS2WS/HWI/install/bkr_robot_interface/local/lib/python3.10/dist-packages/bkr_robot_interface/bkr_robot_interface_s__rosidl_typesupport_introspection_c.cpython-310-x86_64-linux-gnu.so
-- Set runtime path of "/home/thien123/ROS2WS/HWI/install/bkr_robot_interface/local/lib/python3.10/dist-packages/bkr_robot_interface/bkr_robot_interface_s__rosidl_typesupport_introspection_c.cpython-310-x86_64-linux-gnu.so" to ""
-- Installing: /home/thien123/ROS2WS/HWI/install/bkr_robot_interface/local/lib/python3.10/dist-packages/bkr_robot_interface/bkr_robot_interface_s__rosidl_typesupport_c.cpython-310-x86_64-linux-gnu.so
-- Set runtime path of "/home/thien123/ROS2WS/HWI/install/bkr_robot_interface/local/lib/python3.10/dist-packages/bkr_robot_interface/bkr_robot_interface_s__rosidl_typesupport_c.cpython-310-x86_64-linux-gnu.so" to ""
-- Installing: /home/thien123/ROS2WS/HWI/install/bkr_robot_interface/lib/libbkr_robot_interface__rosidl_generator_py.so
-- Set runtime path of "/home/thien123/ROS2WS/HWI/install/bkr_robot_interface/lib/libbkr_robot_interface__rosidl_generator_py.so" to ""
-- Installing: /home/thien123/ROS2WS/HWI/install/bkr_robot_interface/share/bkr_robot_interface/msg/MsgOdrive.idl
-- Installing: /home/thien123/ROS2WS/HWI/install/bkr_robot_interface/share/bkr_robot_interface/srv/LinearMove.idl
-- Installing: /home/thien123/ROS2WS/HWI/install/bkr_robot_interface/share/bkr_robot_interface/srv/RequestOdrive.idl
-- Installing: /home/thien123/ROS2WS/HWI/install/bkr_robot_interface/share/bkr_robot_interface/msg/MsgOdrive.msg
-- Installing: /home/thien123/ROS2WS/HWI/install/bkr_robot_interface/share/bkr_robot_interface/srv/LinearMove.srv
-- Installing: /home/thien123/ROS2WS/HWI/install/bkr_robot_interface/share/bkr_robot_interface/srv/LinearMove_Request.msg
-- Installing: /home/thien123/ROS2WS/HWI/install/bkr_robot_interface/share/bkr_robot_interface/srv/LinearMove_Response.msg
-- Installing: /home/thien123/ROS2WS/HWI/install/bkr_robot_interface/share/bkr_robot_interface/srv/RequestOdrive.srv
-- Installing: /home/thien123/ROS2WS/HWI/install/bkr_robot_interface/share/bkr_robot_interface/srv/RequestOdrive_Request.msg
-- Installing: /home/thien123/ROS2WS/HWI/install/bkr_robot_interface/share/bkr_robot_interface/srv/RequestOdrive_Response.msg
-- Installing: /home/thien123/ROS2WS/HWI/install/bkr_robot_interface/share/ament_index/resource_index/package_run_dependencies/bkr_robot_interface
-- Installing: /home/thien123/ROS2WS/HWI/install/bkr_robot_interface/share/ament_index/resource_index/parent_prefix_path/bkr_robot_interface
-- Installing: /home/thien123/ROS2WS/HWI/install/bkr_robot_interface/share/bkr_robot_interface/environment/ament_prefix_path.sh
-- Installing: /home/thien123/ROS2WS/HWI/install/bkr_robot_interface/share/bkr_robot_interface/environment/ament_prefix_path.dsv
-- Installing: /home/thien123/ROS2WS/HWI/install/bkr_robot_interface/share/bkr_robot_interface/environment/path.sh
-- Installing: /home/thien123/ROS2WS/HWI/install/bkr_robot_interface/share/bkr_robot_interface/environment/path.dsv
-- Installing: /home/thien123/ROS2WS/HWI/install/bkr_robot_interface/share/bkr_robot_interface/local_setup.bash
-- Installing: /home/thien123/ROS2WS/HWI/install/bkr_robot_interface/share/bkr_robot_interface/local_setup.sh
-- Installing: /home/thien123/ROS2WS/HWI/install/bkr_robot_interface/share/bkr_robot_interface/local_setup.zsh
-- Installing: /home/thien123/ROS2WS/HWI/install/bkr_robot_interface/share/bkr_robot_interface/local_setup.dsv
-- Installing: /home/thien123/ROS2WS/HWI/install/bkr_robot_interface/share/bkr_robot_interface/package.dsv
-- Installing: /home/thien123/ROS2WS/HWI/install/bkr_robot_interface/share/ament_index/resource_index/packages/bkr_robot_interface
-- Installing: /home/thien123/ROS2WS/HWI/install/bkr_robot_interface/share/bkr_robot_interface/cmake/export_bkr_robot_interface__rosidl_generator_cExport.cmake
-- Installing: /home/thien123/ROS2WS/HWI/install/bkr_robot_interface/share/bkr_robot_interface/cmake/export_bkr_robot_interface__rosidl_generator_cExport-noconfig.cmake
-- Installing: /home/thien123/ROS2WS/HWI/install/bkr_robot_interface/share/bkr_robot_interface/cmake/export_bkr_robot_interface__rosidl_typesupport_fastrtps_cExport.cmake
-- Installing: /home/thien123/ROS2WS/HWI/install/bkr_robot_interface/share/bkr_robot_interface/cmake/export_bkr_robot_interface__rosidl_typesupport_fastrtps_cExport-noconfig.cmake
-- Installing: /home/thien123/ROS2WS/HWI/install/bkr_robot_interface/share/bkr_robot_interface/cmake/bkr_robot_interface__rosidl_typesupport_introspection_cExport.cmake
-- Installing: /home/thien123/ROS2WS/HWI/install/bkr_robot_interface/share/bkr_robot_interface/cmake/bkr_robot_interface__rosidl_typesupport_introspection_cExport-noconfig.cmake
-- Installing: /home/thien123/ROS2WS/HWI/install/bkr_robot_interface/share/bkr_robot_interface/cmake/bkr_robot_interface__rosidl_typesupport_cExport.cmake
-- Installing: /home/thien123/ROS2WS/HWI/install/bkr_robot_interface/share/bkr_robot_interface/cmake/bkr_robot_interface__rosidl_typesupport_cExport-noconfig.cmake
-- Installing: /home/thien123/ROS2WS/HWI/install/bkr_robot_interface/share/bkr_robot_interface/cmake/export_bkr_robot_interface__rosidl_generator_cppExport.cmake
-- Installing: /home/thien123/ROS2WS/HWI/install/bkr_robot_interface/share/bkr_robot_interface/cmake/export_bkr_robot_interface__rosidl_typesupport_fastrtps_cppExport.cmake
-- Installing: /home/thien123/ROS2WS/HWI/install/bkr_robot_interface/share/bkr_robot_interface/cmake/export_bkr_robot_interface__rosidl_typesupport_fastrtps_cppExport-noconfig.cmake
-- Installing: /home/thien123/ROS2WS/HWI/install/bkr_robot_interface/share/bkr_robot_interface/cmake/bkr_robot_interface__rosidl_typesupport_introspection_cppExport.cmake
-- Installing: /home/thien123/ROS2WS/HWI/install/bkr_robot_interface/share/bkr_robot_interface/cmake/bkr_robot_interface__rosidl_typesupport_introspection_cppExport-noconfig.cmake
-- Installing: /home/thien123/ROS2WS/HWI/install/bkr_robot_interface/share/bkr_robot_interface/cmake/bkr_robot_interface__rosidl_typesupport_cppExport.cmake
-- Installing: /home/thien123/ROS2WS/HWI/install/bkr_robot_interface/share/bkr_robot_interface/cmake/bkr_robot_interface__rosidl_typesupport_cppExport-noconfig.cmake
-- Installing: /home/thien123/ROS2WS/HWI/install/bkr_robot_interface/share/bkr_robot_interface/cmake/export_bkr_robot_interface__rosidl_generator_pyExport.cmake
-- Installing: /home/thien123/ROS2WS/HWI/install/bkr_robot_interface/share/bkr_robot_interface/cmake/export_bkr_robot_interface__rosidl_generator_pyExport-noconfig.cmake
-- Installing: /home/thien123/ROS2WS/HWI/install/bkr_robot_interface/share/bkr_robot_interface/cmake/rosidl_cmake-extras.cmake
-- Installing: /home/thien123/ROS2WS/HWI/install/bkr_robot_interface/share/bkr_robot_interface/cmake/ament_cmake_export_include_directories-extras.cmake
-- Installing: /home/thien123/ROS2WS/HWI/install/bkr_robot_interface/share/bkr_robot_interface/cmake/ament_cmake_export_libraries-extras.cmake
-- Installing: /home/thien123/ROS2WS/HWI/install/bkr_robot_interface/share/bkr_robot_interface/cmake/ament_cmake_export_targets-extras.cmake
-- Installing: /home/thien123/ROS2WS/HWI/install/bkr_robot_interface/share/bkr_robot_interface/cmake/rosidl_cmake_export_typesupport_targets-extras.cmake
-- Installing: /home/thien123/ROS2WS/HWI/install/bkr_robot_interface/share/bkr_robot_interface/cmake/ament_cmake_export_dependencies-extras.cmake
-- Installing: /home/thien123/ROS2WS/HWI/install/bkr_robot_interface/share/bkr_robot_interface/cmake/rosidl_cmake_export_typesupport_libraries-extras.cmake
-- Installing: /home/thien123/ROS2WS/HWI/install/bkr_robot_interface/share/bkr_robot_interface/cmake/bkr_robot_interfaceConfig.cmake
-- Installing: /home/thien123/ROS2WS/HWI/install/bkr_robot_interface/share/bkr_robot_interface/cmake/bkr_robot_interfaceConfig-version.cmake
-- Installing: /home/thien123/ROS2WS/HWI/install/bkr_robot_interface/share/bkr_robot_interface/package.xml
