[0.010s] Invoking command in '/home/thien123/ROS2WS/HWI/build/bkr_robot_interface': CMAKE_PREFIX_PATH=${CMAKE_PREFIX_PATH}:/opt/ros/humble /usr/bin/cmake /home/thien123/ROS2WS/HWI/src/bkr_robot_interface -DCMAKE_INSTALL_PREFIX=/home/thien123/ROS2WS/HWI/install/bkr_robot_interface
[0.080s] -- The C compiler identification is GNU 11.4.0
[0.183s] -- The CXX compiler identification is GNU 11.4.0
[0.189s] -- Detecting C compiler ABI info
[0.248s] -- Detecting C compiler ABI info - done
[0.256s] -- Check for working C compiler: /usr/bin/cc - skipped
[0.256s] -- Detecting C compile features
[0.256s] -- Detecting C compile features - done
[0.259s] -- Detecting CXX compiler ABI info
[0.340s] -- Detecting CXX compiler ABI info - done
[0.348s] -- Check for working CXX compiler: /usr/bin/c++ - skipped
[0.348s] -- Detecting CXX compile features
[0.349s] -- Detecting CXX compile features - done
[0.350s] -- Found ament_cmake: 1.3.12 (/opt/ros/humble/share/ament_cmake/cmake)
[0.504s] -- Found Python3: /usr/bin/python3 (found version "3.10.12") found components: Interpreter 
[0.582s] -- Found rosidl_default_generators: 1.2.0 (/opt/ros/humble/share/rosidl_default_generators/cmake)
[0.585s] -- Using all available rosidl_typesupport_c: rosidl_typesupport_fastrtps_c;rosidl_typesupport_introspection_c
[0.590s] -- Found rosidl_adapter: 3.1.7 (/opt/ros/humble/share/rosidl_adapter/cmake)
[0.627s] -- Using all available rosidl_typesupport_cpp: rosidl_typesupport_fastrtps_cpp;rosidl_typesupport_introspection_cpp
[0.896s] -- Found ament_cmake_ros: 0.10.0 (/opt/ros/humble/share/ament_cmake_ros/cmake)
[1.067s] -- Using all available rosidl_typesupport_c: rosidl_typesupport_fastrtps_c;rosidl_typesupport_introspection_c
[1.291s] -- Using all available rosidl_typesupport_cpp: rosidl_typesupport_fastrtps_cpp;rosidl_typesupport_introspection_cpp
[1.314s] -- Found PythonInterp: /usr/bin/python3 (found suitable version "3.10.12", minimum required is "3.6") 
[1.315s] -- Found python_cmake_module: 0.10.0 (/opt/ros/humble/share/python_cmake_module/cmake)
[1.342s] -- Found PythonLibs: /usr/lib/x86_64-linux-gnu/libpython3.10.so (found suitable version "3.10.12", minimum required is "3.5") 
[1.342s] -- Using PYTHON_EXECUTABLE: /usr/bin/python3
[1.342s] -- Using PYTHON_INCLUDE_DIRS: /usr/include/python3.10
[1.342s] -- Using PYTHON_LIBRARIES: /usr/lib/x86_64-linux-gnu/libpython3.10.so
[1.362s] -- Found PythonExtra: .so  
[1.398s] -- Configuring done
[1.426s] -- Generating done
[1.436s] -- Build files have been written to: /home/thien123/ROS2WS/HWI/build/bkr_robot_interface
[1.442s] Invoked command in '/home/thien123/ROS2WS/HWI/build/bkr_robot_interface' returned '0': CMAKE_PREFIX_PATH=${CMAKE_PREFIX_PATH}:/opt/ros/humble /usr/bin/cmake /home/thien123/ROS2WS/HWI/src/bkr_robot_interface -DCMAKE_INSTALL_PREFIX=/home/thien123/ROS2WS/HWI/install/bkr_robot_interface
[1.444s] Invoking command in '/home/thien123/ROS2WS/HWI/build/bkr_robot_interface': CMAKE_PREFIX_PATH=${CMAKE_PREFIX_PATH}:/opt/ros/humble /usr/bin/cmake --build /home/thien123/ROS2WS/HWI/build/bkr_robot_interface -- -j16 -l16
[1.480s] [  2%] [34m[1mGenerating C code for ROS interfaces[0m
[1.489s] [  4%] [34m[1mGenerating C++ code for ROS interfaces[0m
[1.497s] [  4%] Built target ament_cmake_python_copy_bkr_robot_interface
[1.741s] running egg_info
[1.742s] creating bkr_robot_interface.egg-info
[1.742s] writing bkr_robot_interface.egg-info/PKG-INFO
[1.742s] writing dependency_links to bkr_robot_interface.egg-info/dependency_links.txt
[1.742s] writing top-level names to bkr_robot_interface.egg-info/top_level.txt
[1.742s] writing manifest file 'bkr_robot_interface.egg-info/SOURCES.txt'
[1.744s] reading manifest file 'bkr_robot_interface.egg-info/SOURCES.txt'
[1.744s] writing manifest file 'bkr_robot_interface.egg-info/SOURCES.txt'
[1.765s] [  4%] Built target ament_cmake_python_build_bkr_robot_interface_egg
[1.877s] [  4%] Built target bkr_robot_interface__cpp
[1.881s] [  6%] [32mBuilding C object CMakeFiles/bkr_robot_interface__rosidl_generator_c.dir/rosidl_generator_c/bkr_robot_interface/msg/detail/msg_odrive__functions.c.o[0m
[1.881s] [ 10%] [32mBuilding C object CMakeFiles/bkr_robot_interface__rosidl_generator_c.dir/rosidl_generator_c/bkr_robot_interface/srv/detail/request_odrive__functions.c.o[0m
[1.881s] [ 10%] [32mBuilding C object CMakeFiles/bkr_robot_interface__rosidl_generator_c.dir/rosidl_generator_c/bkr_robot_interface/srv/detail/linear_move__functions.c.o[0m
[1.886s] [ 14%] [34m[1mGenerating C++ type support dispatch for ROS interfaces[0m
[1.886s] [ 14%] [34m[1mGenerating C++ introspection for ROS interfaces[0m
[1.886s] [ 17%] [34m[1mGenerating C++ type support for eProsima Fast-RTPS[0m
[1.930s] [ 19%] [32m[1mLinking C shared library libbkr_robot_interface__rosidl_generator_c.so[0m
[1.962s] [ 19%] Built target bkr_robot_interface__rosidl_generator_c
[1.971s] [ 25%] [34m[1mGenerating C type support dispatch for ROS interfaces[0m
[1.971s] [ 25%] [34m[1mGenerating C type support for eProsima Fast-RTPS[0m
[1.971s] [ 25%] [34m[1mGenerating C introspection for ROS interfaces[0m
[2.166s] [ 31%] [32mBuilding CXX object CMakeFiles/bkr_robot_interface__rosidl_typesupport_cpp.dir/rosidl_typesupport_cpp/bkr_robot_interface/msg/msg_odrive__type_support.cpp.o[0m
[2.167s] [ 31%] [32mBuilding CXX object CMakeFiles/bkr_robot_interface__rosidl_typesupport_cpp.dir/rosidl_typesupport_cpp/bkr_robot_interface/srv/request_odrive__type_support.cpp.o[0m
[2.167s] [ 31%] [32mBuilding CXX object CMakeFiles/bkr_robot_interface__rosidl_typesupport_cpp.dir/rosidl_typesupport_cpp/bkr_robot_interface/srv/linear_move__type_support.cpp.o[0m
[2.203s] [ 34%] [32mBuilding CXX object CMakeFiles/bkr_robot_interface__rosidl_typesupport_introspection_cpp.dir/rosidl_typesupport_introspection_cpp/bkr_robot_interface/srv/detail/linear_move__type_support.cpp.o[0m
[2.205s] [ 36%] [32mBuilding CXX object CMakeFiles/bkr_robot_interface__rosidl_typesupport_introspection_cpp.dir/rosidl_typesupport_introspection_cpp/bkr_robot_interface/msg/detail/msg_odrive__type_support.cpp.o[0m
[2.206s] [ 38%] [32mBuilding CXX object CMakeFiles/bkr_robot_interface__rosidl_typesupport_introspection_cpp.dir/rosidl_typesupport_introspection_cpp/bkr_robot_interface/srv/detail/request_odrive__type_support.cpp.o[0m
[2.249s] [ 40%] [32mBuilding CXX object CMakeFiles/bkr_robot_interface__rosidl_typesupport_fastrtps_cpp.dir/rosidl_typesupport_fastrtps_cpp/bkr_robot_interface/srv/detail/dds_fastrtps/linear_move__type_support.cpp.o[0m
[2.249s] [ 42%] [32mBuilding CXX object CMakeFiles/bkr_robot_interface__rosidl_typesupport_fastrtps_cpp.dir/rosidl_typesupport_fastrtps_cpp/bkr_robot_interface/msg/detail/dds_fastrtps/msg_odrive__type_support.cpp.o[0m
[2.250s] [ 44%] [32mBuilding CXX object CMakeFiles/bkr_robot_interface__rosidl_typesupport_fastrtps_cpp.dir/rosidl_typesupport_fastrtps_cpp/bkr_robot_interface/srv/detail/dds_fastrtps/request_odrive__type_support.cpp.o[0m
[2.287s] [ 51%] [32mBuilding CXX object CMakeFiles/bkr_robot_interface__rosidl_typesupport_c.dir/rosidl_typesupport_c/bkr_robot_interface/srv/request_odrive__type_support.cpp.o[0m
[2.288s] [ 51%] [32mBuilding CXX object CMakeFiles/bkr_robot_interface__rosidl_typesupport_c.dir/rosidl_typesupport_c/bkr_robot_interface/srv/linear_move__type_support.cpp.o[0m
[2.288s] [ 51%] [32mBuilding CXX object CMakeFiles/bkr_robot_interface__rosidl_typesupport_c.dir/rosidl_typesupport_c/bkr_robot_interface/msg/msg_odrive__type_support.cpp.o[0m
[2.328s] [ 53%] [32m[1mLinking CXX shared library libbkr_robot_interface__rosidl_typesupport_c.so[0m
[2.347s] [ 55%] [32mBuilding CXX object CMakeFiles/bkr_robot_interface__rosidl_typesupport_fastrtps_c.dir/rosidl_typesupport_fastrtps_c/bkr_robot_interface/srv/detail/linear_move__type_support_c.cpp.o[0m
[2.347s] [ 59%] [32mBuilding CXX object CMakeFiles/bkr_robot_interface__rosidl_typesupport_fastrtps_c.dir/rosidl_typesupport_fastrtps_c/bkr_robot_interface/srv/detail/request_odrive__type_support_c.cpp.o[0m
[2.347s] [ 59%] [32mBuilding CXX object CMakeFiles/bkr_robot_interface__rosidl_typesupport_fastrtps_c.dir/rosidl_typesupport_fastrtps_c/bkr_robot_interface/msg/detail/msg_odrive__type_support_c.cpp.o[0m
[2.390s] [ 59%] Built target bkr_robot_interface__rosidl_typesupport_c
[2.401s] [ 63%] [32mBuilding C object CMakeFiles/bkr_robot_interface__rosidl_typesupport_introspection_c.dir/rosidl_typesupport_introspection_c/bkr_robot_interface/msg/detail/msg_odrive__type_support.c.o[0m
[2.401s] [ 63%] [32mBuilding C object CMakeFiles/bkr_robot_interface__rosidl_typesupport_introspection_c.dir/rosidl_typesupport_introspection_c/bkr_robot_interface/srv/detail/request_odrive__type_support.c.o[0m
[2.401s] [ 65%] [32mBuilding C object CMakeFiles/bkr_robot_interface__rosidl_typesupport_introspection_c.dir/rosidl_typesupport_introspection_c/bkr_robot_interface/srv/detail/linear_move__type_support.c.o[0m
[2.452s] [ 68%] [32m[1mLinking C shared library libbkr_robot_interface__rosidl_typesupport_introspection_c.so[0m
[2.490s] [ 68%] Built target bkr_robot_interface__rosidl_typesupport_introspection_c
[2.536s] [ 70%] [32m[1mLinking CXX shared library libbkr_robot_interface__rosidl_typesupport_cpp.so[0m
[2.577s] [ 70%] Built target bkr_robot_interface__rosidl_typesupport_cpp
[2.767s] [ 72%] [32m[1mLinking CXX shared library libbkr_robot_interface__rosidl_typesupport_introspection_cpp.so[0m
[2.790s] [ 74%] [32m[1mLinking CXX shared library libbkr_robot_interface__rosidl_typesupport_fastrtps_c.so[0m
[2.802s] [ 74%] Built target bkr_robot_interface__rosidl_typesupport_introspection_cpp
[2.830s] [ 76%] [32m[1mLinking CXX shared library libbkr_robot_interface__rosidl_typesupport_fastrtps_cpp.so[0m
[2.858s] [ 76%] Built target bkr_robot_interface__rosidl_typesupport_fastrtps_c
[2.894s] [ 76%] Built target bkr_robot_interface__rosidl_typesupport_fastrtps_cpp
[2.909s] [ 76%] Built target bkr_robot_interface
[2.928s] [ 78%] [34m[1mGenerating Python code for ROS interfaces[0m
[3.483s] [ 78%] Built target bkr_robot_interface__py
[3.498s] [ 82%] [32mBuilding C object CMakeFiles/bkr_robot_interface__rosidl_generator_py.dir/rosidl_generator_py/bkr_robot_interface/srv/_linear_move_s.c.o[0m
[3.498s] [ 82%] [32mBuilding C object CMakeFiles/bkr_robot_interface__rosidl_generator_py.dir/rosidl_generator_py/bkr_robot_interface/msg/_msg_odrive_s.c.o[0m
[3.498s] [ 85%] [32mBuilding C object CMakeFiles/bkr_robot_interface__rosidl_generator_py.dir/rosidl_generator_py/bkr_robot_interface/srv/_request_odrive_s.c.o[0m
[3.591s] [ 87%] [32m[1mLinking C shared library rosidl_generator_py/bkr_robot_interface/libbkr_robot_interface__rosidl_generator_py.so[0m
[3.623s] [ 87%] Built target bkr_robot_interface__rosidl_generator_py
[3.640s] [ 93%] [32mBuilding C object CMakeFiles/bkr_robot_interface__rosidl_typesupport_introspection_c__pyext.dir/rosidl_generator_py/bkr_robot_interface/_bkr_robot_interface_s.ep.rosidl_typesupport_introspection_c.c.o[0m
[3.641s] [ 93%] [32mBuilding C object CMakeFiles/bkr_robot_interface__rosidl_typesupport_c__pyext.dir/rosidl_generator_py/bkr_robot_interface/_bkr_robot_interface_s.ep.rosidl_typesupport_c.c.o[0m
[3.641s] [ 93%] [32mBuilding C object CMakeFiles/bkr_robot_interface__rosidl_typesupport_fastrtps_c__pyext.dir/rosidl_generator_py/bkr_robot_interface/_bkr_robot_interface_s.ep.rosidl_typesupport_fastrtps_c.c.o[0m
[3.731s] [ 95%] [32m[1mLinking C shared library rosidl_generator_py/bkr_robot_interface/bkr_robot_interface_s__rosidl_typesupport_c.cpython-310-x86_64-linux-gnu.so[0m
[3.731s] [ 97%] [32m[1mLinking C shared library rosidl_generator_py/bkr_robot_interface/bkr_robot_interface_s__rosidl_typesupport_introspection_c.cpython-310-x86_64-linux-gnu.so[0m
[3.735s] [100%] [32m[1mLinking C shared library rosidl_generator_py/bkr_robot_interface/bkr_robot_interface_s__rosidl_typesupport_fastrtps_c.cpython-310-x86_64-linux-gnu.so[0m
[3.759s] [100%] Built target bkr_robot_interface__rosidl_typesupport_c__pyext
[3.759s] [100%] Built target bkr_robot_interface__rosidl_typesupport_introspection_c__pyext
[3.762s] [100%] Built target bkr_robot_interface__rosidl_typesupport_fastrtps_c__pyext
[3.772s] Invoked command in '/home/thien123/ROS2WS/HWI/build/bkr_robot_interface' returned '0': CMAKE_PREFIX_PATH=${CMAKE_PREFIX_PATH}:/opt/ros/humble /usr/bin/cmake --build /home/thien123/ROS2WS/HWI/build/bkr_robot_interface -- -j16 -l16
[3.780s] Invoking command in '/home/thien123/ROS2WS/HWI/build/bkr_robot_interface': CMAKE_PREFIX_PATH=${CMAKE_PREFIX_PATH}:/opt/ros/humble /usr/bin/cmake --install /home/thien123/ROS2WS/HWI/build/bkr_robot_interface
[3.786s] -- Install configuration: ""
[3.786s] -- Installing: /home/thien123/ROS2WS/HWI/install/bkr_robot_interface/share/ament_index/resource_index/rosidl_interfaces/bkr_robot_interface
[3.786s] -- Installing: /home/thien123/ROS2WS/HWI/install/bkr_robot_interface/include/bkr_robot_interface/bkr_robot_interface
[3.786s] -- Installing: /home/thien123/ROS2WS/HWI/install/bkr_robot_interface/include/bkr_robot_interface/bkr_robot_interface/msg
[3.786s] -- Installing: /home/thien123/ROS2WS/HWI/install/bkr_robot_interface/include/bkr_robot_interface/bkr_robot_interface/msg/msg_odrive.h
[3.786s] -- Installing: /home/thien123/ROS2WS/HWI/install/bkr_robot_interface/include/bkr_robot_interface/bkr_robot_interface/msg/rosidl_generator_c__visibility_control.h
[3.786s] -- Installing: /home/thien123/ROS2WS/HWI/install/bkr_robot_interface/include/bkr_robot_interface/bkr_robot_interface/msg/detail
[3.786s] -- Installing: /home/thien123/ROS2WS/HWI/install/bkr_robot_interface/include/bkr_robot_interface/bkr_robot_interface/msg/detail/msg_odrive__functions.c
[3.787s] -- Installing: /home/thien123/ROS2WS/HWI/install/bkr_robot_interface/include/bkr_robot_interface/bkr_robot_interface/msg/detail/msg_odrive__functions.h
[3.787s] -- Installing: /home/thien123/ROS2WS/HWI/install/bkr_robot_interface/include/bkr_robot_interface/bkr_robot_interface/msg/detail/msg_odrive__struct.h
[3.787s] -- Installing: /home/thien123/ROS2WS/HWI/install/bkr_robot_interface/include/bkr_robot_interface/bkr_robot_interface/msg/detail/msg_odrive__type_support.h
[3.787s] -- Installing: /home/thien123/ROS2WS/HWI/install/bkr_robot_interface/include/bkr_robot_interface/bkr_robot_interface/srv
[3.787s] -- Installing: /home/thien123/ROS2WS/HWI/install/bkr_robot_interface/include/bkr_robot_interface/bkr_robot_interface/srv/request_odrive.h
[3.787s] -- Installing: /home/thien123/ROS2WS/HWI/install/bkr_robot_interface/include/bkr_robot_interface/bkr_robot_interface/srv/linear_move.h
[3.787s] -- Installing: /home/thien123/ROS2WS/HWI/install/bkr_robot_interface/include/bkr_robot_interface/bkr_robot_interface/srv/detail
[3.787s] -- Installing: /home/thien123/ROS2WS/HWI/install/bkr_robot_interface/include/bkr_robot_interface/bkr_robot_interface/srv/detail/request_odrive__struct.h
[3.787s] -- Installing: /home/thien123/ROS2WS/HWI/install/bkr_robot_interface/include/bkr_robot_interface/bkr_robot_interface/srv/detail/request_odrive__type_support.h
[3.787s] -- Installing: /home/thien123/ROS2WS/HWI/install/bkr_robot_interface/include/bkr_robot_interface/bkr_robot_interface/srv/detail/linear_move__functions.h
[3.787s] -- Installing: /home/thien123/ROS2WS/HWI/install/bkr_robot_interface/include/bkr_robot_interface/bkr_robot_interface/srv/detail/linear_move__type_support.h
[3.787s] -- Installing: /home/thien123/ROS2WS/HWI/install/bkr_robot_interface/include/bkr_robot_interface/bkr_robot_interface/srv/detail/request_odrive__functions.h
[3.787s] -- Installing: /home/thien123/ROS2WS/HWI/install/bkr_robot_interface/include/bkr_robot_interface/bkr_robot_interface/srv/detail/linear_move__struct.h
[3.787s] -- Installing: /home/thien123/ROS2WS/HWI/install/bkr_robot_interface/include/bkr_robot_interface/bkr_robot_interface/srv/detail/request_odrive__functions.c
[3.788s] -- Installing: /home/thien123/ROS2WS/HWI/install/bkr_robot_interface/include/bkr_robot_interface/bkr_robot_interface/srv/detail/linear_move__functions.c
[3.788s] -- Installing: /home/thien123/ROS2WS/HWI/install/bkr_robot_interface/share/bkr_robot_interface/environment/library_path.sh
[3.788s] -- Installing: /home/thien123/ROS2WS/HWI/install/bkr_robot_interface/share/bkr_robot_interface/environment/library_path.dsv
[3.788s] -- Installing: /home/thien123/ROS2WS/HWI/install/bkr_robot_interface/lib/libbkr_robot_interface__rosidl_generator_c.so
[3.788s] -- Set runtime path of "/home/thien123/ROS2WS/HWI/install/bkr_robot_interface/lib/libbkr_robot_interface__rosidl_generator_c.so" to ""
[3.788s] -- Up-to-date: /home/thien123/ROS2WS/HWI/install/bkr_robot_interface/include/bkr_robot_interface/bkr_robot_interface
[3.788s] -- Up-to-date: /home/thien123/ROS2WS/HWI/install/bkr_robot_interface/include/bkr_robot_interface/bkr_robot_interface/msg
[3.788s] -- Installing: /home/thien123/ROS2WS/HWI/install/bkr_robot_interface/include/bkr_robot_interface/bkr_robot_interface/msg/rosidl_typesupport_fastrtps_c__visibility_control.h
[3.788s] -- Up-to-date: /home/thien123/ROS2WS/HWI/install/bkr_robot_interface/include/bkr_robot_interface/bkr_robot_interface/msg/detail
[3.789s] -- Installing: /home/thien123/ROS2WS/HWI/install/bkr_robot_interface/include/bkr_robot_interface/bkr_robot_interface/msg/detail/msg_odrive__rosidl_typesupport_fastrtps_c.h
[3.789s] -- Up-to-date: /home/thien123/ROS2WS/HWI/install/bkr_robot_interface/include/bkr_robot_interface/bkr_robot_interface/srv
[3.789s] -- Up-to-date: /home/thien123/ROS2WS/HWI/install/bkr_robot_interface/include/bkr_robot_interface/bkr_robot_interface/srv/detail
[3.789s] -- Installing: /home/thien123/ROS2WS/HWI/install/bkr_robot_interface/include/bkr_robot_interface/bkr_robot_interface/srv/detail/linear_move__rosidl_typesupport_fastrtps_c.h
[3.789s] -- Installing: /home/thien123/ROS2WS/HWI/install/bkr_robot_interface/include/bkr_robot_interface/bkr_robot_interface/srv/detail/request_odrive__rosidl_typesupport_fastrtps_c.h
[3.789s] -- Installing: /home/thien123/ROS2WS/HWI/install/bkr_robot_interface/lib/libbkr_robot_interface__rosidl_typesupport_fastrtps_c.so
[3.789s] -- Set runtime path of "/home/thien123/ROS2WS/HWI/install/bkr_robot_interface/lib/libbkr_robot_interface__rosidl_typesupport_fastrtps_c.so" to ""
[3.789s] -- Up-to-date: /home/thien123/ROS2WS/HWI/install/bkr_robot_interface/include/bkr_robot_interface/bkr_robot_interface
[3.789s] -- Up-to-date: /home/thien123/ROS2WS/HWI/install/bkr_robot_interface/include/bkr_robot_interface/bkr_robot_interface/msg
[3.789s] -- Up-to-date: /home/thien123/ROS2WS/HWI/install/bkr_robot_interface/include/bkr_robot_interface/bkr_robot_interface/msg/detail
[3.789s] -- Installing: /home/thien123/ROS2WS/HWI/install/bkr_robot_interface/include/bkr_robot_interface/bkr_robot_interface/msg/detail/msg_odrive__rosidl_typesupport_introspection_c.h
[3.789s] -- Installing: /home/thien123/ROS2WS/HWI/install/bkr_robot_interface/include/bkr_robot_interface/bkr_robot_interface/msg/detail/msg_odrive__type_support.c
[3.789s] -- Installing: /home/thien123/ROS2WS/HWI/install/bkr_robot_interface/include/bkr_robot_interface/bkr_robot_interface/msg/rosidl_typesupport_introspection_c__visibility_control.h
[3.790s] -- Up-to-date: /home/thien123/ROS2WS/HWI/install/bkr_robot_interface/include/bkr_robot_interface/bkr_robot_interface/srv
[3.790s] -- Up-to-date: /home/thien123/ROS2WS/HWI/install/bkr_robot_interface/include/bkr_robot_interface/bkr_robot_interface/srv/detail
[3.790s] -- Installing: /home/thien123/ROS2WS/HWI/install/bkr_robot_interface/include/bkr_robot_interface/bkr_robot_interface/srv/detail/request_odrive__type_support.c
[3.790s] -- Installing: /home/thien123/ROS2WS/HWI/install/bkr_robot_interface/include/bkr_robot_interface/bkr_robot_interface/srv/detail/request_odrive__rosidl_typesupport_introspection_c.h
[3.790s] -- Installing: /home/thien123/ROS2WS/HWI/install/bkr_robot_interface/include/bkr_robot_interface/bkr_robot_interface/srv/detail/linear_move__rosidl_typesupport_introspection_c.h
[3.790s] -- Installing: /home/thien123/ROS2WS/HWI/install/bkr_robot_interface/include/bkr_robot_interface/bkr_robot_interface/srv/detail/linear_move__type_support.c
[3.790s] -- Installing: /home/thien123/ROS2WS/HWI/install/bkr_robot_interface/lib/libbkr_robot_interface__rosidl_typesupport_introspection_c.so
[3.790s] -- Set runtime path of "/home/thien123/ROS2WS/HWI/install/bkr_robot_interface/lib/libbkr_robot_interface__rosidl_typesupport_introspection_c.so" to ""
[3.790s] -- Installing: /home/thien123/ROS2WS/HWI/install/bkr_robot_interface/lib/libbkr_robot_interface__rosidl_typesupport_c.so
[3.790s] -- Set runtime path of "/home/thien123/ROS2WS/HWI/install/bkr_robot_interface/lib/libbkr_robot_interface__rosidl_typesupport_c.so" to ""
[3.790s] -- Up-to-date: /home/thien123/ROS2WS/HWI/install/bkr_robot_interface/include/bkr_robot_interface/bkr_robot_interface
[3.791s] -- Up-to-date: /home/thien123/ROS2WS/HWI/install/bkr_robot_interface/include/bkr_robot_interface/bkr_robot_interface/msg
[3.791s] -- Installing: /home/thien123/ROS2WS/HWI/install/bkr_robot_interface/include/bkr_robot_interface/bkr_robot_interface/msg/msg_odrive.hpp
[3.791s] -- Up-to-date: /home/thien123/ROS2WS/HWI/install/bkr_robot_interface/include/bkr_robot_interface/bkr_robot_interface/msg/detail
[3.791s] -- Installing: /home/thien123/ROS2WS/HWI/install/bkr_robot_interface/include/bkr_robot_interface/bkr_robot_interface/msg/detail/msg_odrive__struct.hpp
[3.791s] -- Installing: /home/thien123/ROS2WS/HWI/install/bkr_robot_interface/include/bkr_robot_interface/bkr_robot_interface/msg/detail/msg_odrive__traits.hpp
[3.791s] -- Installing: /home/thien123/ROS2WS/HWI/install/bkr_robot_interface/include/bkr_robot_interface/bkr_robot_interface/msg/detail/msg_odrive__type_support.hpp
[3.791s] -- Installing: /home/thien123/ROS2WS/HWI/install/bkr_robot_interface/include/bkr_robot_interface/bkr_robot_interface/msg/detail/msg_odrive__builder.hpp
[3.791s] -- Installing: /home/thien123/ROS2WS/HWI/install/bkr_robot_interface/include/bkr_robot_interface/bkr_robot_interface/msg/rosidl_generator_cpp__visibility_control.hpp
[3.791s] -- Up-to-date: /home/thien123/ROS2WS/HWI/install/bkr_robot_interface/include/bkr_robot_interface/bkr_robot_interface/srv
[3.791s] -- Installing: /home/thien123/ROS2WS/HWI/install/bkr_robot_interface/include/bkr_robot_interface/bkr_robot_interface/srv/linear_move.hpp
[3.791s] -- Installing: /home/thien123/ROS2WS/HWI/install/bkr_robot_interface/include/bkr_robot_interface/bkr_robot_interface/srv/request_odrive.hpp
[3.791s] -- Up-to-date: /home/thien123/ROS2WS/HWI/install/bkr_robot_interface/include/bkr_robot_interface/bkr_robot_interface/srv/detail
[3.791s] -- Installing: /home/thien123/ROS2WS/HWI/install/bkr_robot_interface/include/bkr_robot_interface/bkr_robot_interface/srv/detail/linear_move__builder.hpp
[3.791s] -- Installing: /home/thien123/ROS2WS/HWI/install/bkr_robot_interface/include/bkr_robot_interface/bkr_robot_interface/srv/detail/request_odrive__struct.hpp
[3.791s] -- Installing: /home/thien123/ROS2WS/HWI/install/bkr_robot_interface/include/bkr_robot_interface/bkr_robot_interface/srv/detail/request_odrive__builder.hpp
[3.792s] -- Installing: /home/thien123/ROS2WS/HWI/install/bkr_robot_interface/include/bkr_robot_interface/bkr_robot_interface/srv/detail/linear_move__struct.hpp
[3.792s] -- Installing: /home/thien123/ROS2WS/HWI/install/bkr_robot_interface/include/bkr_robot_interface/bkr_robot_interface/srv/detail/request_odrive__type_support.hpp
[3.792s] -- Installing: /home/thien123/ROS2WS/HWI/install/bkr_robot_interface/include/bkr_robot_interface/bkr_robot_interface/srv/detail/linear_move__type_support.hpp
[3.792s] -- Installing: /home/thien123/ROS2WS/HWI/install/bkr_robot_interface/include/bkr_robot_interface/bkr_robot_interface/srv/detail/linear_move__traits.hpp
[3.792s] -- Installing: /home/thien123/ROS2WS/HWI/install/bkr_robot_interface/include/bkr_robot_interface/bkr_robot_interface/srv/detail/request_odrive__traits.hpp
[3.792s] -- Up-to-date: /home/thien123/ROS2WS/HWI/install/bkr_robot_interface/include/bkr_robot_interface/bkr_robot_interface
[3.792s] -- Up-to-date: /home/thien123/ROS2WS/HWI/install/bkr_robot_interface/include/bkr_robot_interface/bkr_robot_interface/msg
[3.792s] -- Installing: /home/thien123/ROS2WS/HWI/install/bkr_robot_interface/include/bkr_robot_interface/bkr_robot_interface/msg/rosidl_typesupport_fastrtps_cpp__visibility_control.h
[3.792s] -- Up-to-date: /home/thien123/ROS2WS/HWI/install/bkr_robot_interface/include/bkr_robot_interface/bkr_robot_interface/msg/detail
[3.792s] -- Installing: /home/thien123/ROS2WS/HWI/install/bkr_robot_interface/include/bkr_robot_interface/bkr_robot_interface/msg/detail/msg_odrive__rosidl_typesupport_fastrtps_cpp.hpp
[3.792s] -- Installing: /home/thien123/ROS2WS/HWI/install/bkr_robot_interface/include/bkr_robot_interface/bkr_robot_interface/msg/detail/dds_fastrtps
[3.792s] -- Up-to-date: /home/thien123/ROS2WS/HWI/install/bkr_robot_interface/include/bkr_robot_interface/bkr_robot_interface/srv
[3.792s] -- Up-to-date: /home/thien123/ROS2WS/HWI/install/bkr_robot_interface/include/bkr_robot_interface/bkr_robot_interface/srv/detail
[3.792s] -- Installing: /home/thien123/ROS2WS/HWI/install/bkr_robot_interface/include/bkr_robot_interface/bkr_robot_interface/srv/detail/request_odrive__rosidl_typesupport_fastrtps_cpp.hpp
[3.793s] -- Installing: /home/thien123/ROS2WS/HWI/install/bkr_robot_interface/include/bkr_robot_interface/bkr_robot_interface/srv/detail/dds_fastrtps
[3.793s] -- Installing: /home/thien123/ROS2WS/HWI/install/bkr_robot_interface/include/bkr_robot_interface/bkr_robot_interface/srv/detail/linear_move__rosidl_typesupport_fastrtps_cpp.hpp
[3.793s] -- Installing: /home/thien123/ROS2WS/HWI/install/bkr_robot_interface/lib/libbkr_robot_interface__rosidl_typesupport_fastrtps_cpp.so
[3.793s] -- Set runtime path of "/home/thien123/ROS2WS/HWI/install/bkr_robot_interface/lib/libbkr_robot_interface__rosidl_typesupport_fastrtps_cpp.so" to ""
[3.793s] -- Up-to-date: /home/thien123/ROS2WS/HWI/install/bkr_robot_interface/include/bkr_robot_interface/bkr_robot_interface
[3.793s] -- Up-to-date: /home/thien123/ROS2WS/HWI/install/bkr_robot_interface/include/bkr_robot_interface/bkr_robot_interface/msg
[3.793s] -- Up-to-date: /home/thien123/ROS2WS/HWI/install/bkr_robot_interface/include/bkr_robot_interface/bkr_robot_interface/msg/detail
[3.793s] -- Installing: /home/thien123/ROS2WS/HWI/install/bkr_robot_interface/include/bkr_robot_interface/bkr_robot_interface/msg/detail/msg_odrive__rosidl_typesupport_introspection_cpp.hpp
[3.793s] -- Installing: /home/thien123/ROS2WS/HWI/install/bkr_robot_interface/include/bkr_robot_interface/bkr_robot_interface/msg/detail/msg_odrive__type_support.cpp
[3.793s] -- Up-to-date: /home/thien123/ROS2WS/HWI/install/bkr_robot_interface/include/bkr_robot_interface/bkr_robot_interface/srv
[3.793s] -- Up-to-date: /home/thien123/ROS2WS/HWI/install/bkr_robot_interface/include/bkr_robot_interface/bkr_robot_interface/srv/detail
[3.793s] -- Installing: /home/thien123/ROS2WS/HWI/install/bkr_robot_interface/include/bkr_robot_interface/bkr_robot_interface/srv/detail/linear_move__type_support.cpp
[3.793s] -- Installing: /home/thien123/ROS2WS/HWI/install/bkr_robot_interface/include/bkr_robot_interface/bkr_robot_interface/srv/detail/linear_move__rosidl_typesupport_introspection_cpp.hpp
[3.793s] -- Installing: /home/thien123/ROS2WS/HWI/install/bkr_robot_interface/include/bkr_robot_interface/bkr_robot_interface/srv/detail/request_odrive__type_support.cpp
[3.793s] -- Installing: /home/thien123/ROS2WS/HWI/install/bkr_robot_interface/include/bkr_robot_interface/bkr_robot_interface/srv/detail/request_odrive__rosidl_typesupport_introspection_cpp.hpp
[3.794s] -- Installing: /home/thien123/ROS2WS/HWI/install/bkr_robot_interface/lib/libbkr_robot_interface__rosidl_typesupport_introspection_cpp.so
[3.794s] -- Set runtime path of "/home/thien123/ROS2WS/HWI/install/bkr_robot_interface/lib/libbkr_robot_interface__rosidl_typesupport_introspection_cpp.so" to ""
[3.794s] -- Installing: /home/thien123/ROS2WS/HWI/install/bkr_robot_interface/lib/libbkr_robot_interface__rosidl_typesupport_cpp.so
[3.794s] -- Set runtime path of "/home/thien123/ROS2WS/HWI/install/bkr_robot_interface/lib/libbkr_robot_interface__rosidl_typesupport_cpp.so" to ""
[3.794s] -- Installing: /home/thien123/ROS2WS/HWI/install/bkr_robot_interface/share/bkr_robot_interface/environment/pythonpath.sh
[3.794s] -- Installing: /home/thien123/ROS2WS/HWI/install/bkr_robot_interface/share/bkr_robot_interface/environment/pythonpath.dsv
[3.794s] -- Installing: /home/thien123/ROS2WS/HWI/install/bkr_robot_interface/local/lib/python3.10/dist-packages/bkr_robot_interface-0.0.0-py3.10.egg-info
[3.794s] -- Installing: /home/thien123/ROS2WS/HWI/install/bkr_robot_interface/local/lib/python3.10/dist-packages/bkr_robot_interface-0.0.0-py3.10.egg-info/top_level.txt
[3.794s] -- Installing: /home/thien123/ROS2WS/HWI/install/bkr_robot_interface/local/lib/python3.10/dist-packages/bkr_robot_interface-0.0.0-py3.10.egg-info/dependency_links.txt
[3.794s] -- Installing: /home/thien123/ROS2WS/HWI/install/bkr_robot_interface/local/lib/python3.10/dist-packages/bkr_robot_interface-0.0.0-py3.10.egg-info/PKG-INFO
[3.795s] -- Installing: /home/thien123/ROS2WS/HWI/install/bkr_robot_interface/local/lib/python3.10/dist-packages/bkr_robot_interface-0.0.0-py3.10.egg-info/SOURCES.txt
[3.795s] -- Installing: /home/thien123/ROS2WS/HWI/install/bkr_robot_interface/local/lib/python3.10/dist-packages/bkr_robot_interface
[3.795s] -- Installing: /home/thien123/ROS2WS/HWI/install/bkr_robot_interface/local/lib/python3.10/dist-packages/bkr_robot_interface/_bkr_robot_interface_s.ep.rosidl_typesupport_c.c
[3.795s] -- Installing: /home/thien123/ROS2WS/HWI/install/bkr_robot_interface/local/lib/python3.10/dist-packages/bkr_robot_interface/bkr_robot_interface_s__rosidl_typesupport_introspection_c.cpython-310-x86_64-linux-gnu.so
[3.795s] -- Installing: /home/thien123/ROS2WS/HWI/install/bkr_robot_interface/local/lib/python3.10/dist-packages/bkr_robot_interface/_bkr_robot_interface_s.ep.rosidl_typesupport_introspection_c.c
[3.795s] -- Installing: /home/thien123/ROS2WS/HWI/install/bkr_robot_interface/local/lib/python3.10/dist-packages/bkr_robot_interface/msg
[3.795s] -- Installing: /home/thien123/ROS2WS/HWI/install/bkr_robot_interface/local/lib/python3.10/dist-packages/bkr_robot_interface/msg/_msg_odrive_s.c
[3.795s] -- Installing: /home/thien123/ROS2WS/HWI/install/bkr_robot_interface/local/lib/python3.10/dist-packages/bkr_robot_interface/msg/__init__.py
[3.795s] -- Installing: /home/thien123/ROS2WS/HWI/install/bkr_robot_interface/local/lib/python3.10/dist-packages/bkr_robot_interface/msg/_msg_odrive.py
[3.795s] -- Installing: /home/thien123/ROS2WS/HWI/install/bkr_robot_interface/local/lib/python3.10/dist-packages/bkr_robot_interface/_bkr_robot_interface_s.ep.rosidl_typesupport_fastrtps_c.c
[3.795s] -- Installing: /home/thien123/ROS2WS/HWI/install/bkr_robot_interface/local/lib/python3.10/dist-packages/bkr_robot_interface/bkr_robot_interface_s__rosidl_typesupport_fastrtps_c.cpython-310-x86_64-linux-gnu.so
[3.795s] -- Installing: /home/thien123/ROS2WS/HWI/install/bkr_robot_interface/local/lib/python3.10/dist-packages/bkr_robot_interface/bkr_robot_interface_s__rosidl_typesupport_c.cpython-310-x86_64-linux-gnu.so
[3.796s] -- Installing: /home/thien123/ROS2WS/HWI/install/bkr_robot_interface/local/lib/python3.10/dist-packages/bkr_robot_interface/srv
[3.796s] -- Installing: /home/thien123/ROS2WS/HWI/install/bkr_robot_interface/local/lib/python3.10/dist-packages/bkr_robot_interface/srv/_request_odrive.py
[3.796s] -- Installing: /home/thien123/ROS2WS/HWI/install/bkr_robot_interface/local/lib/python3.10/dist-packages/bkr_robot_interface/srv/_linear_move.py
[3.796s] -- Installing: /home/thien123/ROS2WS/HWI/install/bkr_robot_interface/local/lib/python3.10/dist-packages/bkr_robot_interface/srv/_request_odrive_s.c
[3.796s] -- Installing: /home/thien123/ROS2WS/HWI/install/bkr_robot_interface/local/lib/python3.10/dist-packages/bkr_robot_interface/srv/__init__.py
[3.796s] -- Installing: /home/thien123/ROS2WS/HWI/install/bkr_robot_interface/local/lib/python3.10/dist-packages/bkr_robot_interface/srv/_linear_move_s.c
[3.796s] -- Installing: /home/thien123/ROS2WS/HWI/install/bkr_robot_interface/local/lib/python3.10/dist-packages/bkr_robot_interface/libbkr_robot_interface__rosidl_generator_py.so
[3.796s] -- Installing: /home/thien123/ROS2WS/HWI/install/bkr_robot_interface/local/lib/python3.10/dist-packages/bkr_robot_interface/__init__.py
[3.831s] Listing '/home/thien123/ROS2WS/HWI/install/bkr_robot_interface/local/lib/python3.10/dist-packages/bkr_robot_interface'...
[3.831s] Compiling '/home/thien123/ROS2WS/HWI/install/bkr_robot_interface/local/lib/python3.10/dist-packages/bkr_robot_interface/__init__.py'...
[3.831s] Listing '/home/thien123/ROS2WS/HWI/install/bkr_robot_interface/local/lib/python3.10/dist-packages/bkr_robot_interface/msg'...
[3.831s] Compiling '/home/thien123/ROS2WS/HWI/install/bkr_robot_interface/local/lib/python3.10/dist-packages/bkr_robot_interface/msg/__init__.py'...
[3.831s] Compiling '/home/thien123/ROS2WS/HWI/install/bkr_robot_interface/local/lib/python3.10/dist-packages/bkr_robot_interface/msg/_msg_odrive.py'...
[3.831s] Listing '/home/thien123/ROS2WS/HWI/install/bkr_robot_interface/local/lib/python3.10/dist-packages/bkr_robot_interface/srv'...
[3.831s] Compiling '/home/thien123/ROS2WS/HWI/install/bkr_robot_interface/local/lib/python3.10/dist-packages/bkr_robot_interface/srv/__init__.py'...
[3.831s] Compiling '/home/thien123/ROS2WS/HWI/install/bkr_robot_interface/local/lib/python3.10/dist-packages/bkr_robot_interface/srv/_linear_move.py'...
[3.832s] Compiling '/home/thien123/ROS2WS/HWI/install/bkr_robot_interface/local/lib/python3.10/dist-packages/bkr_robot_interface/srv/_request_odrive.py'...
[3.835s] -- Installing: /home/thien123/ROS2WS/HWI/install/bkr_robot_interface/local/lib/python3.10/dist-packages/bkr_robot_interface/bkr_robot_interface_s__rosidl_typesupport_fastrtps_c.cpython-310-x86_64-linux-gnu.so
[3.835s] -- Set runtime path of "/home/thien123/ROS2WS/HWI/install/bkr_robot_interface/local/lib/python3.10/dist-packages/bkr_robot_interface/bkr_robot_interface_s__rosidl_typesupport_fastrtps_c.cpython-310-x86_64-linux-gnu.so" to ""
[3.836s] -- Installing: /home/thien123/ROS2WS/HWI/install/bkr_robot_interface/local/lib/python3.10/dist-packages/bkr_robot_interface/bkr_robot_interface_s__rosidl_typesupport_introspection_c.cpython-310-x86_64-linux-gnu.so
[3.836s] -- Set runtime path of "/home/thien123/ROS2WS/HWI/install/bkr_robot_interface/local/lib/python3.10/dist-packages/bkr_robot_interface/bkr_robot_interface_s__rosidl_typesupport_introspection_c.cpython-310-x86_64-linux-gnu.so" to ""
[3.836s] -- Installing: /home/thien123/ROS2WS/HWI/install/bkr_robot_interface/local/lib/python3.10/dist-packages/bkr_robot_interface/bkr_robot_interface_s__rosidl_typesupport_c.cpython-310-x86_64-linux-gnu.so
[3.836s] -- Set runtime path of "/home/thien123/ROS2WS/HWI/install/bkr_robot_interface/local/lib/python3.10/dist-packages/bkr_robot_interface/bkr_robot_interface_s__rosidl_typesupport_c.cpython-310-x86_64-linux-gnu.so" to ""
[3.836s] -- Installing: /home/thien123/ROS2WS/HWI/install/bkr_robot_interface/lib/libbkr_robot_interface__rosidl_generator_py.so
[3.836s] -- Set runtime path of "/home/thien123/ROS2WS/HWI/install/bkr_robot_interface/lib/libbkr_robot_interface__rosidl_generator_py.so" to ""
[3.837s] -- Installing: /home/thien123/ROS2WS/HWI/install/bkr_robot_interface/share/bkr_robot_interface/msg/MsgOdrive.idl
[3.837s] -- Installing: /home/thien123/ROS2WS/HWI/install/bkr_robot_interface/share/bkr_robot_interface/srv/LinearMove.idl
[3.837s] -- Installing: /home/thien123/ROS2WS/HWI/install/bkr_robot_interface/share/bkr_robot_interface/srv/RequestOdrive.idl
[3.837s] -- Installing: /home/thien123/ROS2WS/HWI/install/bkr_robot_interface/share/bkr_robot_interface/msg/MsgOdrive.msg
[3.837s] -- Installing: /home/thien123/ROS2WS/HWI/install/bkr_robot_interface/share/bkr_robot_interface/srv/LinearMove.srv
[3.837s] -- Installing: /home/thien123/ROS2WS/HWI/install/bkr_robot_interface/share/bkr_robot_interface/srv/LinearMove_Request.msg
[3.837s] -- Installing: /home/thien123/ROS2WS/HWI/install/bkr_robot_interface/share/bkr_robot_interface/srv/LinearMove_Response.msg
[3.837s] -- Installing: /home/thien123/ROS2WS/HWI/install/bkr_robot_interface/share/bkr_robot_interface/srv/RequestOdrive.srv
[3.837s] -- Installing: /home/thien123/ROS2WS/HWI/install/bkr_robot_interface/share/bkr_robot_interface/srv/RequestOdrive_Request.msg
[3.838s] -- Installing: /home/thien123/ROS2WS/HWI/install/bkr_robot_interface/share/bkr_robot_interface/srv/RequestOdrive_Response.msg
[3.838s] -- Installing: /home/thien123/ROS2WS/HWI/install/bkr_robot_interface/share/ament_index/resource_index/package_run_dependencies/bkr_robot_interface
[3.838s] -- Installing: /home/thien123/ROS2WS/HWI/install/bkr_robot_interface/share/ament_index/resource_index/parent_prefix_path/bkr_robot_interface
[3.838s] -- Installing: /home/thien123/ROS2WS/HWI/install/bkr_robot_interface/share/bkr_robot_interface/environment/ament_prefix_path.sh
[3.838s] -- Installing: /home/thien123/ROS2WS/HWI/install/bkr_robot_interface/share/bkr_robot_interface/environment/ament_prefix_path.dsv
[3.838s] -- Installing: /home/thien123/ROS2WS/HWI/install/bkr_robot_interface/share/bkr_robot_interface/environment/path.sh
[3.838s] -- Installing: /home/thien123/ROS2WS/HWI/install/bkr_robot_interface/share/bkr_robot_interface/environment/path.dsv
[3.838s] -- Installing: /home/thien123/ROS2WS/HWI/install/bkr_robot_interface/share/bkr_robot_interface/local_setup.bash
[3.838s] -- Installing: /home/thien123/ROS2WS/HWI/install/bkr_robot_interface/share/bkr_robot_interface/local_setup.sh
[3.839s] -- Installing: /home/thien123/ROS2WS/HWI/install/bkr_robot_interface/share/bkr_robot_interface/local_setup.zsh
[3.839s] -- Installing: /home/thien123/ROS2WS/HWI/install/bkr_robot_interface/share/bkr_robot_interface/local_setup.dsv
[3.839s] -- Installing: /home/thien123/ROS2WS/HWI/install/bkr_robot_interface/share/bkr_robot_interface/package.dsv
[3.839s] -- Installing: /home/thien123/ROS2WS/HWI/install/bkr_robot_interface/share/ament_index/resource_index/packages/bkr_robot_interface
[3.839s] -- Installing: /home/thien123/ROS2WS/HWI/install/bkr_robot_interface/share/bkr_robot_interface/cmake/export_bkr_robot_interface__rosidl_generator_cExport.cmake
[3.839s] -- Installing: /home/thien123/ROS2WS/HWI/install/bkr_robot_interface/share/bkr_robot_interface/cmake/export_bkr_robot_interface__rosidl_generator_cExport-noconfig.cmake
[3.839s] -- Installing: /home/thien123/ROS2WS/HWI/install/bkr_robot_interface/share/bkr_robot_interface/cmake/export_bkr_robot_interface__rosidl_typesupport_fastrtps_cExport.cmake
[3.839s] -- Installing: /home/thien123/ROS2WS/HWI/install/bkr_robot_interface/share/bkr_robot_interface/cmake/export_bkr_robot_interface__rosidl_typesupport_fastrtps_cExport-noconfig.cmake
[3.840s] -- Installing: /home/thien123/ROS2WS/HWI/install/bkr_robot_interface/share/bkr_robot_interface/cmake/bkr_robot_interface__rosidl_typesupport_introspection_cExport.cmake
[3.840s] -- Installing: /home/thien123/ROS2WS/HWI/install/bkr_robot_interface/share/bkr_robot_interface/cmake/bkr_robot_interface__rosidl_typesupport_introspection_cExport-noconfig.cmake
[3.840s] -- Installing: /home/thien123/ROS2WS/HWI/install/bkr_robot_interface/share/bkr_robot_interface/cmake/bkr_robot_interface__rosidl_typesupport_cExport.cmake
[3.840s] -- Installing: /home/thien123/ROS2WS/HWI/install/bkr_robot_interface/share/bkr_robot_interface/cmake/bkr_robot_interface__rosidl_typesupport_cExport-noconfig.cmake
[3.840s] -- Installing: /home/thien123/ROS2WS/HWI/install/bkr_robot_interface/share/bkr_robot_interface/cmake/export_bkr_robot_interface__rosidl_generator_cppExport.cmake
[3.840s] -- Installing: /home/thien123/ROS2WS/HWI/install/bkr_robot_interface/share/bkr_robot_interface/cmake/export_bkr_robot_interface__rosidl_typesupport_fastrtps_cppExport.cmake
[3.840s] -- Installing: /home/thien123/ROS2WS/HWI/install/bkr_robot_interface/share/bkr_robot_interface/cmake/export_bkr_robot_interface__rosidl_typesupport_fastrtps_cppExport-noconfig.cmake
[3.840s] -- Installing: /home/thien123/ROS2WS/HWI/install/bkr_robot_interface/share/bkr_robot_interface/cmake/bkr_robot_interface__rosidl_typesupport_introspection_cppExport.cmake
[3.840s] -- Installing: /home/thien123/ROS2WS/HWI/install/bkr_robot_interface/share/bkr_robot_interface/cmake/bkr_robot_interface__rosidl_typesupport_introspection_cppExport-noconfig.cmake
[3.841s] -- Installing: /home/thien123/ROS2WS/HWI/install/bkr_robot_interface/share/bkr_robot_interface/cmake/bkr_robot_interface__rosidl_typesupport_cppExport.cmake
[3.841s] -- Installing: /home/thien123/ROS2WS/HWI/install/bkr_robot_interface/share/bkr_robot_interface/cmake/bkr_robot_interface__rosidl_typesupport_cppExport-noconfig.cmake
[3.841s] -- Installing: /home/thien123/ROS2WS/HWI/install/bkr_robot_interface/share/bkr_robot_interface/cmake/export_bkr_robot_interface__rosidl_generator_pyExport.cmake
[3.841s] -- Installing: /home/thien123/ROS2WS/HWI/install/bkr_robot_interface/share/bkr_robot_interface/cmake/export_bkr_robot_interface__rosidl_generator_pyExport-noconfig.cmake
[3.841s] -- Installing: /home/thien123/ROS2WS/HWI/install/bkr_robot_interface/share/bkr_robot_interface/cmake/rosidl_cmake-extras.cmake
[3.841s] -- Installing: /home/thien123/ROS2WS/HWI/install/bkr_robot_interface/share/bkr_robot_interface/cmake/ament_cmake_export_include_directories-extras.cmake
[3.841s] -- Installing: /home/thien123/ROS2WS/HWI/install/bkr_robot_interface/share/bkr_robot_interface/cmake/ament_cmake_export_libraries-extras.cmake
[3.841s] -- Installing: /home/thien123/ROS2WS/HWI/install/bkr_robot_interface/share/bkr_robot_interface/cmake/ament_cmake_export_targets-extras.cmake
[3.841s] -- Installing: /home/thien123/ROS2WS/HWI/install/bkr_robot_interface/share/bkr_robot_interface/cmake/rosidl_cmake_export_typesupport_targets-extras.cmake
[3.842s] -- Installing: /home/thien123/ROS2WS/HWI/install/bkr_robot_interface/share/bkr_robot_interface/cmake/ament_cmake_export_dependencies-extras.cmake
[3.842s] -- Installing: /home/thien123/ROS2WS/HWI/install/bkr_robot_interface/share/bkr_robot_interface/cmake/rosidl_cmake_export_typesupport_libraries-extras.cmake
[3.842s] -- Installing: /home/thien123/ROS2WS/HWI/install/bkr_robot_interface/share/bkr_robot_interface/cmake/bkr_robot_interfaceConfig.cmake
[3.842s] -- Installing: /home/thien123/ROS2WS/HWI/install/bkr_robot_interface/share/bkr_robot_interface/cmake/bkr_robot_interfaceConfig-version.cmake
[3.842s] -- Installing: /home/thien123/ROS2WS/HWI/install/bkr_robot_interface/share/bkr_robot_interface/package.xml
[3.844s] Invoked command in '/home/thien123/ROS2WS/HWI/build/bkr_robot_interface' returned '0': CMAKE_PREFIX_PATH=${CMAKE_PREFIX_PATH}:/opt/ros/humble /usr/bin/cmake --install /home/thien123/ROS2WS/HWI/build/bkr_robot_interface
